March 16th 2020, 12:29:22 pm '[INFO]': server is running in port 3000
March 16th 2020, 12:29:22 pm '[INFO]': GET / 304 

March 16th 2020, 1:13:23 pm '[ERROR]': uncaughtException: Cannot find module '../models/user'
Require stack:
- C:\Users\Dell\WebstormProjects\connect_sequelize\db\index.js
- C:\Users\Dell\WebstormProjects\connect_sequelize\app.js
Error: Cannot find module '../models/user'
Require stack:
- C:\Users\Dell\WebstormProjects\connect_sequelize\db\index.js
- C:\Users\Dell\WebstormProjects\connect_sequelize\app.js
    at Function.Module._resolveFilename (internal/modules/cjs/loader.js:625:15)
    at Function.Module._load (internal/modules/cjs/loader.js:527:27)
    at Module.require (internal/modules/cjs/loader.js:683:19)
    at require (internal/modules/cjs/helpers.js:16:16)
    at Object.<anonymous> (C:\Users\Dell\WebstormProjects\connect_sequelize\db\index.js:3:13)
    at Module._compile (internal/modules/cjs/loader.js:777:30)
    at Object.Module._extensions..js (internal/modules/cjs/loader.js:788:10)
    at Module.load (internal/modules/cjs/loader.js:643:32)
    at Function.Module._load (internal/modules/cjs/loader.js:556:12)
    at Module.require (internal/modules/cjs/loader.js:683:19)
    at require (internal/modules/cjs/helpers.js:16:16)
    at Object.<anonymous> (C:\Users\Dell\WebstormProjects\connect_sequelize\app.js:4:1)
    at Module._compile (internal/modules/cjs/loader.js:777:30)
    at Object.Module._extensions..js (internal/modules/cjs/loader.js:788:10)
    at Module.load (internal/modules/cjs/loader.js:643:32)
    at Function.Module._load (internal/modules/cjs/loader.js:556:12)
    at Function.Module.runMain (internal/modules/cjs/loader.js:840:10)
    at internal/main/run_main_module.js:17:11
March 16th 2020, 1:13:30 pm '[ERROR]': uncaughtException: Cannot find module '../models/user'
Require stack:
- C:\Users\Dell\WebstormProjects\connect_sequelize\db\index.js
- C:\Users\Dell\WebstormProjects\connect_sequelize\app.js
Error: Cannot find module '../models/user'
Require stack:
- C:\Users\Dell\WebstormProjects\connect_sequelize\db\index.js
- C:\Users\Dell\WebstormProjects\connect_sequelize\app.js
    at Function.Module._resolveFilename (internal/modules/cjs/loader.js:625:15)
    at Function.Module._load (internal/modules/cjs/loader.js:527:27)
    at Module.require (internal/modules/cjs/loader.js:683:19)
    at require (internal/modules/cjs/helpers.js:16:16)
    at Object.<anonymous> (C:\Users\Dell\WebstormProjects\connect_sequelize\db\index.js:3:13)
    at Module._compile (internal/modules/cjs/loader.js:777:30)
    at Object.Module._extensions..js (internal/modules/cjs/loader.js:788:10)
    at Module.load (internal/modules/cjs/loader.js:643:32)
    at Function.Module._load (internal/modules/cjs/loader.js:556:12)
    at Module.require (internal/modules/cjs/loader.js:683:19)
    at require (internal/modules/cjs/helpers.js:16:16)
    at Object.<anonymous> (C:\Users\Dell\WebstormProjects\connect_sequelize\app.js:4:1)
    at Module._compile (internal/modules/cjs/loader.js:777:30)
    at Object.Module._extensions..js (internal/modules/cjs/loader.js:788:10)
    at Module.load (internal/modules/cjs/loader.js:643:32)
    at Function.Module._load (internal/modules/cjs/loader.js:556:12)
    at Function.Module.runMain (internal/modules/cjs/loader.js:840:10)
    at internal/main/run_main_module.js:17:11
March 16th 2020, 1:14:35 pm '[INFO]': server is running in port 3000
March 16th 2020, 1:14:35 pm '[INFO]': GET / 304 

March 16th 2020, 1:17:30 pm '[INFO]': server is running in port 3000
March 16th 2020, 2:09:28 pm '[INFO]': server is running in port 3000
March 16th 2020, 2:09:28 pm '[INFO]': GET / 304 

March 16th 2020, 2:11:09 pm '[INFO]': server is running in port 3000
March 16th 2020, 2:11:09 pm '[INFO]': POST / 500 

March 16th 2020, 2:15:16 pm '[INFO]': () =>{
    return db.sequelize.define('Users' , {
        id : {
            type : db.Sequelize.INTEGER,
            primaryKey : true,
            autoIncrement : true,
            field : 'id'
        },
        username : {
            type : db.Sequelize.STRING(45),
            allowNull : true,
            unique : true,
            field  : "username"
        },
        password : {
            type : db.Sequelize.STRING(45),
            allowNull : true,
            field : "password"
        },
        email : {
            type : db.Sequelize.STRING(50),
            unique : true,
            allowNull : true,
            field : "email",
        },
        phone : {
            type : db.Sequelize.INTEGER,
            allowNull : true,
            unique : true,
            field : "phone"
        }
    },{
        tableName : "Users",
        timestamps : false
    })
}
March 16th 2020, 2:15:16 pm '[INFO]': server is running in port 3000
March 16th 2020, 2:15:16 pm '[INFO]': POST / 500 

March 16th 2020, 2:45:30 pm '[INFO]': () =>{
    return db.sequelize.define('Users' , {
        id : {
            type : db.Sequelize.INTEGER,
            primaryKey : true,
            autoIncrement : true,
            field : 'id'
        },
        username : {
            type : db.Sequelize.STRING(45),
            allowNull : true,
            unique : true,
            field  : "username"
        },
        password : {
            type : db.Sequelize.STRING(45),
            allowNull : true,
            field : "password"
        },
        email : {
            type : db.Sequelize.STRING(50),
            unique : true,
            allowNull : true,
            field : "email",
        },
        phone : {
            type : db.Sequelize.INTEGER,
            allowNull : true,
            unique : true,
            field : "phone"
        }
    },{
        tableName : "Users",
        timestamps : false
    })
}
March 16th 2020, 2:45:30 pm '[INFO]': server is running in port 3000
March 16th 2020, 3:09:36 pm '[INFO]': () =>{
    return db.sequelize.define('Users' , {
        id : {
            type : db.Sequelize.INTEGER,
            primaryKey : true,
            autoIncrement : true,
            field : 'id'
        },
        username : {
            type : db.Sequelize.STRING(45),
            allowNull : true,
            unique : true,
            field  : "username"
        },
        password : {
            type : db.Sequelize.STRING(45),
            allowNull : true,
            field : "password"
        },
        email : {
            type : db.Sequelize.STRING(50),
            unique : true,
            allowNull : true,
            field : "email",
        },
        phone : {
            type : db.Sequelize.INTEGER,
            allowNull : true,
            unique : true,
            field : "phone"
        }
    },{
        tableName : "Users",
        timestamps : false
    })
}
March 16th 2020, 3:09:36 pm '[INFO]': server is running in port 3000
March 16th 2020, 3:09:58 pm '[INFO]': () =>{
    return db.sequelize.define('Users' , {
        id : {
            type : db.Sequelize.INTEGER,
            primaryKey : true,
            autoIncrement : true,
            field : 'id'
        },
        username : {
            type : db.Sequelize.STRING(45),
            allowNull : true,
            unique : true,
            field  : "username"
        },
        password : {
            type : db.Sequelize.STRING(45),
            allowNull : true,
            field : "password"
        },
        email : {
            type : db.Sequelize.STRING(50),
            unique : true,
            allowNull : true,
            field : "email",
        },
        phone : {
            type : db.Sequelize.INTEGER,
            allowNull : true,
            unique : true,
            field : "phone"
        }
    },{
        tableName : "Users",
        timestamps : false
    })
}
March 16th 2020, 3:09:58 pm '[INFO]': server is running in port 3000
March 16th 2020, 3:09:58 pm '[INFO]': GET / 304 

March 16th 2020, 3:09:58 pm '[INFO]': GET /favicon.ico 404 

March 16th 2020, 3:11:32 pm '[INFO]': server is running in port 3000
March 16th 2020, 3:12:05 pm '[INFO]': server is running in port 3000
March 16th 2020, 3:12:05 pm '[INFO]': () =>{
    return db.sequelize.define('Users' , {
        id : {
            type : db.Sequelize.INTEGER,
            primaryKey : true,
            autoIncrement : true,
            field : 'id'
        },
        username : {
            type : db.Sequelize.STRING(45),
            allowNull : true,
            unique : true,
            field  : "username"
        },
        password : {
            type : db.Sequelize.STRING(45),
            allowNull : true,
            field : "password"
        },
        email : {
            type : db.Sequelize.STRING(50),
            unique : true,
            allowNull : true,
            field : "email",
        },
        phone : {
            type : db.Sequelize.INTEGER,
            allowNull : true,
            unique : true,
            field : "phone"
        }
    },{
        tableName : "Users",
        timestamps : false
    })
}
March 16th 2020, 3:12:05 pm '[INFO]': GET / 304 

March 16th 2020, 3:12:18 pm '[INFO]': server is running in port 3000
March 16th 2020, 3:22:46 pm '[INFO]': server is running in port 3000
March 16th 2020, 3:27:40 pm '[INFO]': server is running in port 3000
March 16th 2020, 3:27:40 pm '[ERROR]': uncaughtException: listen EADDRINUSE: address already in use :::3000
Error: listen EADDRINUSE: address already in use :::3000
    at Server.setupListenHandle [as _listen2] (net.js:1228:14)
    at listenInCluster (net.js:1276:12)
    at Server.listen (net.js:1364:7)
    at Function.listen (C:\Users\Dell\WebstormProjects\web_clb\node_modules\express\lib\application.js:618:24)
    at Object.<anonymous> (C:\Users\Dell\WebstormProjects\web_clb\app.js:11:5)
    at Module._compile (internal/modules/cjs/loader.js:777:30)
    at Object.Module._extensions..js (internal/modules/cjs/loader.js:788:10)
    at Module.load (internal/modules/cjs/loader.js:643:32)
    at Function.Module._load (internal/modules/cjs/loader.js:556:12)
    at Function.Module.runMain (internal/modules/cjs/loader.js:840:10)
    at internal/main/run_main_module.js:17:11
March 16th 2020, 3:28:01 pm '[INFO]': server is running in port 3000
March 16th 2020, 3:28:30 pm '[INFO]': server is running in port 3000
March 16th 2020, 3:28:30 pm '[INFO]': () =>{
    let User = sequelize.define('Users' , {
        id : {
            type : Sequelize.INTEGER,
            primaryKey : true,
            autoIncrement : true,
            field : 'id'
        },
        username : {
            type : Sequelize.STRING(45),
            allowNull : true,
            unique : true,
            field  : "username"
        },
        password : {
            type : Sequelize.STRING(45),
            allowNull : true,
            field : "password"
        },
        email : {
            type : Sequelize.STRING(50),
            unique : true,
            allowNull : true,
            field : "email",
        },
        phone : {
            type : Sequelize.INTEGER,
            allowNull : true,
            unique : true,
            field : "phone"
        }
    },{
        tableName : "Users",
        timestamps : false
    });

    return User;
}
March 16th 2020, 3:28:30 pm '[INFO]': GET / 304 

March 16th 2020, 3:35:00 pm '[ERROR]': uncaughtException: require(...) is not a function
TypeError: require(...) is not a function
    at Object.<anonymous> (C:\Users\Dell\WebstormProjects\web_clb\controllers\controller.users.js:3:44)
    at Module._compile (internal/modules/cjs/loader.js:777:30)
    at Object.Module._extensions..js (internal/modules/cjs/loader.js:788:10)
    at Module.load (internal/modules/cjs/loader.js:643:32)
    at Function.Module._load (internal/modules/cjs/loader.js:556:12)
    at Module.require (internal/modules/cjs/loader.js:683:19)
    at require (internal/modules/cjs/helpers.js:16:16)
    at Object.<anonymous> (C:\Users\Dell\WebstormProjects\web_clb\routers\router.users.js:1:23)
    at Module._compile (internal/modules/cjs/loader.js:777:30)
    at Object.Module._extensions..js (internal/modules/cjs/loader.js:788:10)
    at Module.load (internal/modules/cjs/loader.js:643:32)
    at Function.Module._load (internal/modules/cjs/loader.js:556:12)
    at Module.require (internal/modules/cjs/loader.js:683:19)
    at require (internal/modules/cjs/helpers.js:16:16)
    at Object.<anonymous> (C:\Users\Dell\WebstormProjects\web_clb\app.js:8:1)
    at Module._compile (internal/modules/cjs/loader.js:777:30)
    at Object.Module._extensions..js (internal/modules/cjs/loader.js:788:10)
    at Module.load (internal/modules/cjs/loader.js:643:32)
    at Function.Module._load (internal/modules/cjs/loader.js:556:12)
    at Function.Module.runMain (internal/modules/cjs/loader.js:840:10)
    at internal/main/run_main_module.js:17:11
March 16th 2020, 3:35:21 pm '[ERROR]': uncaughtException: Class constructor model cannot be invoked without 'new'
TypeError: Class constructor model cannot be invoked without 'new'
    at Object.<anonymous> (C:\Users\Dell\WebstormProjects\web_clb\controllers\controller.users.js:3:44)
    at Module._compile (internal/modules/cjs/loader.js:777:30)
    at Object.Module._extensions..js (internal/modules/cjs/loader.js:788:10)
    at Module.load (internal/modules/cjs/loader.js:643:32)
    at Function.Module._load (internal/modules/cjs/loader.js:556:12)
    at Module.require (internal/modules/cjs/loader.js:683:19)
    at require (internal/modules/cjs/helpers.js:16:16)
    at Object.<anonymous> (C:\Users\Dell\WebstormProjects\web_clb\routers\router.users.js:1:23)
    at Module._compile (internal/modules/cjs/loader.js:777:30)
    at Object.Module._extensions..js (internal/modules/cjs/loader.js:788:10)
    at Module.load (internal/modules/cjs/loader.js:643:32)
    at Function.Module._load (internal/modules/cjs/loader.js:556:12)
    at Module.require (internal/modules/cjs/loader.js:683:19)
    at require (internal/modules/cjs/helpers.js:16:16)
    at Object.<anonymous> (C:\Users\Dell\WebstormProjects\web_clb\app.js:8:1)
    at Module._compile (internal/modules/cjs/loader.js:777:30)
    at Object.Module._extensions..js (internal/modules/cjs/loader.js:788:10)
    at Module.load (internal/modules/cjs/loader.js:643:32)
    at Function.Module._load (internal/modules/cjs/loader.js:556:12)
    at Function.Module.runMain (internal/modules/cjs/loader.js:840:10)
    at internal/main/run_main_module.js:17:11
March 16th 2020, 3:36:01 pm '[ERROR]': uncaughtException: Class constructor model cannot be invoked without 'new'
TypeError: Class constructor model cannot be invoked without 'new'
    at Object.<anonymous> (C:\Users\Dell\WebstormProjects\web_clb\controllers\controller.users.js:3:44)
    at Module._compile (internal/modules/cjs/loader.js:777:30)
    at Object.Module._extensions..js (internal/modules/cjs/loader.js:788:10)
    at Module.load (internal/modules/cjs/loader.js:643:32)
    at Function.Module._load (internal/modules/cjs/loader.js:556:12)
    at Module.require (internal/modules/cjs/loader.js:683:19)
    at require (internal/modules/cjs/helpers.js:16:16)
    at Object.<anonymous> (C:\Users\Dell\WebstormProjects\web_clb\routers\router.users.js:1:23)
    at Module._compile (internal/modules/cjs/loader.js:777:30)
    at Object.Module._extensions..js (internal/modules/cjs/loader.js:788:10)
    at Module.load (internal/modules/cjs/loader.js:643:32)
    at Function.Module._load (internal/modules/cjs/loader.js:556:12)
    at Module.require (internal/modules/cjs/loader.js:683:19)
    at require (internal/modules/cjs/helpers.js:16:16)
    at Object.<anonymous> (C:\Users\Dell\WebstormProjects\web_clb\app.js:8:1)
    at Module._compile (internal/modules/cjs/loader.js:777:30)
    at Object.Module._extensions..js (internal/modules/cjs/loader.js:788:10)
    at Module.load (internal/modules/cjs/loader.js:643:32)
    at Function.Module._load (internal/modules/cjs/loader.js:556:12)
    at Function.Module.runMain (internal/modules/cjs/loader.js:840:10)
    at internal/main/run_main_module.js:17:11
March 16th 2020, 3:39:03 pm '[ERROR]': uncaughtException: Class constructor model cannot be invoked without 'new'
TypeError: Class constructor model cannot be invoked without 'new'
    at Object.<anonymous> (C:\Users\Dell\WebstormProjects\web_clb\controllers\controller.users.js:3:44)
    at Module._compile (internal/modules/cjs/loader.js:777:30)
    at Object.Module._extensions..js (internal/modules/cjs/loader.js:788:10)
    at Module.load (internal/modules/cjs/loader.js:643:32)
    at Function.Module._load (internal/modules/cjs/loader.js:556:12)
    at Module.require (internal/modules/cjs/loader.js:683:19)
    at require (internal/modules/cjs/helpers.js:16:16)
    at Object.<anonymous> (C:\Users\Dell\WebstormProjects\web_clb\routers\router.users.js:1:23)
    at Module._compile (internal/modules/cjs/loader.js:777:30)
    at Object.Module._extensions..js (internal/modules/cjs/loader.js:788:10)
    at Module.load (internal/modules/cjs/loader.js:643:32)
    at Function.Module._load (internal/modules/cjs/loader.js:556:12)
    at Module.require (internal/modules/cjs/loader.js:683:19)
    at require (internal/modules/cjs/helpers.js:16:16)
    at Object.<anonymous> (C:\Users\Dell\WebstormProjects\web_clb\app.js:8:1)
    at Module._compile (internal/modules/cjs/loader.js:777:30)
    at Object.Module._extensions..js (internal/modules/cjs/loader.js:788:10)
    at Module.load (internal/modules/cjs/loader.js:643:32)
    at Function.Module._load (internal/modules/cjs/loader.js:556:12)
    at Function.Module.runMain (internal/modules/cjs/loader.js:840:10)
    at internal/main/run_main_module.js:17:11
March 16th 2020, 3:43:39 pm '[ERROR]': uncaughtException: sequelize is not defined
ReferenceError: sequelize is not defined
    at Object.<anonymous> (C:\Users\Dell\WebstormProjects\web_clb\models\model.user.js:2:12)
    at Module._compile (internal/modules/cjs/loader.js:777:30)
    at Object.Module._extensions..js (internal/modules/cjs/loader.js:788:10)
    at Module.load (internal/modules/cjs/loader.js:643:32)
    at Function.Module._load (internal/modules/cjs/loader.js:556:12)
    at Module.require (internal/modules/cjs/loader.js:683:19)
    at require (internal/modules/cjs/helpers.js:16:16)
    at Object.<anonymous> (C:\Users\Dell\WebstormProjects\web_clb\controllers\controller.users.js:3:13)
    at Module._compile (internal/modules/cjs/loader.js:777:30)
    at Object.Module._extensions..js (internal/modules/cjs/loader.js:788:10)
    at Module.load (internal/modules/cjs/loader.js:643:32)
    at Function.Module._load (internal/modules/cjs/loader.js:556:12)
    at Module.require (internal/modules/cjs/loader.js:683:19)
    at require (internal/modules/cjs/helpers.js:16:16)
    at Object.<anonymous> (C:\Users\Dell\WebstormProjects\web_clb\routers\router.users.js:1:23)
    at Module._compile (internal/modules/cjs/loader.js:777:30)
    at Object.Module._extensions..js (internal/modules/cjs/loader.js:788:10)
    at Module.load (internal/modules/cjs/loader.js:643:32)
    at Function.Module._load (internal/modules/cjs/loader.js:556:12)
    at Module.require (internal/modules/cjs/loader.js:683:19)
    at require (internal/modules/cjs/helpers.js:16:16)
    at Object.<anonymous> (C:\Users\Dell\WebstormProjects\web_clb\app.js:8:1)
March 16th 2020, 3:44:23 pm '[ERROR]': uncaughtException: Cannot read property 'INTEGER' of undefined
TypeError: Cannot read property 'INTEGER' of undefined
    at module.exports (C:\Users\Dell\WebstormProjects\web_clb\models\model.user.js:4:30)
    at Object.<anonymous> (C:\Users\Dell\WebstormProjects\web_clb\controllers\controller.users.js:3:44)
    at Module._compile (internal/modules/cjs/loader.js:777:30)
    at Object.Module._extensions..js (internal/modules/cjs/loader.js:788:10)
    at Module.load (internal/modules/cjs/loader.js:643:32)
    at Function.Module._load (internal/modules/cjs/loader.js:556:12)
    at Module.require (internal/modules/cjs/loader.js:683:19)
    at require (internal/modules/cjs/helpers.js:16:16)
    at Object.<anonymous> (C:\Users\Dell\WebstormProjects\web_clb\routers\router.users.js:1:23)
    at Module._compile (internal/modules/cjs/loader.js:777:30)
    at Object.Module._extensions..js (internal/modules/cjs/loader.js:788:10)
    at Module.load (internal/modules/cjs/loader.js:643:32)
    at Function.Module._load (internal/modules/cjs/loader.js:556:12)
    at Module.require (internal/modules/cjs/loader.js:683:19)
    at require (internal/modules/cjs/helpers.js:16:16)
    at Object.<anonymous> (C:\Users\Dell\WebstormProjects\web_clb\app.js:8:1)
    at Module._compile (internal/modules/cjs/loader.js:777:30)
    at Object.Module._extensions..js (internal/modules/cjs/loader.js:788:10)
    at Module.load (internal/modules/cjs/loader.js:643:32)
    at Function.Module._load (internal/modules/cjs/loader.js:556:12)
    at Function.Module.runMain (internal/modules/cjs/loader.js:840:10)
    at internal/main/run_main_module.js:17:11
March 16th 2020, 3:48:08 pm '[ERROR]': uncaughtException: Cannot find module '../models/user'
Require stack:
- C:\Users\Dell\WebstormProjects\web_clb\db\index.js
- C:\Users\Dell\WebstormProjects\web_clb\db\connectDatabase.js
- C:\Users\Dell\WebstormProjects\web_clb\controllers\controller.users.js
- C:\Users\Dell\WebstormProjects\web_clb\routers\router.users.js
- C:\Users\Dell\WebstormProjects\web_clb\app.js
Error: Cannot find module '../models/user'
Require stack:
- C:\Users\Dell\WebstormProjects\web_clb\db\index.js
- C:\Users\Dell\WebstormProjects\web_clb\db\connectDatabase.js
- C:\Users\Dell\WebstormProjects\web_clb\controllers\controller.users.js
- C:\Users\Dell\WebstormProjects\web_clb\routers\router.users.js
- C:\Users\Dell\WebstormProjects\web_clb\app.js
    at Function.Module._resolveFilename (internal/modules/cjs/loader.js:625:15)
    at Function.Module._load (internal/modules/cjs/loader.js:527:27)
    at Module.require (internal/modules/cjs/loader.js:683:19)
    at require (internal/modules/cjs/helpers.js:16:16)
    at module.exports (C:\Users\Dell\WebstormProjects\web_clb\db\index.js:4:17)
    at Object.<anonymous> (C:\Users\Dell\WebstormProjects\web_clb\db\connectDatabase.js:28:19)
    at Module._compile (internal/modules/cjs/loader.js:777:30)
    at Object.Module._extensions..js (internal/modules/cjs/loader.js:788:10)
    at Module.load (internal/modules/cjs/loader.js:643:32)
    at Function.Module._load (internal/modules/cjs/loader.js:556:12)
    at Module.require (internal/modules/cjs/loader.js:683:19)
    at require (internal/modules/cjs/helpers.js:16:16)
    at Object.<anonymous> (C:\Users\Dell\WebstormProjects\web_clb\controllers\controller.users.js:2:17)
    at Module._compile (internal/modules/cjs/loader.js:777:30)
    at Object.Module._extensions..js (internal/modules/cjs/loader.js:788:10)
    at Module.load (internal/modules/cjs/loader.js:643:32)
    at Function.Module._load (internal/modules/cjs/loader.js:556:12)
    at Module.require (internal/modules/cjs/loader.js:683:19)
    at require (internal/modules/cjs/helpers.js:16:16)
    at Object.<anonymous> (C:\Users\Dell\WebstormProjects\web_clb\routers\router.users.js:1:23)
    at Module._compile (internal/modules/cjs/loader.js:777:30)
    at Object.Module._extensions..js (internal/modules/cjs/loader.js:788:10)
March 16th 2020, 3:54:06 pm '[ERROR]': uncaughtException: Cannot read property 'INTEGER' of undefined
TypeError: Cannot read property 'INTEGER' of undefined
    at module.exports (C:\Users\Dell\WebstormProjects\web_clb\models\model.user.js:4:30)
    at Object.<anonymous> (C:\Users\Dell\WebstormProjects\web_clb\controllers\controller.users.js:3:44)
    at Module._compile (internal/modules/cjs/loader.js:777:30)
    at Object.Module._extensions..js (internal/modules/cjs/loader.js:788:10)
    at Module.load (internal/modules/cjs/loader.js:643:32)
    at Function.Module._load (internal/modules/cjs/loader.js:556:12)
    at Module.require (internal/modules/cjs/loader.js:683:19)
    at require (internal/modules/cjs/helpers.js:16:16)
    at Object.<anonymous> (C:\Users\Dell\WebstormProjects\web_clb\routers\router.users.js:1:23)
    at Module._compile (internal/modules/cjs/loader.js:777:30)
    at Object.Module._extensions..js (internal/modules/cjs/loader.js:788:10)
    at Module.load (internal/modules/cjs/loader.js:643:32)
    at Function.Module._load (internal/modules/cjs/loader.js:556:12)
    at Module.require (internal/modules/cjs/loader.js:683:19)
    at require (internal/modules/cjs/helpers.js:16:16)
    at Object.<anonymous> (C:\Users\Dell\WebstormProjects\web_clb\app.js:8:1)
    at Module._compile (internal/modules/cjs/loader.js:777:30)
    at Object.Module._extensions..js (internal/modules/cjs/loader.js:788:10)
    at Module.load (internal/modules/cjs/loader.js:643:32)
    at Function.Module._load (internal/modules/cjs/loader.js:556:12)
    at Function.Module.runMain (internal/modules/cjs/loader.js:840:10)
    at internal/main/run_main_module.js:17:11
March 16th 2020, 3:56:26 pm '[ERROR]': uncaughtException: Cannot read property 'INTEGER' of undefined
TypeError: Cannot read property 'INTEGER' of undefined
    at module.exports (C:\Users\Dell\WebstormProjects\web_clb\models\model.user.js:4:30)
    at Object.<anonymous> (C:\Users\Dell\WebstormProjects\web_clb\controllers\controller.users.js:3:44)
    at Module._compile (internal/modules/cjs/loader.js:777:30)
    at Object.Module._extensions..js (internal/modules/cjs/loader.js:788:10)
    at Module.load (internal/modules/cjs/loader.js:643:32)
    at Function.Module._load (internal/modules/cjs/loader.js:556:12)
    at Module.require (internal/modules/cjs/loader.js:683:19)
    at require (internal/modules/cjs/helpers.js:16:16)
    at Object.<anonymous> (C:\Users\Dell\WebstormProjects\web_clb\routers\router.users.js:1:23)
    at Module._compile (internal/modules/cjs/loader.js:777:30)
    at Object.Module._extensions..js (internal/modules/cjs/loader.js:788:10)
    at Module.load (internal/modules/cjs/loader.js:643:32)
    at Function.Module._load (internal/modules/cjs/loader.js:556:12)
    at Module.require (internal/modules/cjs/loader.js:683:19)
    at require (internal/modules/cjs/helpers.js:16:16)
    at Object.<anonymous> (C:\Users\Dell\WebstormProjects\web_clb\app.js:8:1)
    at Module._compile (internal/modules/cjs/loader.js:777:30)
    at Object.Module._extensions..js (internal/modules/cjs/loader.js:788:10)
    at Module.load (internal/modules/cjs/loader.js:643:32)
    at Function.Module._load (internal/modules/cjs/loader.js:556:12)
    at Function.Module.runMain (internal/modules/cjs/loader.js:840:10)
    at internal/main/run_main_module.js:17:11
March 16th 2020, 3:57:24 pm '[ERROR]': uncaughtException: Cannot read property 'INTEGER' of undefined
TypeError: Cannot read property 'INTEGER' of undefined
    at module.exports (C:\Users\Dell\WebstormProjects\web_clb\models\model.user.js:4:30)
    at Object.<anonymous> (C:\Users\Dell\WebstormProjects\web_clb\controllers\controller.users.js:3:44)
    at Module._compile (internal/modules/cjs/loader.js:777:30)
    at Object.Module._extensions..js (internal/modules/cjs/loader.js:788:10)
    at Module.load (internal/modules/cjs/loader.js:643:32)
    at Function.Module._load (internal/modules/cjs/loader.js:556:12)
    at Module.require (internal/modules/cjs/loader.js:683:19)
    at require (internal/modules/cjs/helpers.js:16:16)
    at Object.<anonymous> (C:\Users\Dell\WebstormProjects\web_clb\routers\router.users.js:1:23)
    at Module._compile (internal/modules/cjs/loader.js:777:30)
    at Object.Module._extensions..js (internal/modules/cjs/loader.js:788:10)
    at Module.load (internal/modules/cjs/loader.js:643:32)
    at Function.Module._load (internal/modules/cjs/loader.js:556:12)
    at Module.require (internal/modules/cjs/loader.js:683:19)
    at require (internal/modules/cjs/helpers.js:16:16)
    at Object.<anonymous> (C:\Users\Dell\WebstormProjects\web_clb\app.js:8:1)
    at Module._compile (internal/modules/cjs/loader.js:777:30)
    at Object.Module._extensions..js (internal/modules/cjs/loader.js:788:10)
    at Module.load (internal/modules/cjs/loader.js:643:32)
    at Function.Module._load (internal/modules/cjs/loader.js:556:12)
    at Function.Module.runMain (internal/modules/cjs/loader.js:840:10)
    at internal/main/run_main_module.js:17:11
March 16th 2020, 3:57:27 pm '[ERROR]': uncaughtException: Cannot read property 'INTEGER' of undefined
TypeError: Cannot read property 'INTEGER' of undefined
    at module.exports (C:\Users\Dell\WebstormProjects\web_clb\models\model.user.js:4:30)
    at Object.<anonymous> (C:\Users\Dell\WebstormProjects\web_clb\controllers\controller.users.js:3:44)
    at Module._compile (internal/modules/cjs/loader.js:777:30)
    at Object.Module._extensions..js (internal/modules/cjs/loader.js:788:10)
    at Module.load (internal/modules/cjs/loader.js:643:32)
    at Function.Module._load (internal/modules/cjs/loader.js:556:12)
    at Module.require (internal/modules/cjs/loader.js:683:19)
    at require (internal/modules/cjs/helpers.js:16:16)
    at Object.<anonymous> (C:\Users\Dell\WebstormProjects\web_clb\routers\router.users.js:1:23)
    at Module._compile (internal/modules/cjs/loader.js:777:30)
    at Object.Module._extensions..js (internal/modules/cjs/loader.js:788:10)
    at Module.load (internal/modules/cjs/loader.js:643:32)
    at Function.Module._load (internal/modules/cjs/loader.js:556:12)
    at Module.require (internal/modules/cjs/loader.js:683:19)
    at require (internal/modules/cjs/helpers.js:16:16)
    at Object.<anonymous> (C:\Users\Dell\WebstormProjects\web_clb\app.js:8:1)
    at Module._compile (internal/modules/cjs/loader.js:777:30)
    at Object.Module._extensions..js (internal/modules/cjs/loader.js:788:10)
    at Module.load (internal/modules/cjs/loader.js:643:32)
    at Function.Module._load (internal/modules/cjs/loader.js:556:12)
    at Function.Module.runMain (internal/modules/cjs/loader.js:840:10)
    at internal/main/run_main_module.js:17:11
March 16th 2020, 3:58:15 pm '[ERROR]': uncaughtException: Cannot read property 'INTEGER' of undefined
TypeError: Cannot read property 'INTEGER' of undefined
    at module.exports (C:\Users\Dell\WebstormProjects\web_clb\models\model.user.js:4:30)
    at Object.<anonymous> (C:\Users\Dell\WebstormProjects\web_clb\controllers\controller.users.js:3:44)
    at Module._compile (internal/modules/cjs/loader.js:777:30)
    at Object.Module._extensions..js (internal/modules/cjs/loader.js:788:10)
    at Module.load (internal/modules/cjs/loader.js:643:32)
    at Function.Module._load (internal/modules/cjs/loader.js:556:12)
    at Module.require (internal/modules/cjs/loader.js:683:19)
    at require (internal/modules/cjs/helpers.js:16:16)
    at Object.<anonymous> (C:\Users\Dell\WebstormProjects\web_clb\routers\router.users.js:1:23)
    at Module._compile (internal/modules/cjs/loader.js:777:30)
    at Object.Module._extensions..js (internal/modules/cjs/loader.js:788:10)
    at Module.load (internal/modules/cjs/loader.js:643:32)
    at Function.Module._load (internal/modules/cjs/loader.js:556:12)
    at Module.require (internal/modules/cjs/loader.js:683:19)
    at require (internal/modules/cjs/helpers.js:16:16)
    at Object.<anonymous> (C:\Users\Dell\WebstormProjects\web_clb\app.js:8:1)
    at Module._compile (internal/modules/cjs/loader.js:777:30)
    at Object.Module._extensions..js (internal/modules/cjs/loader.js:788:10)
    at Module.load (internal/modules/cjs/loader.js:643:32)
    at Function.Module._load (internal/modules/cjs/loader.js:556:12)
    at Function.Module.runMain (internal/modules/cjs/loader.js:840:10)
    at internal/main/run_main_module.js:17:11
March 16th 2020, 4:01:01 pm '[ERROR]': uncaughtException: Cannot read property 'INTEGER' of undefined
TypeError: Cannot read property 'INTEGER' of undefined
    at module.exports (C:\Users\Dell\WebstormProjects\web_clb\models\model.user.js:4:30)
    at Object.<anonymous> (C:\Users\Dell\WebstormProjects\web_clb\controllers\controller.users.js:3:44)
    at Module._compile (internal/modules/cjs/loader.js:777:30)
    at Object.Module._extensions..js (internal/modules/cjs/loader.js:788:10)
    at Module.load (internal/modules/cjs/loader.js:643:32)
    at Function.Module._load (internal/modules/cjs/loader.js:556:12)
    at Module.require (internal/modules/cjs/loader.js:683:19)
    at require (internal/modules/cjs/helpers.js:16:16)
    at Object.<anonymous> (C:\Users\Dell\WebstormProjects\web_clb\routers\router.users.js:1:23)
    at Module._compile (internal/modules/cjs/loader.js:777:30)
    at Object.Module._extensions..js (internal/modules/cjs/loader.js:788:10)
    at Module.load (internal/modules/cjs/loader.js:643:32)
    at Function.Module._load (internal/modules/cjs/loader.js:556:12)
    at Module.require (internal/modules/cjs/loader.js:683:19)
    at require (internal/modules/cjs/helpers.js:16:16)
    at Object.<anonymous> (C:\Users\Dell\WebstormProjects\web_clb\app.js:8:1)
    at Module._compile (internal/modules/cjs/loader.js:777:30)
    at Object.Module._extensions..js (internal/modules/cjs/loader.js:788:10)
    at Module.load (internal/modules/cjs/loader.js:643:32)
    at Function.Module._load (internal/modules/cjs/loader.js:556:12)
    at Function.Module.runMain (internal/modules/cjs/loader.js:840:10)
    at internal/main/run_main_module.js:17:11
March 16th 2020, 4:05:47 pm '[ERROR]': uncaughtException: Cannot read property 'INTEGER' of undefined
TypeError: Cannot read property 'INTEGER' of undefined
    at module.exports (C:\Users\Dell\WebstormProjects\test_web_clb\models\model.user.js:4:30)
    at Object.<anonymous> (C:\Users\Dell\WebstormProjects\test_web_clb\controllers\controller.users.js:3:44)
    at Module._compile (internal/modules/cjs/loader.js:777:30)
    at Object.Module._extensions..js (internal/modules/cjs/loader.js:788:10)
    at Module.load (internal/modules/cjs/loader.js:643:32)
    at Function.Module._load (internal/modules/cjs/loader.js:556:12)
    at Module.require (internal/modules/cjs/loader.js:683:19)
    at require (internal/modules/cjs/helpers.js:16:16)
    at Object.<anonymous> (C:\Users\Dell\WebstormProjects\test_web_clb\routers\router.users.js:1:23)
    at Module._compile (internal/modules/cjs/loader.js:777:30)
    at Object.Module._extensions..js (internal/modules/cjs/loader.js:788:10)
    at Module.load (internal/modules/cjs/loader.js:643:32)
    at Function.Module._load (internal/modules/cjs/loader.js:556:12)
    at Module.require (internal/modules/cjs/loader.js:683:19)
    at require (internal/modules/cjs/helpers.js:16:16)
    at Object.<anonymous> (C:\Users\Dell\WebstormProjects\test_web_clb\app.js:8:1)
    at Module._compile (internal/modules/cjs/loader.js:777:30)
    at Object.Module._extensions..js (internal/modules/cjs/loader.js:788:10)
    at Module.load (internal/modules/cjs/loader.js:643:32)
    at Function.Module._load (internal/modules/cjs/loader.js:556:12)
    at Function.Module.runMain (internal/modules/cjs/loader.js:840:10)
    at internal/main/run_main_module.js:17:11
March 16th 2020, 4:06:03 pm '[ERROR]': uncaughtException: Cannot read property 'INTEGER' of undefined
TypeError: Cannot read property 'INTEGER' of undefined
    at module.exports (C:\Users\Dell\WebstormProjects\test_web_clb\models\model.user.js:4:30)
    at Object.<anonymous> (C:\Users\Dell\WebstormProjects\test_web_clb\controllers\controller.users.js:3:44)
    at Module._compile (internal/modules/cjs/loader.js:777:30)
    at Object.Module._extensions..js (internal/modules/cjs/loader.js:788:10)
    at Module.load (internal/modules/cjs/loader.js:643:32)
    at Function.Module._load (internal/modules/cjs/loader.js:556:12)
    at Module.require (internal/modules/cjs/loader.js:683:19)
    at require (internal/modules/cjs/helpers.js:16:16)
    at Object.<anonymous> (C:\Users\Dell\WebstormProjects\test_web_clb\routers\router.users.js:1:23)
    at Module._compile (internal/modules/cjs/loader.js:777:30)
    at Object.Module._extensions..js (internal/modules/cjs/loader.js:788:10)
    at Module.load (internal/modules/cjs/loader.js:643:32)
    at Function.Module._load (internal/modules/cjs/loader.js:556:12)
    at Module.require (internal/modules/cjs/loader.js:683:19)
    at require (internal/modules/cjs/helpers.js:16:16)
    at Object.<anonymous> (C:\Users\Dell\WebstormProjects\test_web_clb\app.js:8:1)
    at Module._compile (internal/modules/cjs/loader.js:777:30)
    at Object.Module._extensions..js (internal/modules/cjs/loader.js:788:10)
    at Module.load (internal/modules/cjs/loader.js:643:32)
    at Function.Module._load (internal/modules/cjs/loader.js:556:12)
    at Function.Module.runMain (internal/modules/cjs/loader.js:840:10)
    at internal/main/run_main_module.js:17:11
March 16th 2020, 4:06:55 pm '[ERROR]': uncaughtException: Cannot read property 'INTEGER' of undefined
TypeError: Cannot read property 'INTEGER' of undefined
    at module.exports (C:\Users\Dell\WebstormProjects\test_web_clb\models\model.user.js:4:30)
    at Object.<anonymous> (C:\Users\Dell\WebstormProjects\test_web_clb\controllers\controller.users.js:3:44)
    at Module._compile (internal/modules/cjs/loader.js:777:30)
    at Object.Module._extensions..js (internal/modules/cjs/loader.js:788:10)
    at Module.load (internal/modules/cjs/loader.js:643:32)
    at Function.Module._load (internal/modules/cjs/loader.js:556:12)
    at Module.require (internal/modules/cjs/loader.js:683:19)
    at require (internal/modules/cjs/helpers.js:16:16)
    at Object.<anonymous> (C:\Users\Dell\WebstormProjects\test_web_clb\routers\router.users.js:1:23)
    at Module._compile (internal/modules/cjs/loader.js:777:30)
    at Object.Module._extensions..js (internal/modules/cjs/loader.js:788:10)
    at Module.load (internal/modules/cjs/loader.js:643:32)
    at Function.Module._load (internal/modules/cjs/loader.js:556:12)
    at Module.require (internal/modules/cjs/loader.js:683:19)
    at require (internal/modules/cjs/helpers.js:16:16)
    at Object.<anonymous> (C:\Users\Dell\WebstormProjects\test_web_clb\app.js:8:1)
    at Module._compile (internal/modules/cjs/loader.js:777:30)
    at Object.Module._extensions..js (internal/modules/cjs/loader.js:788:10)
    at Module.load (internal/modules/cjs/loader.js:643:32)
    at Function.Module._load (internal/modules/cjs/loader.js:556:12)
    at Function.Module.runMain (internal/modules/cjs/loader.js:840:10)
    at internal/main/run_main_module.js:17:11
March 16th 2020, 4:07:22 pm '[ERROR]': uncaughtException: Cannot read property 'INTEGER' of undefined
TypeError: Cannot read property 'INTEGER' of undefined
    at module.exports (C:\Users\Dell\WebstormProjects\test_web_clb\models\model.user.js:4:30)
    at Object.<anonymous> (C:\Users\Dell\WebstormProjects\test_web_clb\controllers\controller.users.js:3:44)
    at Module._compile (internal/modules/cjs/loader.js:777:30)
    at Object.Module._extensions..js (internal/modules/cjs/loader.js:788:10)
    at Module.load (internal/modules/cjs/loader.js:643:32)
    at Function.Module._load (internal/modules/cjs/loader.js:556:12)
    at Module.require (internal/modules/cjs/loader.js:683:19)
    at require (internal/modules/cjs/helpers.js:16:16)
    at Object.<anonymous> (C:\Users\Dell\WebstormProjects\test_web_clb\routers\router.users.js:1:23)
    at Module._compile (internal/modules/cjs/loader.js:777:30)
    at Object.Module._extensions..js (internal/modules/cjs/loader.js:788:10)
    at Module.load (internal/modules/cjs/loader.js:643:32)
    at Function.Module._load (internal/modules/cjs/loader.js:556:12)
    at Module.require (internal/modules/cjs/loader.js:683:19)
    at require (internal/modules/cjs/helpers.js:16:16)
    at Object.<anonymous> (C:\Users\Dell\WebstormProjects\test_web_clb\app.js:8:1)
    at Module._compile (internal/modules/cjs/loader.js:777:30)
    at Object.Module._extensions..js (internal/modules/cjs/loader.js:788:10)
    at Module.load (internal/modules/cjs/loader.js:643:32)
    at Function.Module._load (internal/modules/cjs/loader.js:556:12)
    at Function.Module.runMain (internal/modules/cjs/loader.js:840:10)
    at internal/main/run_main_module.js:17:11
March 16th 2020, 4:10:07 pm '[ERROR]': uncaughtException: Cannot read property 'INTEGER' of undefined
TypeError: Cannot read property 'INTEGER' of undefined
    at module.exports (C:\Users\Dell\WebstormProjects\connect_sequelize\models\model.user.js:4:30)
    at Object.<anonymous> (C:\Users\Dell\WebstormProjects\connect_sequelize\controllers\controller.users.js:3:44)
    at Module._compile (internal/modules/cjs/loader.js:777:30)
    at Object.Module._extensions..js (internal/modules/cjs/loader.js:788:10)
    at Module.load (internal/modules/cjs/loader.js:643:32)
    at Function.Module._load (internal/modules/cjs/loader.js:556:12)
    at Module.require (internal/modules/cjs/loader.js:683:19)
    at require (internal/modules/cjs/helpers.js:16:16)
    at Object.<anonymous> (C:\Users\Dell\WebstormProjects\connect_sequelize\routers\router.users.js:1:23)
    at Module._compile (internal/modules/cjs/loader.js:777:30)
    at Object.Module._extensions..js (internal/modules/cjs/loader.js:788:10)
    at Module.load (internal/modules/cjs/loader.js:643:32)
    at Function.Module._load (internal/modules/cjs/loader.js:556:12)
    at Module.require (internal/modules/cjs/loader.js:683:19)
    at require (internal/modules/cjs/helpers.js:16:16)
    at Object.<anonymous> (C:\Users\Dell\WebstormProjects\connect_sequelize\app.js:8:1)
    at Module._compile (internal/modules/cjs/loader.js:777:30)
    at Object.Module._extensions..js (internal/modules/cjs/loader.js:788:10)
    at Module.load (internal/modules/cjs/loader.js:643:32)
    at Function.Module._load (internal/modules/cjs/loader.js:556:12)
    at Function.Module.runMain (internal/modules/cjs/loader.js:840:10)
    at internal/main/run_main_module.js:17:11
March 16th 2020, 4:10:33 pm '[INFO]': server is running in port 3000
March 16th 2020, 4:13:45 pm '[ERROR]': uncaughtException: Cannot read property 'INTEGER' of undefined
TypeError: Cannot read property 'INTEGER' of undefined
    at module.exports (C:\Users\Dell\WebstormProjects\connect_sequelize\models\model.user.js:4:30)
    at Object.<anonymous> (C:\Users\Dell\WebstormProjects\connect_sequelize\controllers\controller.users.js:3:44)
    at Module._compile (internal/modules/cjs/loader.js:777:30)
    at Object.Module._extensions..js (internal/modules/cjs/loader.js:788:10)
    at Module.load (internal/modules/cjs/loader.js:643:32)
    at Function.Module._load (internal/modules/cjs/loader.js:556:12)
    at Module.require (internal/modules/cjs/loader.js:683:19)
    at require (internal/modules/cjs/helpers.js:16:16)
    at Object.<anonymous> (C:\Users\Dell\WebstormProjects\connect_sequelize\routers\router.users.js:1:23)
    at Module._compile (internal/modules/cjs/loader.js:777:30)
    at Object.Module._extensions..js (internal/modules/cjs/loader.js:788:10)
    at Module.load (internal/modules/cjs/loader.js:643:32)
    at Function.Module._load (internal/modules/cjs/loader.js:556:12)
    at Module.require (internal/modules/cjs/loader.js:683:19)
    at require (internal/modules/cjs/helpers.js:16:16)
    at Object.<anonymous> (C:\Users\Dell\WebstormProjects\connect_sequelize\app.js:8:1)
    at Module._compile (internal/modules/cjs/loader.js:777:30)
    at Object.Module._extensions..js (internal/modules/cjs/loader.js:788:10)
    at Module.load (internal/modules/cjs/loader.js:643:32)
    at Function.Module._load (internal/modules/cjs/loader.js:556:12)
    at Function.Module.runMain (internal/modules/cjs/loader.js:840:10)
    at internal/main/run_main_module.js:17:11
March 16th 2020, 4:16:14 pm '[ERROR]': uncaughtException: Cannot read property 'INTEGER' of undefined
TypeError: Cannot read property 'INTEGER' of undefined
    at module.exports (C:\Users\Dell\WebstormProjects\connect_sequelize\models\model.user.js:4:30)
    at Object.<anonymous> (C:\Users\Dell\WebstormProjects\connect_sequelize\controllers\controller.users.js:3:44)
    at Module._compile (internal/modules/cjs/loader.js:777:30)
    at Object.Module._extensions..js (internal/modules/cjs/loader.js:788:10)
    at Module.load (internal/modules/cjs/loader.js:643:32)
    at Function.Module._load (internal/modules/cjs/loader.js:556:12)
    at Module.require (internal/modules/cjs/loader.js:683:19)
    at require (internal/modules/cjs/helpers.js:16:16)
    at Object.<anonymous> (C:\Users\Dell\WebstormProjects\connect_sequelize\routers\router.users.js:1:23)
    at Module._compile (internal/modules/cjs/loader.js:777:30)
    at Object.Module._extensions..js (internal/modules/cjs/loader.js:788:10)
    at Module.load (internal/modules/cjs/loader.js:643:32)
    at Function.Module._load (internal/modules/cjs/loader.js:556:12)
    at Module.require (internal/modules/cjs/loader.js:683:19)
    at require (internal/modules/cjs/helpers.js:16:16)
    at Object.<anonymous> (C:\Users\Dell\WebstormProjects\connect_sequelize\app.js:8:1)
    at Module._compile (internal/modules/cjs/loader.js:777:30)
    at Object.Module._extensions..js (internal/modules/cjs/loader.js:788:10)
    at Module.load (internal/modules/cjs/loader.js:643:32)
    at Function.Module._load (internal/modules/cjs/loader.js:556:12)
    at Function.Module.runMain (internal/modules/cjs/loader.js:840:10)
    at internal/main/run_main_module.js:17:11
March 16th 2020, 4:18:45 pm '[ERROR]': uncaughtException: Cannot read property 'INTEGER' of undefined
TypeError: Cannot read property 'INTEGER' of undefined
    at module.exports (C:\Users\Dell\WebstormProjects\connect_sequelize\models\model.user.js:4:30)
    at Object.<anonymous> (C:\Users\Dell\WebstormProjects\connect_sequelize\controllers\controller.users.js:3:44)
    at Module._compile (internal/modules/cjs/loader.js:777:30)
    at Object.Module._extensions..js (internal/modules/cjs/loader.js:788:10)
    at Module.load (internal/modules/cjs/loader.js:643:32)
    at Function.Module._load (internal/modules/cjs/loader.js:556:12)
    at Module.require (internal/modules/cjs/loader.js:683:19)
    at require (internal/modules/cjs/helpers.js:16:16)
    at Object.<anonymous> (C:\Users\Dell\WebstormProjects\connect_sequelize\routers\router.users.js:1:23)
    at Module._compile (internal/modules/cjs/loader.js:777:30)
    at Object.Module._extensions..js (internal/modules/cjs/loader.js:788:10)
    at Module.load (internal/modules/cjs/loader.js:643:32)
    at Function.Module._load (internal/modules/cjs/loader.js:556:12)
    at Module.require (internal/modules/cjs/loader.js:683:19)
    at require (internal/modules/cjs/helpers.js:16:16)
    at Object.<anonymous> (C:\Users\Dell\WebstormProjects\connect_sequelize\app.js:8:1)
    at Module._compile (internal/modules/cjs/loader.js:777:30)
    at Object.Module._extensions..js (internal/modules/cjs/loader.js:788:10)
    at Module.load (internal/modules/cjs/loader.js:643:32)
    at Function.Module._load (internal/modules/cjs/loader.js:556:12)
    at Function.Module.runMain (internal/modules/cjs/loader.js:840:10)
    at internal/main/run_main_module.js:17:11
March 16th 2020, 4:19:57 pm '[INFO]': server is running in port 3000
March 16th 2020, 4:22:51 pm '[INFO]': server is running in port 3000
March 16th 2020, 4:23:15 pm '[INFO]': server is running in port 3000
March 16th 2020, 4:23:15 pm '[INFO]': class extends Model {}
March 16th 2020, 4:23:15 pm '[INFO]': GET / 304 

March 16th 2020, 4:23:15 pm '[INFO]': POST / 500 

March 16th 2020, 4:38:58 pm '[INFO]': server is running in port 3000
March 16th 2020, 4:38:58 pm '[INFO]': POST / 200 

March 16th 2020, 4:38:58 pm '[INFO]': class extends Model {}
March 16th 2020, 4:38:58 pm '[INFO]': GET / 200 

March 16th 2020, 4:38:58 pm '[INFO]': POST / 200 

March 16th 2020, 4:44:23 pm '[INFO]': server is running in port 3000
March 16th 2020, 4:45:02 pm '[INFO]': server is running in port 3000
March 16th 2020, 4:45:02 pm '[INFO]': POST / 200 

March 16th 2020, 4:49:16 pm '[ERROR]': uncaughtException: INTEGER is not defined
ReferenceError: INTEGER is not defined
    at module.exports (C:\Users\Dell\WebstormProjects\connect_sequelize\models\model.user.js:3:25)
    at Object.<anonymous> (C:\Users\Dell\WebstormProjects\connect_sequelize\db\connectDatabase.js:25:48)
    at Module._compile (internal/modules/cjs/loader.js:777:30)
    at Object.Module._extensions..js (internal/modules/cjs/loader.js:788:10)
    at Module.load (internal/modules/cjs/loader.js:643:32)
    at Function.Module._load (internal/modules/cjs/loader.js:556:12)
    at Module.require (internal/modules/cjs/loader.js:683:19)
    at require (internal/modules/cjs/helpers.js:16:16)
    at Object.<anonymous> (C:\Users\Dell\WebstormProjects\connect_sequelize\controllers\controller.index.js:3:13)
    at Module._compile (internal/modules/cjs/loader.js:777:30)
    at Object.Module._extensions..js (internal/modules/cjs/loader.js:788:10)
    at Module.load (internal/modules/cjs/loader.js:643:32)
    at Function.Module._load (internal/modules/cjs/loader.js:556:12)
    at Module.require (internal/modules/cjs/loader.js:683:19)
    at require (internal/modules/cjs/helpers.js:16:16)
    at Object.<anonymous> (C:\Users\Dell\WebstormProjects\connect_sequelize\routers\router.index.js:1:23)
    at Module._compile (internal/modules/cjs/loader.js:777:30)
    at Object.Module._extensions..js (internal/modules/cjs/loader.js:788:10)
    at Module.load (internal/modules/cjs/loader.js:643:32)
    at Function.Module._load (internal/modules/cjs/loader.js:556:12)
    at Module.require (internal/modules/cjs/loader.js:683:19)
    at require (internal/modules/cjs/helpers.js:16:16)
March 16th 2020, 4:49:36 pm '[INFO]': server is running in port 3000
March 16th 2020, 4:49:36 pm '[INFO]': POST / 200 

March 16th 2020, 4:52:21 pm '[INFO]': server is running in port 3000
March 16th 2020, 4:52:21 pm '[INFO]': POST / 200 

March 16th 2020, 4:59:34 pm '[INFO]': server is running in port 3000
March 16th 2020, 5:00:59 pm '[INFO]': server is running in port 3000
March 16th 2020, 5:00:59 pm '[INFO]': POST / 200 

March 16th 2020, 5:04:07 pm '[INFO]': server is running in port 3000
March 16th 2020, 5:04:07 pm '[INFO]': POST / 200 

March 16th 2020, 5:04:53 pm '[INFO]': server is running in port 3000
March 16th 2020, 5:05:29 pm '[INFO]': server is running in port 3000
March 16th 2020, 5:06:41 pm '[INFO]': server is running in port 3000
March 16th 2020, 5:06:41 pm '[INFO]': POST / 200 

March 16th 2020, 5:06:41 pm '[INFO]': POST / 200 

March 16th 2020, 5:08:30 pm '[INFO]': server is running in port 3000
March 16th 2020, 5:08:30 pm '[INFO]': POST / 200 

March 16th 2020, 5:11:26 pm '[INFO]': server is running in port 3000
March 16th 2020, 5:22:34 pm '[INFO]': server is running in port 3000
March 16th 2020, 5:22:49 pm '[INFO]': server is running in port 3000
March 16th 2020, 5:22:49 pm '[INFO]': POST / 200 

March 16th 2020, 5:29:16 pm '[INFO]': server is running in port 3000
March 16th 2020, 5:30:56 pm '[INFO]': server is running in port 3000
March 16th 2020, 5:30:56 pm '[INFO]': POST / 200 

March 16th 2020, 5:43:02 pm '[INFO]': server is running in port 3000
March 16th 2020, 5:43:02 pm '[INFO]': POST / 500 

March 16th 2020, 5:43:27 pm '[INFO]': server is running in port 3000
March 16th 2020, 5:44:23 pm '[INFO]': server is running in port 3000
March 16th 2020, 5:44:23 pm '[INFO]': POST / 200 

March 16th 2020, 5:44:23 pm '[INFO]': POST / 200 

March 16th 2020, 6:56:23 pm '[INFO]': server is running in port 3000
March 16th 2020, 6:56:23 pm '[INFO]': POST / 200 

March 16th 2020, 7:33:01 pm '[INFO]': server is running in port 3000
March 16th 2020, 7:33:01 pm '[INFO]': POST / 200 

March 16th 2020, 9:25:45 pm '[INFO]': server is running in port 3000
March 16th 2020, 9:25:45 pm '[INFO]': POST / 200 

March 16th 2020, 9:25:45 pm '[INFO]': POST / 200 

March 16th 2020, 10:18:08 pm '[INFO]': server is running in port 3000
March 16th 2020, 10:19:51 pm '[INFO]': server is running in port 3000
March 16th 2020, 10:22:15 pm '[ERROR]': uncaughtException: e is not defined
ReferenceError: e is not defined
    at module.exports (C:\Users\Dell\WebstormProjects\web_clb\models\model.user.js:41:15)
    at Object.<anonymous> (C:\Users\Dell\WebstormProjects\web_clb\db\connectDatabase.js:25:48)
    at Module._compile (internal/modules/cjs/loader.js:777:30)
    at Object.Module._extensions..js (internal/modules/cjs/loader.js:788:10)
    at Module.load (internal/modules/cjs/loader.js:643:32)
    at Function.Module._load (internal/modules/cjs/loader.js:556:12)
    at Module.require (internal/modules/cjs/loader.js:683:19)
    at require (internal/modules/cjs/helpers.js:16:16)
    at Object.<anonymous> (C:\Users\Dell\WebstormProjects\web_clb\controllers\controller.index.js:3:13)
    at Module._compile (internal/modules/cjs/loader.js:777:30)
    at Object.Module._extensions..js (internal/modules/cjs/loader.js:788:10)
    at Module.load (internal/modules/cjs/loader.js:643:32)
    at Function.Module._load (internal/modules/cjs/loader.js:556:12)
    at Module.require (internal/modules/cjs/loader.js:683:19)
    at require (internal/modules/cjs/helpers.js:16:16)
    at Object.<anonymous> (C:\Users\Dell\WebstormProjects\web_clb\routers\router.index.js:1:23)
    at Module._compile (internal/modules/cjs/loader.js:777:30)
    at Object.Module._extensions..js (internal/modules/cjs/loader.js:788:10)
    at Module.load (internal/modules/cjs/loader.js:643:32)
    at Function.Module._load (internal/modules/cjs/loader.js:556:12)
    at Module.require (internal/modules/cjs/loader.js:683:19)
    at require (internal/modules/cjs/helpers.js:16:16)
March 16th 2020, 10:23:15 pm '[INFO]': server is running in port 3000
March 16th 2020, 10:23:15 pm '[INFO]': table user is create success
March 16th 2020, 10:23:15 pm '[INFO]': [object SequelizeInstance:User]
March 16th 2020, 10:23:15 pm '[INFO]': POST / 200 

March 16th 2020, 10:23:15 pm '[INFO]': POST / 200 

March 16th 2020, 10:31:03 pm '[INFO]': server is running in port 3000
March 16th 2020, 10:31:03 pm '[INFO]': table user is create success
March 16th 2020, 10:31:03 pm '[INFO]': POST / 200 

March 16th 2020, 10:38:13 pm '[INFO]': server is running in port 3000
March 16th 2020, 10:38:13 pm '[INFO]': table user is create success
March 16th 2020, 10:38:13 pm '[INFO]': POST / 200 

March 16th 2020, 10:38:47 pm '[INFO]': server is running in port 3000
March 16th 2020, 10:38:47 pm '[INFO]': table user is create success
March 16th 2020, 10:38:47 pm '[INFO]': POST / 200 

March 16th 2020, 10:38:47 pm '[INFO]': POST / 200 

March 16th 2020, 10:48:55 pm '[INFO]': server is running in port 3000
March 16th 2020, 10:48:55 pm '[INFO]': table user is create success
March 16th 2020, 10:48:55 pm '[INFO]': POST / 200 

March 16th 2020, 10:49:15 pm '[INFO]': server is running in port 3000
March 16th 2020, 10:49:15 pm '[INFO]': table user is create success
March 16th 2020, 10:49:15 pm '[INFO]': POST / 200 

March 16th 2020, 10:54:45 pm '[INFO]': server is running in port 3000
March 16th 2020, 10:54:45 pm '[INFO]': table user is create success
March 16th 2020, 10:56:08 pm '[INFO]': server is running in port 3000
March 16th 2020, 10:56:08 pm '[INFO]': POST / 200 

March 16th 2020, 10:57:48 pm '[INFO]': server is running in port 3000
March 16th 2020, 10:57:48 pm '[INFO]': POST / 200 

March 16th 2020, 11:13:02 pm '[INFO]': server is running in port 3000
March 16th 2020, 11:13:02 pm '[ERROR]': table user is error BUG 
March 16th 2020, 11:13:02 pm '[INFO]': POST / 200 

March 16th 2020, 11:13:02 pm '[INFO]': [object SequelizeInstance:User]
March 16th 2020, 11:13:02 pm '[INFO]': POST / 200 

March 16th 2020, 11:13:02 pm '[INFO]': POST / 200 

March 16th 2020, 11:17:47 pm '[INFO]': server is running in port 3000
March 16th 2020, 11:17:47 pm '[ERROR]': table user is error BUG 
March 16th 2020, 11:18:36 pm '[INFO]': server is running in port 3000
March 16th 2020, 11:19:51 pm '[INFO]': server is running in port 3000
March 16th 2020, 11:19:51 pm '[INFO]': POST / 200 

March 16th 2020, 11:58:55 pm '[INFO]': server is running in port 3000
March 16th 2020, 11:59:31 pm '[ERROR]': uncaughtException: Unexpected token }
C:\Users\Dell\WebstormProjects\web_clb\models\model.user.js:47
        }
        ^

SyntaxError: Unexpected token }
    at Module._compile (internal/modules/cjs/loader.js:720:22)
    at Object.Module._extensions..js (internal/modules/cjs/loader.js:788:10)
    at Module.load (internal/modules/cjs/loader.js:643:32)
    at Function.Module._load (internal/modules/cjs/loader.js:556:12)
    at Module.require (internal/modules/cjs/loader.js:683:19)
    at require (internal/modules/cjs/helpers.js:16:16)
    at Object.<anonymous> (C:\Users\Dell\WebstormProjects\web_clb\db\connectDatabase.js:25:17)
    at Module._compile (internal/modules/cjs/loader.js:777:30)
    at Object.Module._extensions..js (internal/modules/cjs/loader.js:788:10)
    at Module.load (internal/modules/cjs/loader.js:643:32)
    at Function.Module._load (internal/modules/cjs/loader.js:556:12)
    at Module.require (internal/modules/cjs/loader.js:683:19)
    at require (internal/modules/cjs/helpers.js:16:16)
    at Object.<anonymous> (C:\Users\Dell\WebstormProjects\web_clb\controllers\controller.index.js:3:13)
    at Module._compile (internal/modules/cjs/loader.js:777:30)
    at Object.Module._extensions..js (internal/modules/cjs/loader.js:788:10)
    at Module.load (internal/modules/cjs/loader.js:643:32)
    at Function.Module._load (internal/modules/cjs/loader.js:556:12)
    at Module.require (internal/modules/cjs/loader.js:683:19)
    at require (internal/modules/cjs/helpers.js:16:16)
    at Object.<anonymous> (C:\Users\Dell\WebstormProjects\web_clb\routers\router.index.js:1:23)
    at Module._compile (internal/modules/cjs/loader.js:777:30)
March 17th 2020, 12:00:59 am '[ERROR]': uncaughtException: Unexpected token }
C:\Users\Dell\WebstormProjects\web_clb\models\model.user.js:47
        }
        ^

SyntaxError: Unexpected token }
    at Module._compile (internal/modules/cjs/loader.js:720:22)
    at Object.Module._extensions..js (internal/modules/cjs/loader.js:788:10)
    at Module.load (internal/modules/cjs/loader.js:643:32)
    at Function.Module._load (internal/modules/cjs/loader.js:556:12)
    at Module.require (internal/modules/cjs/loader.js:683:19)
    at require (internal/modules/cjs/helpers.js:16:16)
    at Object.<anonymous> (C:\Users\Dell\WebstormProjects\web_clb\db\connectDatabase.js:25:17)
    at Module._compile (internal/modules/cjs/loader.js:777:30)
    at Object.Module._extensions..js (internal/modules/cjs/loader.js:788:10)
    at Module.load (internal/modules/cjs/loader.js:643:32)
    at Function.Module._load (internal/modules/cjs/loader.js:556:12)
    at Module.require (internal/modules/cjs/loader.js:683:19)
    at require (internal/modules/cjs/helpers.js:16:16)
    at Object.<anonymous> (C:\Users\Dell\WebstormProjects\web_clb\controllers\controller.index.js:3:13)
    at Module._compile (internal/modules/cjs/loader.js:777:30)
    at Object.Module._extensions..js (internal/modules/cjs/loader.js:788:10)
    at Module.load (internal/modules/cjs/loader.js:643:32)
    at Function.Module._load (internal/modules/cjs/loader.js:556:12)
    at Module.require (internal/modules/cjs/loader.js:683:19)
    at require (internal/modules/cjs/helpers.js:16:16)
    at Object.<anonymous> (C:\Users\Dell\WebstormProjects\web_clb\routers\router.index.js:1:23)
    at Module._compile (internal/modules/cjs/loader.js:777:30)
March 17th 2020, 12:08:13 am '[ERROR]': uncaughtException: Unexpected token }
C:\Users\Dell\WebstormProjects\web_clb\models\model.user.js:47
        }
        ^

SyntaxError: Unexpected token }
    at Module._compile (internal/modules/cjs/loader.js:720:22)
    at Object.Module._extensions..js (internal/modules/cjs/loader.js:788:10)
    at Module.load (internal/modules/cjs/loader.js:643:32)
    at Function.Module._load (internal/modules/cjs/loader.js:556:12)
    at Module.require (internal/modules/cjs/loader.js:683:19)
    at require (internal/modules/cjs/helpers.js:16:16)
    at Object.<anonymous> (C:\Users\Dell\WebstormProjects\web_clb\db\connectDatabase.js:25:17)
    at Module._compile (internal/modules/cjs/loader.js:777:30)
    at Object.Module._extensions..js (internal/modules/cjs/loader.js:788:10)
    at Module.load (internal/modules/cjs/loader.js:643:32)
    at Function.Module._load (internal/modules/cjs/loader.js:556:12)
    at Module.require (internal/modules/cjs/loader.js:683:19)
    at require (internal/modules/cjs/helpers.js:16:16)
    at Object.<anonymous> (C:\Users\Dell\WebstormProjects\web_clb\controllers\controller.index.js:3:13)
    at Module._compile (internal/modules/cjs/loader.js:777:30)
    at Object.Module._extensions..js (internal/modules/cjs/loader.js:788:10)
    at Module.load (internal/modules/cjs/loader.js:643:32)
    at Function.Module._load (internal/modules/cjs/loader.js:556:12)
    at Module.require (internal/modules/cjs/loader.js:683:19)
    at require (internal/modules/cjs/helpers.js:16:16)
    at Object.<anonymous> (C:\Users\Dell\WebstormProjects\web_clb\routers\router.index.js:1:23)
    at Module._compile (internal/modules/cjs/loader.js:777:30)
March 17th 2020, 12:13:55 am '[INFO]': server is running in port 3000
March 17th 2020, 12:24:56 am '[INFO]': server is running in port 3000
March 17th 2020, 12:26:48 am '[INFO]': server is running in port 3000
March 17th 2020, 12:32:33 am '[INFO]': server is running in port 3000
March 17th 2020, 12:42:48 am '[INFO]': server is running in port 3000
March 17th 2020, 12:43:16 am '[INFO]': server is running in port 3000
March 17th 2020, 12:49:10 am '[INFO]': server is running in port 3000
March 17th 2020, 12:49:36 am '[INFO]': server is running in port 3000
March 17th 2020, 12:53:36 am '[INFO]': server is running in port 3000
March 17th 2020, 12:56:39 am '[INFO]': server is running in port 3000
March 17th 2020, 12:56:48 am '[INFO]': server is running in port 3000
March 17th 2020, 12:59:19 am '[INFO]': server is running in port 3000
March 17th 2020, 1:05:26 am '[INFO]': server is running in port 3000
March 17th 2020, 1:07:16 am '[INFO]': server is running in port 3000
March 17th 2020, 1:08:03 am '[INFO]': server is running in port 3000
March 17th 2020, 1:17:34 am '[INFO]': server is running in port 3000
March 17th 2020, 1:20:02 am '[INFO]': server is running in port 3000
March 17th 2020, 1:20:31 am '[INFO]': server is running in port 3000
March 17th 2020, 1:21:00 am '[INFO]': server is running in port 3000
March 17th 2020, 1:24:33 am '[INFO]': server is running in port 3000
March 19th 2020, 7:46:59 am '[ERROR]': uncaughtException: Cannot find module '../models/model.imageNews'
Require stack:
- C:\Users\Dell\WebstormProjects\web_clb\db\index.js
- C:\Users\Dell\WebstormProjects\web_clb\controllers\controller.index.js
- C:\Users\Dell\WebstormProjects\web_clb\routers\router.index.js
- C:\Users\Dell\WebstormProjects\web_clb\app.js
Error: Cannot find module '../models/model.imageNews'
Require stack:
- C:\Users\Dell\WebstormProjects\web_clb\db\index.js
- C:\Users\Dell\WebstormProjects\web_clb\controllers\controller.index.js
- C:\Users\Dell\WebstormProjects\web_clb\routers\router.index.js
- C:\Users\Dell\WebstormProjects\web_clb\app.js
    at Function.Module._resolveFilename (internal/modules/cjs/loader.js:625:15)
    at Function.Module._load (internal/modules/cjs/loader.js:527:27)
    at Module.require (internal/modules/cjs/loader.js:683:19)
    at require (internal/modules/cjs/helpers.js:16:16)
    at Object.<anonymous> (C:\Users\Dell\WebstormProjects\web_clb\db\index.js:12:22)
    at Module._compile (internal/modules/cjs/loader.js:777:30)
    at Object.Module._extensions..js (internal/modules/cjs/loader.js:788:10)
    at Module.load (internal/modules/cjs/loader.js:643:32)
    at Function.Module._load (internal/modules/cjs/loader.js:556:12)
    at Module.require (internal/modules/cjs/loader.js:683:19)
    at require (internal/modules/cjs/helpers.js:16:16)
    at Object.<anonymous> (C:\Users\Dell\WebstormProjects\web_clb\controllers\controller.index.js:3:13)
    at Module._compile (internal/modules/cjs/loader.js:777:30)
    at Object.Module._extensions..js (internal/modules/cjs/loader.js:788:10)
    at Module.load (internal/modules/cjs/loader.js:643:32)
    at Function.Module._load (internal/modules/cjs/loader.js:556:12)
    at Module.require (internal/modules/cjs/loader.js:683:19)
    at require (internal/modules/cjs/helpers.js:16:16)
    at Object.<anonymous> (C:\Users\Dell\WebstormProjects\web_clb\routers\router.index.js:1:23)
    at Module._compile (internal/modules/cjs/loader.js:777:30)
    at Object.Module._extensions..js (internal/modules/cjs/loader.js:788:10)
    at Module.load (internal/modules/cjs/loader.js:643:32)
March 19th 2020, 7:47:10 am '[ERROR]': uncaughtException: Cannot find module '../models/model.imageNews'
Require stack:
- C:\Users\Dell\WebstormProjects\web_clb\db\index.js
- C:\Users\Dell\WebstormProjects\web_clb\controllers\controller.index.js
- C:\Users\Dell\WebstormProjects\web_clb\routers\router.index.js
- C:\Users\Dell\WebstormProjects\web_clb\app.js
Error: Cannot find module '../models/model.imageNews'
Require stack:
- C:\Users\Dell\WebstormProjects\web_clb\db\index.js
- C:\Users\Dell\WebstormProjects\web_clb\controllers\controller.index.js
- C:\Users\Dell\WebstormProjects\web_clb\routers\router.index.js
- C:\Users\Dell\WebstormProjects\web_clb\app.js
    at Function.Module._resolveFilename (internal/modules/cjs/loader.js:625:15)
    at Function.Module._load (internal/modules/cjs/loader.js:527:27)
    at Module.require (internal/modules/cjs/loader.js:683:19)
    at require (internal/modules/cjs/helpers.js:16:16)
    at Object.<anonymous> (C:\Users\Dell\WebstormProjects\web_clb\db\index.js:12:22)
    at Module._compile (internal/modules/cjs/loader.js:777:30)
    at Object.Module._extensions..js (internal/modules/cjs/loader.js:788:10)
    at Module.load (internal/modules/cjs/loader.js:643:32)
    at Function.Module._load (internal/modules/cjs/loader.js:556:12)
    at Module.require (internal/modules/cjs/loader.js:683:19)
    at require (internal/modules/cjs/helpers.js:16:16)
    at Object.<anonymous> (C:\Users\Dell\WebstormProjects\web_clb\controllers\controller.index.js:3:13)
    at Module._compile (internal/modules/cjs/loader.js:777:30)
    at Object.Module._extensions..js (internal/modules/cjs/loader.js:788:10)
    at Module.load (internal/modules/cjs/loader.js:643:32)
    at Function.Module._load (internal/modules/cjs/loader.js:556:12)
    at Module.require (internal/modules/cjs/loader.js:683:19)
    at require (internal/modules/cjs/helpers.js:16:16)
    at Object.<anonymous> (C:\Users\Dell\WebstormProjects\web_clb\routers\router.index.js:1:23)
    at Module._compile (internal/modules/cjs/loader.js:777:30)
    at Object.Module._extensions..js (internal/modules/cjs/loader.js:788:10)
    at Module.load (internal/modules/cjs/loader.js:643:32)
March 19th 2020, 7:50:16 am '[INFO]': server is running in port 3000
March 19th 2020, 7:50:16 am '[INFO]': POST / 200 

March 19th 2020, 7:51:42 am '[INFO]': server is running in port 3000
March 19th 2020, 7:51:42 am '[INFO]': POST / 200 

March 19th 2020, 7:52:59 am '[INFO]': server is running in port 3000
March 19th 2020, 7:52:59 am '[INFO]': POST / 200 

March 19th 2020, 7:53:18 am '[INFO]': server is running in port 3000
March 19th 2020, 7:55:31 am '[INFO]': server is running in port 3000
March 19th 2020, 7:55:31 am '[INFO]': [object SequelizeInstance:User]
March 19th 2020, 7:55:31 am '[INFO]': POST / 200 

March 19th 2020, 8:00:45 am '[INFO]': server is running in port 3000
March 19th 2020, 8:01:18 am '[INFO]': server is running in port 3000
March 19th 2020, 8:24:19 am '[INFO]': server is running in port 3000
March 19th 2020, 8:39:31 am '[INFO]': server is running in port 3000
March 19th 2020, 8:41:13 am '[INFO]': server is running in port 3000
March 19th 2020, 8:43:45 am '[ERROR]': uncaughtException: Group.belongsToMany(Role) requires through option, pass either a string or a model
SequelizeAssociationError: Group.belongsToMany(Role) requires through option, pass either a string or a model
    at new BelongsToMany (C:\Users\Dell\WebstormProjects\web_clb\node_modules\sequelize\lib\associations\belongs-to-many.js:64:13)
    at Function.belongsToMany (C:\Users\Dell\WebstormProjects\web_clb\node_modules\sequelize\lib\associations\mixin.js:64:25)
    at module.exports (C:\Users\Dell\WebstormProjects\web_clb\models\references\model.renferences.js:6:16)
    at Object.<anonymous> (C:\Users\Dell\WebstormProjects\web_clb\db\index.js:27:50)
    at Module._compile (internal/modules/cjs/loader.js:777:30)
    at Object.Module._extensions..js (internal/modules/cjs/loader.js:788:10)
    at Module.load (internal/modules/cjs/loader.js:643:32)
    at Function.Module._load (internal/modules/cjs/loader.js:556:12)
    at Module.require (internal/modules/cjs/loader.js:683:19)
    at require (internal/modules/cjs/helpers.js:16:16)
    at Object.<anonymous> (C:\Users\Dell\WebstormProjects\web_clb\controllers\controller.index.js:3:13)
    at Module._compile (internal/modules/cjs/loader.js:777:30)
    at Object.Module._extensions..js (internal/modules/cjs/loader.js:788:10)
    at Module.load (internal/modules/cjs/loader.js:643:32)
    at Function.Module._load (internal/modules/cjs/loader.js:556:12)
    at Module.require (internal/modules/cjs/loader.js:683:19)
    at require (internal/modules/cjs/helpers.js:16:16)
    at Object.<anonymous> (C:\Users\Dell\WebstormProjects\web_clb\routers\router.index.js:1:23)
    at Module._compile (internal/modules/cjs/loader.js:777:30)
    at Object.Module._extensions..js (internal/modules/cjs/loader.js:788:10)
    at Module.load (internal/modules/cjs/loader.js:643:32)
    at Function.Module._load (internal/modules/cjs/loader.js:556:12)
March 19th 2020, 8:44:46 am '[ERROR]': uncaughtException: as is not defined
ReferenceError: as is not defined
    at module.exports (C:\Users\Dell\WebstormProjects\web_clb\models\references\model.renferences.js:6:70)
    at Object.<anonymous> (C:\Users\Dell\WebstormProjects\web_clb\db\index.js:27:50)
    at Module._compile (internal/modules/cjs/loader.js:777:30)
    at Object.Module._extensions..js (internal/modules/cjs/loader.js:788:10)
    at Module.load (internal/modules/cjs/loader.js:643:32)
    at Function.Module._load (internal/modules/cjs/loader.js:556:12)
    at Module.require (internal/modules/cjs/loader.js:683:19)
    at require (internal/modules/cjs/helpers.js:16:16)
    at Object.<anonymous> (C:\Users\Dell\WebstormProjects\web_clb\controllers\controller.index.js:3:13)
    at Module._compile (internal/modules/cjs/loader.js:777:30)
    at Object.Module._extensions..js (internal/modules/cjs/loader.js:788:10)
    at Module.load (internal/modules/cjs/loader.js:643:32)
    at Function.Module._load (internal/modules/cjs/loader.js:556:12)
    at Module.require (internal/modules/cjs/loader.js:683:19)
    at require (internal/modules/cjs/helpers.js:16:16)
    at Object.<anonymous> (C:\Users\Dell\WebstormProjects\web_clb\routers\router.index.js:1:23)
    at Module._compile (internal/modules/cjs/loader.js:777:30)
    at Object.Module._extensions..js (internal/modules/cjs/loader.js:788:10)
    at Module.load (internal/modules/cjs/loader.js:643:32)
    at Function.Module._load (internal/modules/cjs/loader.js:556:12)
    at Module.require (internal/modules/cjs/loader.js:683:19)
    at require (internal/modules/cjs/helpers.js:16:16)
March 19th 2020, 8:46:48 am '[ERROR]': uncaughtException: Group.belongsToMany(Role) requires through option, pass either a string or a model
SequelizeAssociationError: Group.belongsToMany(Role) requires through option, pass either a string or a model
    at new BelongsToMany (C:\Users\Dell\WebstormProjects\web_clb\node_modules\sequelize\lib\associations\belongs-to-many.js:64:13)
    at Function.belongsToMany (C:\Users\Dell\WebstormProjects\web_clb\node_modules\sequelize\lib\associations\mixin.js:64:25)
    at module.exports (C:\Users\Dell\WebstormProjects\web_clb\models\references\model.renferences.js:6:16)
    at Object.<anonymous> (C:\Users\Dell\WebstormProjects\web_clb\db\index.js:27:50)
    at Module._compile (internal/modules/cjs/loader.js:777:30)
    at Object.Module._extensions..js (internal/modules/cjs/loader.js:788:10)
    at Module.load (internal/modules/cjs/loader.js:643:32)
    at Function.Module._load (internal/modules/cjs/loader.js:556:12)
    at Module.require (internal/modules/cjs/loader.js:683:19)
    at require (internal/modules/cjs/helpers.js:16:16)
    at Object.<anonymous> (C:\Users\Dell\WebstormProjects\web_clb\controllers\controller.index.js:3:13)
    at Module._compile (internal/modules/cjs/loader.js:777:30)
    at Object.Module._extensions..js (internal/modules/cjs/loader.js:788:10)
    at Module.load (internal/modules/cjs/loader.js:643:32)
    at Function.Module._load (internal/modules/cjs/loader.js:556:12)
    at Module.require (internal/modules/cjs/loader.js:683:19)
    at require (internal/modules/cjs/helpers.js:16:16)
    at Object.<anonymous> (C:\Users\Dell\WebstormProjects\web_clb\routers\router.index.js:1:23)
    at Module._compile (internal/modules/cjs/loader.js:777:30)
    at Object.Module._extensions..js (internal/modules/cjs/loader.js:788:10)
    at Module.load (internal/modules/cjs/loader.js:643:32)
    at Function.Module._load (internal/modules/cjs/loader.js:556:12)
March 19th 2020, 8:52:25 am '[ERROR]': uncaughtException: Group.belongsToMany(Role) requires through option, pass either a string or a model
SequelizeAssociationError: Group.belongsToMany(Role) requires through option, pass either a string or a model
    at new BelongsToMany (C:\Users\Dell\WebstormProjects\web_clb\node_modules\sequelize\lib\associations\belongs-to-many.js:64:13)
    at Function.belongsToMany (C:\Users\Dell\WebstormProjects\web_clb\node_modules\sequelize\lib\associations\mixin.js:64:25)
    at module.exports (C:\Users\Dell\WebstormProjects\web_clb\models\references\model.renferences.js:6:16)
    at Object.<anonymous> (C:\Users\Dell\WebstormProjects\web_clb\db\index.js:27:50)
    at Module._compile (internal/modules/cjs/loader.js:777:30)
    at Object.Module._extensions..js (internal/modules/cjs/loader.js:788:10)
    at Module.load (internal/modules/cjs/loader.js:643:32)
    at Function.Module._load (internal/modules/cjs/loader.js:556:12)
    at Module.require (internal/modules/cjs/loader.js:683:19)
    at require (internal/modules/cjs/helpers.js:16:16)
    at Object.<anonymous> (C:\Users\Dell\WebstormProjects\web_clb\controllers\controller.index.js:3:13)
    at Module._compile (internal/modules/cjs/loader.js:777:30)
    at Object.Module._extensions..js (internal/modules/cjs/loader.js:788:10)
    at Module.load (internal/modules/cjs/loader.js:643:32)
    at Function.Module._load (internal/modules/cjs/loader.js:556:12)
    at Module.require (internal/modules/cjs/loader.js:683:19)
    at require (internal/modules/cjs/helpers.js:16:16)
    at Object.<anonymous> (C:\Users\Dell\WebstormProjects\web_clb\routers\router.index.js:1:23)
    at Module._compile (internal/modules/cjs/loader.js:777:30)
    at Object.Module._extensions..js (internal/modules/cjs/loader.js:788:10)
    at Module.load (internal/modules/cjs/loader.js:643:32)
    at Function.Module._load (internal/modules/cjs/loader.js:556:12)
March 19th 2020, 8:54:07 am '[ERROR]': uncaughtException: Group.belongsToMany(Role) requires through option, pass either a string or a model
SequelizeAssociationError: Group.belongsToMany(Role) requires through option, pass either a string or a model
    at new BelongsToMany (C:\Users\Dell\WebstormProjects\web_clb\node_modules\sequelize\lib\associations\belongs-to-many.js:64:13)
    at Function.belongsToMany (C:\Users\Dell\WebstormProjects\web_clb\node_modules\sequelize\lib\associations\mixin.js:64:25)
    at module.exports (C:\Users\Dell\WebstormProjects\web_clb\models\references\model.renferences.js:6:16)
    at Object.<anonymous> (C:\Users\Dell\WebstormProjects\web_clb\db\index.js:27:50)
    at Module._compile (internal/modules/cjs/loader.js:777:30)
    at Object.Module._extensions..js (internal/modules/cjs/loader.js:788:10)
    at Module.load (internal/modules/cjs/loader.js:643:32)
    at Function.Module._load (internal/modules/cjs/loader.js:556:12)
    at Module.require (internal/modules/cjs/loader.js:683:19)
    at require (internal/modules/cjs/helpers.js:16:16)
    at Object.<anonymous> (C:\Users\Dell\WebstormProjects\web_clb\controllers\controller.index.js:3:13)
    at Module._compile (internal/modules/cjs/loader.js:777:30)
    at Object.Module._extensions..js (internal/modules/cjs/loader.js:788:10)
    at Module.load (internal/modules/cjs/loader.js:643:32)
    at Function.Module._load (internal/modules/cjs/loader.js:556:12)
    at Module.require (internal/modules/cjs/loader.js:683:19)
    at require (internal/modules/cjs/helpers.js:16:16)
    at Object.<anonymous> (C:\Users\Dell\WebstormProjects\web_clb\routers\router.index.js:1:23)
    at Module._compile (internal/modules/cjs/loader.js:777:30)
    at Object.Module._extensions..js (internal/modules/cjs/loader.js:788:10)
    at Module.load (internal/modules/cjs/loader.js:643:32)
    at Function.Module._load (internal/modules/cjs/loader.js:556:12)
March 19th 2020, 8:56:05 am '[ERROR]': uncaughtException: Group.belongsToMany(Role) requires through option, pass either a string or a model
SequelizeAssociationError: Group.belongsToMany(Role) requires through option, pass either a string or a model
    at new BelongsToMany (C:\Users\Dell\WebstormProjects\web_clb\node_modules\sequelize\lib\associations\belongs-to-many.js:64:13)
    at Function.belongsToMany (C:\Users\Dell\WebstormProjects\web_clb\node_modules\sequelize\lib\associations\mixin.js:64:25)
    at module.exports (C:\Users\Dell\WebstormProjects\web_clb\models\references\model.renferences.js:6:16)
    at Object.<anonymous> (C:\Users\Dell\WebstormProjects\web_clb\db\index.js:27:50)
    at Module._compile (internal/modules/cjs/loader.js:777:30)
    at Object.Module._extensions..js (internal/modules/cjs/loader.js:788:10)
    at Module.load (internal/modules/cjs/loader.js:643:32)
    at Function.Module._load (internal/modules/cjs/loader.js:556:12)
    at Module.require (internal/modules/cjs/loader.js:683:19)
    at require (internal/modules/cjs/helpers.js:16:16)
    at Object.<anonymous> (C:\Users\Dell\WebstormProjects\web_clb\controllers\controller.index.js:3:13)
    at Module._compile (internal/modules/cjs/loader.js:777:30)
    at Object.Module._extensions..js (internal/modules/cjs/loader.js:788:10)
    at Module.load (internal/modules/cjs/loader.js:643:32)
    at Function.Module._load (internal/modules/cjs/loader.js:556:12)
    at Module.require (internal/modules/cjs/loader.js:683:19)
    at require (internal/modules/cjs/helpers.js:16:16)
    at Object.<anonymous> (C:\Users\Dell\WebstormProjects\web_clb\routers\router.index.js:1:23)
    at Module._compile (internal/modules/cjs/loader.js:777:30)
    at Object.Module._extensions..js (internal/modules/cjs/loader.js:788:10)
    at Module.load (internal/modules/cjs/loader.js:643:32)
    at Function.Module._load (internal/modules/cjs/loader.js:556:12)
March 19th 2020, 8:56:40 am '[INFO]': server is running in port 3000
March 19th 2020, 8:58:28 am '[ERROR]': uncaughtException: Group.belongsToMany(Role) requires through option, pass either a string or a model
SequelizeAssociationError: Group.belongsToMany(Role) requires through option, pass either a string or a model
    at new BelongsToMany (C:\Users\Dell\WebstormProjects\web_clb\node_modules\sequelize\lib\associations\belongs-to-many.js:64:13)
    at Function.belongsToMany (C:\Users\Dell\WebstormProjects\web_clb\node_modules\sequelize\lib\associations\mixin.js:64:25)
    at module.exports (C:\Users\Dell\WebstormProjects\web_clb\models\references\model.references.js:7:16)
    at Object.<anonymous> (C:\Users\Dell\WebstormProjects\web_clb\db\index.js:27:49)
    at Module._compile (internal/modules/cjs/loader.js:777:30)
    at Object.Module._extensions..js (internal/modules/cjs/loader.js:788:10)
    at Module.load (internal/modules/cjs/loader.js:643:32)
    at Function.Module._load (internal/modules/cjs/loader.js:556:12)
    at Module.require (internal/modules/cjs/loader.js:683:19)
    at require (internal/modules/cjs/helpers.js:16:16)
    at Object.<anonymous> (C:\Users\Dell\WebstormProjects\web_clb\controllers\controller.index.js:3:13)
    at Module._compile (internal/modules/cjs/loader.js:777:30)
    at Object.Module._extensions..js (internal/modules/cjs/loader.js:788:10)
    at Module.load (internal/modules/cjs/loader.js:643:32)
    at Function.Module._load (internal/modules/cjs/loader.js:556:12)
    at Module.require (internal/modules/cjs/loader.js:683:19)
    at require (internal/modules/cjs/helpers.js:16:16)
    at Object.<anonymous> (C:\Users\Dell\WebstormProjects\web_clb\routers\router.index.js:1:23)
    at Module._compile (internal/modules/cjs/loader.js:777:30)
    at Object.Module._extensions..js (internal/modules/cjs/loader.js:788:10)
    at Module.load (internal/modules/cjs/loader.js:643:32)
    at Function.Module._load (internal/modules/cjs/loader.js:556:12)
March 19th 2020, 8:58:51 am '[ERROR]': uncaughtException: Group.belongsToMany(Role) requires through option, pass either a string or a model
SequelizeAssociationError: Group.belongsToMany(Role) requires through option, pass either a string or a model
    at new BelongsToMany (C:\Users\Dell\WebstormProjects\web_clb\node_modules\sequelize\lib\associations\belongs-to-many.js:64:13)
    at Function.belongsToMany (C:\Users\Dell\WebstormProjects\web_clb\node_modules\sequelize\lib\associations\mixin.js:64:25)
    at module.exports (C:\Users\Dell\WebstormProjects\web_clb\models\references\model.references.js:7:16)
    at Object.<anonymous> (C:\Users\Dell\WebstormProjects\web_clb\db\index.js:27:49)
    at Module._compile (internal/modules/cjs/loader.js:777:30)
    at Object.Module._extensions..js (internal/modules/cjs/loader.js:788:10)
    at Module.load (internal/modules/cjs/loader.js:643:32)
    at Function.Module._load (internal/modules/cjs/loader.js:556:12)
    at Module.require (internal/modules/cjs/loader.js:683:19)
    at require (internal/modules/cjs/helpers.js:16:16)
    at Object.<anonymous> (C:\Users\Dell\WebstormProjects\web_clb\controllers\controller.index.js:3:13)
    at Module._compile (internal/modules/cjs/loader.js:777:30)
    at Object.Module._extensions..js (internal/modules/cjs/loader.js:788:10)
    at Module.load (internal/modules/cjs/loader.js:643:32)
    at Function.Module._load (internal/modules/cjs/loader.js:556:12)
    at Module.require (internal/modules/cjs/loader.js:683:19)
    at require (internal/modules/cjs/helpers.js:16:16)
    at Object.<anonymous> (C:\Users\Dell\WebstormProjects\web_clb\routers\router.index.js:1:23)
    at Module._compile (internal/modules/cjs/loader.js:777:30)
    at Object.Module._extensions..js (internal/modules/cjs/loader.js:788:10)
    at Module.load (internal/modules/cjs/loader.js:643:32)
    at Function.Module._load (internal/modules/cjs/loader.js:556:12)
March 19th 2020, 8:59:38 am '[ERROR]': uncaughtException: Group.belongsToMany(Role) requires through option, pass either a string or a model
SequelizeAssociationError: Group.belongsToMany(Role) requires through option, pass either a string or a model
    at new BelongsToMany (C:\Users\Dell\WebstormProjects\web_clb\node_modules\sequelize\lib\associations\belongs-to-many.js:64:13)
    at Function.belongsToMany (C:\Users\Dell\WebstormProjects\web_clb\node_modules\sequelize\lib\associations\mixin.js:64:25)
    at module.exports (C:\Users\Dell\WebstormProjects\web_clb\models\references\model.references.js:6:16)
    at Object.<anonymous> (C:\Users\Dell\WebstormProjects\web_clb\db\index.js:29:49)
    at Module._compile (internal/modules/cjs/loader.js:777:30)
    at Object.Module._extensions..js (internal/modules/cjs/loader.js:788:10)
    at Module.load (internal/modules/cjs/loader.js:643:32)
    at Function.Module._load (internal/modules/cjs/loader.js:556:12)
    at Module.require (internal/modules/cjs/loader.js:683:19)
    at require (internal/modules/cjs/helpers.js:16:16)
    at Object.<anonymous> (C:\Users\Dell\WebstormProjects\web_clb\controllers\controller.index.js:3:13)
    at Module._compile (internal/modules/cjs/loader.js:777:30)
    at Object.Module._extensions..js (internal/modules/cjs/loader.js:788:10)
    at Module.load (internal/modules/cjs/loader.js:643:32)
    at Function.Module._load (internal/modules/cjs/loader.js:556:12)
    at Module.require (internal/modules/cjs/loader.js:683:19)
    at require (internal/modules/cjs/helpers.js:16:16)
    at Object.<anonymous> (C:\Users\Dell\WebstormProjects\web_clb\routers\router.index.js:1:23)
    at Module._compile (internal/modules/cjs/loader.js:777:30)
    at Object.Module._extensions..js (internal/modules/cjs/loader.js:788:10)
    at Module.load (internal/modules/cjs/loader.js:643:32)
    at Function.Module._load (internal/modules/cjs/loader.js:556:12)
March 19th 2020, 9:00:19 am '[INFO]': server is running in port 3000
March 19th 2020, 9:22:43 am '[INFO]': server is running in port 3000
March 19th 2020, 9:22:50 am '[INFO]': server is running in port 3000
March 19th 2020, 9:23:06 am '[INFO]': server is running in port 3000
March 19th 2020, 9:43:14 am '[INFO]': server is running in port 3000
March 19th 2020, 9:50:31 am '[INFO]': server is running in port 3000
March 19th 2020, 9:53:04 am '[INFO]': server is running in port 3000
March 19th 2020, 9:53:42 am '[INFO]': server is running in port 3000
March 19th 2020, 9:59:49 am '[INFO]': server is running in port 3000
March 19th 2020, 10:00:58 am '[INFO]': server is running in port 3000
March 19th 2020, 10:05:49 am '[INFO]': server is running in port 3000
March 19th 2020, 10:11:37 am '[ERROR]': uncaughtException: Cannot read property 'belongsToMany' of undefined
TypeError: Cannot read property 'belongsToMany' of undefined
    at module.exports (C:\Users\Dell\WebstormProjects\web_clb\models\references\model.references.js:23:21)
    at Object.<anonymous> (C:\Users\Dell\WebstormProjects\web_clb\db\index.js:27:49)
    at Module._compile (internal/modules/cjs/loader.js:777:30)
    at Object.Module._extensions..js (internal/modules/cjs/loader.js:788:10)
    at Module.load (internal/modules/cjs/loader.js:643:32)
    at Function.Module._load (internal/modules/cjs/loader.js:556:12)
    at Module.require (internal/modules/cjs/loader.js:683:19)
    at require (internal/modules/cjs/helpers.js:16:16)
    at Object.<anonymous> (C:\Users\Dell\WebstormProjects\web_clb\controllers\controller.index.js:3:13)
    at Module._compile (internal/modules/cjs/loader.js:777:30)
    at Object.Module._extensions..js (internal/modules/cjs/loader.js:788:10)
    at Module.load (internal/modules/cjs/loader.js:643:32)
    at Function.Module._load (internal/modules/cjs/loader.js:556:12)
    at Module.require (internal/modules/cjs/loader.js:683:19)
    at require (internal/modules/cjs/helpers.js:16:16)
    at Object.<anonymous> (C:\Users\Dell\WebstormProjects\web_clb\routers\router.index.js:1:23)
    at Module._compile (internal/modules/cjs/loader.js:777:30)
    at Object.Module._extensions..js (internal/modules/cjs/loader.js:788:10)
    at Module.load (internal/modules/cjs/loader.js:643:32)
    at Function.Module._load (internal/modules/cjs/loader.js:556:12)
    at Module.require (internal/modules/cjs/loader.js:683:19)
    at require (internal/modules/cjs/helpers.js:16:16)
March 19th 2020, 10:13:39 am '[ERROR]': uncaughtException: Unexpected token }
C:\Users\Dell\WebstormProjects\web_clb\models\references\model.references.js:29
    userModel.hasMany(newsModel , {as : })
                                        ^

SyntaxError: Unexpected token }
    at Module._compile (internal/modules/cjs/loader.js:720:22)
    at Object.Module._extensions..js (internal/modules/cjs/loader.js:788:10)
    at Module.load (internal/modules/cjs/loader.js:643:32)
    at Function.Module._load (internal/modules/cjs/loader.js:556:12)
    at Module.require (internal/modules/cjs/loader.js:683:19)
    at require (internal/modules/cjs/helpers.js:16:16)
    at Object.<anonymous> (C:\Users\Dell\WebstormProjects\web_clb\db\index.js:27:1)
    at Module._compile (internal/modules/cjs/loader.js:777:30)
    at Object.Module._extensions..js (internal/modules/cjs/loader.js:788:10)
    at Module.load (internal/modules/cjs/loader.js:643:32)
    at Function.Module._load (internal/modules/cjs/loader.js:556:12)
    at Module.require (internal/modules/cjs/loader.js:683:19)
    at require (internal/modules/cjs/helpers.js:16:16)
    at Object.<anonymous> (C:\Users\Dell\WebstormProjects\web_clb\controllers\controller.index.js:3:13)
    at Module._compile (internal/modules/cjs/loader.js:777:30)
    at Object.Module._extensions..js (internal/modules/cjs/loader.js:788:10)
    at Module.load (internal/modules/cjs/loader.js:643:32)
    at Function.Module._load (internal/modules/cjs/loader.js:556:12)
    at Module.require (internal/modules/cjs/loader.js:683:19)
    at require (internal/modules/cjs/helpers.js:16:16)
    at Object.<anonymous> (C:\Users\Dell\WebstormProjects\web_clb\routers\router.index.js:1:23)
    at Module._compile (internal/modules/cjs/loader.js:777:30)
March 19th 2020, 10:14:36 am '[ERROR]': uncaughtException: Cannot read property 'belongsToMany' of undefined
TypeError: Cannot read property 'belongsToMany' of undefined
    at module.exports (C:\Users\Dell\WebstormProjects\web_clb\models\references\model.references.js:23:21)
    at Object.<anonymous> (C:\Users\Dell\WebstormProjects\web_clb\db\index.js:27:49)
    at Module._compile (internal/modules/cjs/loader.js:777:30)
    at Object.Module._extensions..js (internal/modules/cjs/loader.js:788:10)
    at Module.load (internal/modules/cjs/loader.js:643:32)
    at Function.Module._load (internal/modules/cjs/loader.js:556:12)
    at Module.require (internal/modules/cjs/loader.js:683:19)
    at require (internal/modules/cjs/helpers.js:16:16)
    at Object.<anonymous> (C:\Users\Dell\WebstormProjects\web_clb\controllers\controller.index.js:3:13)
    at Module._compile (internal/modules/cjs/loader.js:777:30)
    at Object.Module._extensions..js (internal/modules/cjs/loader.js:788:10)
    at Module.load (internal/modules/cjs/loader.js:643:32)
    at Function.Module._load (internal/modules/cjs/loader.js:556:12)
    at Module.require (internal/modules/cjs/loader.js:683:19)
    at require (internal/modules/cjs/helpers.js:16:16)
    at Object.<anonymous> (C:\Users\Dell\WebstormProjects\web_clb\routers\router.index.js:1:23)
    at Module._compile (internal/modules/cjs/loader.js:777:30)
    at Object.Module._extensions..js (internal/modules/cjs/loader.js:788:10)
    at Module.load (internal/modules/cjs/loader.js:643:32)
    at Function.Module._load (internal/modules/cjs/loader.js:556:12)
    at Module.require (internal/modules/cjs/loader.js:683:19)
    at require (internal/modules/cjs/helpers.js:16:16)
March 19th 2020, 10:15:47 am '[ERROR]': uncaughtException: Cannot read property 'belongsToMany' of undefined
TypeError: Cannot read property 'belongsToMany' of undefined
    at module.exports (C:\Users\Dell\WebstormProjects\web_clb\models\references\model.references.js:23:21)
    at Object.<anonymous> (C:\Users\Dell\WebstormProjects\web_clb\db\index.js:27:49)
    at Module._compile (internal/modules/cjs/loader.js:777:30)
    at Object.Module._extensions..js (internal/modules/cjs/loader.js:788:10)
    at Module.load (internal/modules/cjs/loader.js:643:32)
    at Function.Module._load (internal/modules/cjs/loader.js:556:12)
    at Module.require (internal/modules/cjs/loader.js:683:19)
    at require (internal/modules/cjs/helpers.js:16:16)
    at Object.<anonymous> (C:\Users\Dell\WebstormProjects\web_clb\controllers\controller.index.js:3:13)
    at Module._compile (internal/modules/cjs/loader.js:777:30)
    at Object.Module._extensions..js (internal/modules/cjs/loader.js:788:10)
    at Module.load (internal/modules/cjs/loader.js:643:32)
    at Function.Module._load (internal/modules/cjs/loader.js:556:12)
    at Module.require (internal/modules/cjs/loader.js:683:19)
    at require (internal/modules/cjs/helpers.js:16:16)
    at Object.<anonymous> (C:\Users\Dell\WebstormProjects\web_clb\routers\router.index.js:1:23)
    at Module._compile (internal/modules/cjs/loader.js:777:30)
    at Object.Module._extensions..js (internal/modules/cjs/loader.js:788:10)
    at Module.load (internal/modules/cjs/loader.js:643:32)
    at Function.Module._load (internal/modules/cjs/loader.js:556:12)
    at Module.require (internal/modules/cjs/loader.js:683:19)
    at require (internal/modules/cjs/helpers.js:16:16)
March 19th 2020, 10:16:28 am '[ERROR]': uncaughtException: Cannot read property 'belongsToMany' of undefined
TypeError: Cannot read property 'belongsToMany' of undefined
    at module.exports (C:\Users\Dell\WebstormProjects\web_clb\models\references\model.references.js:23:21)
    at Object.<anonymous> (C:\Users\Dell\WebstormProjects\web_clb\db\index.js:27:49)
    at Module._compile (internal/modules/cjs/loader.js:777:30)
    at Object.Module._extensions..js (internal/modules/cjs/loader.js:788:10)
    at Module.load (internal/modules/cjs/loader.js:643:32)
    at Function.Module._load (internal/modules/cjs/loader.js:556:12)
    at Module.require (internal/modules/cjs/loader.js:683:19)
    at require (internal/modules/cjs/helpers.js:16:16)
    at Object.<anonymous> (C:\Users\Dell\WebstormProjects\web_clb\controllers\controller.index.js:3:13)
    at Module._compile (internal/modules/cjs/loader.js:777:30)
    at Object.Module._extensions..js (internal/modules/cjs/loader.js:788:10)
    at Module.load (internal/modules/cjs/loader.js:643:32)
    at Function.Module._load (internal/modules/cjs/loader.js:556:12)
    at Module.require (internal/modules/cjs/loader.js:683:19)
    at require (internal/modules/cjs/helpers.js:16:16)
    at Object.<anonymous> (C:\Users\Dell\WebstormProjects\web_clb\routers\router.index.js:1:23)
    at Module._compile (internal/modules/cjs/loader.js:777:30)
    at Object.Module._extensions..js (internal/modules/cjs/loader.js:788:10)
    at Module.load (internal/modules/cjs/loader.js:643:32)
    at Function.Module._load (internal/modules/cjs/loader.js:556:12)
    at Module.require (internal/modules/cjs/loader.js:683:19)
    at require (internal/modules/cjs/helpers.js:16:16)
March 19th 2020, 10:20:54 am '[ERROR]': uncaughtException: Cannot read property 'belongsToMany' of undefined
TypeError: Cannot read property 'belongsToMany' of undefined
    at module.exports (C:\Users\Dell\WebstormProjects\web_clb\models\references\model.references.js:23:21)
    at Object.<anonymous> (C:\Users\Dell\WebstormProjects\web_clb\db\index.js:27:49)
    at Module._compile (internal/modules/cjs/loader.js:777:30)
    at Object.Module._extensions..js (internal/modules/cjs/loader.js:788:10)
    at Module.load (internal/modules/cjs/loader.js:643:32)
    at Function.Module._load (internal/modules/cjs/loader.js:556:12)
    at Module.require (internal/modules/cjs/loader.js:683:19)
    at require (internal/modules/cjs/helpers.js:16:16)
    at Object.<anonymous> (C:\Users\Dell\WebstormProjects\web_clb\controllers\controller.index.js:3:13)
    at Module._compile (internal/modules/cjs/loader.js:777:30)
    at Object.Module._extensions..js (internal/modules/cjs/loader.js:788:10)
    at Module.load (internal/modules/cjs/loader.js:643:32)
    at Function.Module._load (internal/modules/cjs/loader.js:556:12)
    at Module.require (internal/modules/cjs/loader.js:683:19)
    at require (internal/modules/cjs/helpers.js:16:16)
    at Object.<anonymous> (C:\Users\Dell\WebstormProjects\web_clb\routers\router.index.js:1:23)
    at Module._compile (internal/modules/cjs/loader.js:777:30)
    at Object.Module._extensions..js (internal/modules/cjs/loader.js:788:10)
    at Module.load (internal/modules/cjs/loader.js:643:32)
    at Function.Module._load (internal/modules/cjs/loader.js:556:12)
    at Module.require (internal/modules/cjs/loader.js:683:19)
    at require (internal/modules/cjs/helpers.js:16:16)
March 19th 2020, 10:23:37 am '[INFO]': server is running in port 3000
March 19th 2020, 10:28:29 am '[INFO]': server is running in port 3000
March 19th 2020, 11:04:05 am '[INFO]': server is running in port 3000
March 19th 2020, 11:05:34 am '[INFO]': server is running in port 3000
March 19th 2020, 11:06:59 am '[INFO]': server is running in port 3000
March 19th 2020, 11:10:17 am '[INFO]': server is running in port 3000
March 19th 2020, 11:10:59 am '[INFO]': server is running in port 3000
March 19th 2020, 11:11:08 am '[INFO]': server is running in port 3000
March 19th 2020, 11:15:42 am '[INFO]': server is running in port 3000
March 19th 2020, 11:52:52 am '[INFO]': server is running in port 3000
March 19th 2020, 11:54:39 am '[ERROR]': uncaughtException: Cannot find module '../config'
Require stack:
- C:\Users\Dell\WebstormProjects\web_clb\controllers\controller.index.js
- C:\Users\Dell\WebstormProjects\web_clb\routers\router.index.js
- C:\Users\Dell\WebstormProjects\web_clb\app.js
Error: Cannot find module '../config'
Require stack:
- C:\Users\Dell\WebstormProjects\web_clb\controllers\controller.index.js
- C:\Users\Dell\WebstormProjects\web_clb\routers\router.index.js
- C:\Users\Dell\WebstormProjects\web_clb\app.js
    at Function.Module._resolveFilename (internal/modules/cjs/loader.js:625:15)
    at Function.Module._load (internal/modules/cjs/loader.js:527:27)
    at Module.require (internal/modules/cjs/loader.js:683:19)
    at require (internal/modules/cjs/helpers.js:16:16)
    at Object.<anonymous> (C:\Users\Dell\WebstormProjects\web_clb\controllers\controller.index.js:1:21)
    at Module._compile (internal/modules/cjs/loader.js:777:30)
    at Object.Module._extensions..js (internal/modules/cjs/loader.js:788:10)
    at Module.load (internal/modules/cjs/loader.js:643:32)
    at Function.Module._load (internal/modules/cjs/loader.js:556:12)
    at Module.require (internal/modules/cjs/loader.js:683:19)
March 19th 2020, 11:55:55 am '[ERROR]': uncaughtException: Cannot find module '../config'
Require stack:
- C:\Users\Dell\WebstormProjects\web_clb\controllers\controller.index.js
- C:\Users\Dell\WebstormProjects\web_clb\routers\router.index.js
- C:\Users\Dell\WebstormProjects\web_clb\app.js
Error: Cannot find module '../config'
Require stack:
- C:\Users\Dell\WebstormProjects\web_clb\controllers\controller.index.js
- C:\Users\Dell\WebstormProjects\web_clb\routers\router.index.js
- C:\Users\Dell\WebstormProjects\web_clb\app.js
    at Function.Module._resolveFilename (internal/modules/cjs/loader.js:625:15)
    at Function.Module._load (internal/modules/cjs/loader.js:527:27)
    at Module.require (internal/modules/cjs/loader.js:683:19)
    at require (internal/modules/cjs/helpers.js:16:16)
    at Object.<anonymous> (C:\Users\Dell\WebstormProjects\web_clb\controllers\controller.index.js:1:21)
    at Module._compile (internal/modules/cjs/loader.js:777:30)
    at Object.Module._extensions..js (internal/modules/cjs/loader.js:788:10)
    at Module.load (internal/modules/cjs/loader.js:643:32)
    at Function.Module._load (internal/modules/cjs/loader.js:556:12)
    at Module.require (internal/modules/cjs/loader.js:683:19)
March 19th 2020, 12:02:51 pm '[INFO]': server is running in port 3000
March 19th 2020, 12:03:49 pm '[INFO]': server is running in port 3000
March 19th 2020, 12:04:43 pm '[INFO]': server is running in port 3000
March 19th 2020, 12:05:28 pm '[INFO]': server is running in port 3000
March 19th 2020, 12:05:53 pm '[INFO]': server is running in port 3000
March 19th 2020, 12:07:12 pm '[INFO]': server is running in port 3000
March 19th 2020, 12:10:45 pm '[INFO]': server is running in port 3000
March 19th 2020, 12:11:54 pm '[INFO]': server is running in port 3000
March 19th 2020, 12:14:52 pm '[INFO]': server is running in port 3000
March 19th 2020, 12:49:34 pm '[INFO]': server is running in port 3000
March 19th 2020, 2:19:01 pm '[INFO]': server is running in port 3000
March 19th 2020, 2:59:44 pm '[ERROR]': uncaughtException: Unrecognized datatype for attribute "UserGroupRole.status"
Error: Unrecognized datatype for attribute "UserGroupRole.status"
    at C:\Users\Dell\WebstormProjects\web_clb\node_modules\sequelize\lib\model.js:1005:15
    at C:\Users\Dell\WebstormProjects\web_clb\node_modules\lodash\lodash.js:13401:38
    at C:\Users\Dell\WebstormProjects\web_clb\node_modules\lodash\lodash.js:4905:15
    at baseForOwn (C:\Users\Dell\WebstormProjects\web_clb\node_modules\lodash\lodash.js:2990:24)
    at Function.mapValues (C:\Users\Dell\WebstormProjects\web_clb\node_modules\lodash\lodash.js:13400:7)
    at Function.init (C:\Users\Dell\WebstormProjects\web_clb\node_modules\sequelize\lib\model.js:1001:28)
    at Sequelize.define (C:\Users\Dell\WebstormProjects\web_clb\node_modules\sequelize\lib\sequelize.js:428:11)
    at module.exports (C:\Users\Dell\WebstormProjects\web_clb\models\model.userGroupRole.js:4:35)
    at Object.<anonymous> (C:\Users\Dell\WebstormProjects\web_clb\db\index.js:7:66)
    at Module._compile (internal/modules/cjs/loader.js:777:30)
    at Object.Module._extensions..js (internal/modules/cjs/loader.js:788:10)
    at Module.load (internal/modules/cjs/loader.js:643:32)
    at Function.Module._load (internal/modules/cjs/loader.js:556:12)
    at Module.require (internal/modules/cjs/loader.js:683:19)
    at require (internal/modules/cjs/helpers.js:16:16)
    at Object.<anonymous> (C:\Users\Dell\WebstormProjects\web_clb\controllers\controller.index.js:3:13)
    at Module._compile (internal/modules/cjs/loader.js:777:30)
    at Object.Module._extensions..js (internal/modules/cjs/loader.js:788:10)
    at Module.load (internal/modules/cjs/loader.js:643:32)
    at Function.Module._load (internal/modules/cjs/loader.js:556:12)
    at Module.require (internal/modules/cjs/loader.js:683:19)
    at require (internal/modules/cjs/helpers.js:16:16)
March 19th 2020, 3:12:55 pm '[ERROR]': uncaughtException: Unrecognized datatype for attribute "UserGroupRole.status"
Error: Unrecognized datatype for attribute "UserGroupRole.status"
    at C:\Users\Dell\WebstormProjects\web_clb\node_modules\sequelize\lib\model.js:1005:15
    at C:\Users\Dell\WebstormProjects\web_clb\node_modules\lodash\lodash.js:13401:38
    at C:\Users\Dell\WebstormProjects\web_clb\node_modules\lodash\lodash.js:4905:15
    at baseForOwn (C:\Users\Dell\WebstormProjects\web_clb\node_modules\lodash\lodash.js:2990:24)
    at Function.mapValues (C:\Users\Dell\WebstormProjects\web_clb\node_modules\lodash\lodash.js:13400:7)
    at Function.init (C:\Users\Dell\WebstormProjects\web_clb\node_modules\sequelize\lib\model.js:1001:28)
    at Sequelize.define (C:\Users\Dell\WebstormProjects\web_clb\node_modules\sequelize\lib\sequelize.js:428:11)
    at module.exports (C:\Users\Dell\WebstormProjects\web_clb\models\model.userGroupRole.js:4:35)
    at Object.<anonymous> (C:\Users\Dell\WebstormProjects\web_clb\db\index.js:7:66)
    at Module._compile (internal/modules/cjs/loader.js:777:30)
    at Object.Module._extensions..js (internal/modules/cjs/loader.js:788:10)
    at Module.load (internal/modules/cjs/loader.js:643:32)
    at Function.Module._load (internal/modules/cjs/loader.js:556:12)
    at Module.require (internal/modules/cjs/loader.js:683:19)
    at require (internal/modules/cjs/helpers.js:16:16)
    at Object.<anonymous> (C:\Users\Dell\WebstormProjects\web_clb\controllers\controller.index.js:3:13)
    at Module._compile (internal/modules/cjs/loader.js:777:30)
    at Object.Module._extensions..js (internal/modules/cjs/loader.js:788:10)
    at Module.load (internal/modules/cjs/loader.js:643:32)
    at Function.Module._load (internal/modules/cjs/loader.js:556:12)
    at Module.require (internal/modules/cjs/loader.js:683:19)
    at require (internal/modules/cjs/helpers.js:16:16)
March 19th 2020, 3:16:35 pm '[ERROR]': uncaughtException: Unrecognized datatype for attribute "UserGroupRole.status"
Error: Unrecognized datatype for attribute "UserGroupRole.status"
    at C:\Users\Dell\WebstormProjects\web_clb\node_modules\sequelize\lib\model.js:1005:15
    at C:\Users\Dell\WebstormProjects\web_clb\node_modules\lodash\lodash.js:13401:38
    at C:\Users\Dell\WebstormProjects\web_clb\node_modules\lodash\lodash.js:4905:15
    at baseForOwn (C:\Users\Dell\WebstormProjects\web_clb\node_modules\lodash\lodash.js:2990:24)
    at Function.mapValues (C:\Users\Dell\WebstormProjects\web_clb\node_modules\lodash\lodash.js:13400:7)
    at Function.init (C:\Users\Dell\WebstormProjects\web_clb\node_modules\sequelize\lib\model.js:1001:28)
    at Sequelize.define (C:\Users\Dell\WebstormProjects\web_clb\node_modules\sequelize\lib\sequelize.js:428:11)
    at module.exports (C:\Users\Dell\WebstormProjects\web_clb\models\model.userGroupRole.js:4:35)
    at Object.<anonymous> (C:\Users\Dell\WebstormProjects\web_clb\db\index.js:7:66)
    at Module._compile (internal/modules/cjs/loader.js:777:30)
    at Object.Module._extensions..js (internal/modules/cjs/loader.js:788:10)
    at Module.load (internal/modules/cjs/loader.js:643:32)
    at Function.Module._load (internal/modules/cjs/loader.js:556:12)
    at Module.require (internal/modules/cjs/loader.js:683:19)
    at require (internal/modules/cjs/helpers.js:16:16)
    at Object.<anonymous> (C:\Users\Dell\WebstormProjects\web_clb\controllers\controller.index.js:3:13)
    at Module._compile (internal/modules/cjs/loader.js:777:30)
    at Object.Module._extensions..js (internal/modules/cjs/loader.js:788:10)
    at Module.load (internal/modules/cjs/loader.js:643:32)
    at Function.Module._load (internal/modules/cjs/loader.js:556:12)
    at Module.require (internal/modules/cjs/loader.js:683:19)
    at require (internal/modules/cjs/helpers.js:16:16)
March 19th 2020, 3:17:09 pm '[INFO]': server is running in port 3000
March 19th 2020, 3:17:58 pm '[ERROR]': uncaughtException: Unrecognized datatype for attribute "UserGroupRole.status"
Error: Unrecognized datatype for attribute "UserGroupRole.status"
    at C:\Users\Dell\WebstormProjects\web_clb\node_modules\sequelize\lib\model.js:1005:15
    at C:\Users\Dell\WebstormProjects\web_clb\node_modules\lodash\lodash.js:13401:38
    at C:\Users\Dell\WebstormProjects\web_clb\node_modules\lodash\lodash.js:4905:15
    at baseForOwn (C:\Users\Dell\WebstormProjects\web_clb\node_modules\lodash\lodash.js:2990:24)
    at Function.mapValues (C:\Users\Dell\WebstormProjects\web_clb\node_modules\lodash\lodash.js:13400:7)
    at Function.init (C:\Users\Dell\WebstormProjects\web_clb\node_modules\sequelize\lib\model.js:1001:28)
    at Sequelize.define (C:\Users\Dell\WebstormProjects\web_clb\node_modules\sequelize\lib\sequelize.js:428:11)
    at module.exports (C:\Users\Dell\WebstormProjects\web_clb\models\model.userGroupRole.js:4:35)
    at Object.<anonymous> (C:\Users\Dell\WebstormProjects\web_clb\db\index.js:7:66)
    at Module._compile (internal/modules/cjs/loader.js:777:30)
    at Object.Module._extensions..js (internal/modules/cjs/loader.js:788:10)
    at Module.load (internal/modules/cjs/loader.js:643:32)
    at Function.Module._load (internal/modules/cjs/loader.js:556:12)
    at Module.require (internal/modules/cjs/loader.js:683:19)
    at require (internal/modules/cjs/helpers.js:16:16)
    at Object.<anonymous> (C:\Users\Dell\WebstormProjects\web_clb\controllers\controller.index.js:3:12)
    at Module._compile (internal/modules/cjs/loader.js:777:30)
    at Object.Module._extensions..js (internal/modules/cjs/loader.js:788:10)
    at Module.load (internal/modules/cjs/loader.js:643:32)
    at Function.Module._load (internal/modules/cjs/loader.js:556:12)
    at Module.require (internal/modules/cjs/loader.js:683:19)
    at require (internal/modules/cjs/helpers.js:16:16)
March 19th 2020, 3:18:02 pm '[ERROR]': uncaughtException: Unrecognized datatype for attribute "UserGroupRole.status"
Error: Unrecognized datatype for attribute "UserGroupRole.status"
    at C:\Users\Dell\WebstormProjects\web_clb\node_modules\sequelize\lib\model.js:1005:15
    at C:\Users\Dell\WebstormProjects\web_clb\node_modules\lodash\lodash.js:13401:38
    at C:\Users\Dell\WebstormProjects\web_clb\node_modules\lodash\lodash.js:4905:15
    at baseForOwn (C:\Users\Dell\WebstormProjects\web_clb\node_modules\lodash\lodash.js:2990:24)
    at Function.mapValues (C:\Users\Dell\WebstormProjects\web_clb\node_modules\lodash\lodash.js:13400:7)
    at Function.init (C:\Users\Dell\WebstormProjects\web_clb\node_modules\sequelize\lib\model.js:1001:28)
    at Sequelize.define (C:\Users\Dell\WebstormProjects\web_clb\node_modules\sequelize\lib\sequelize.js:428:11)
    at module.exports (C:\Users\Dell\WebstormProjects\web_clb\models\model.userGroupRole.js:4:35)
    at Object.<anonymous> (C:\Users\Dell\WebstormProjects\web_clb\db\index.js:7:66)
    at Module._compile (internal/modules/cjs/loader.js:777:30)
    at Object.Module._extensions..js (internal/modules/cjs/loader.js:788:10)
    at Module.load (internal/modules/cjs/loader.js:643:32)
    at Function.Module._load (internal/modules/cjs/loader.js:556:12)
    at Module.require (internal/modules/cjs/loader.js:683:19)
    at require (internal/modules/cjs/helpers.js:16:16)
    at Object.<anonymous> (C:\Users\Dell\WebstormProjects\web_clb\controllers\controller.index.js:3:12)
    at Module._compile (internal/modules/cjs/loader.js:777:30)
    at Object.Module._extensions..js (internal/modules/cjs/loader.js:788:10)
    at Module.load (internal/modules/cjs/loader.js:643:32)
    at Function.Module._load (internal/modules/cjs/loader.js:556:12)
    at Module.require (internal/modules/cjs/loader.js:683:19)
    at require (internal/modules/cjs/helpers.js:16:16)
March 19th 2020, 4:05:09 pm '[ERROR]': uncaughtException: Unrecognized datatype for attribute "UserGroupRole.status"
Error: Unrecognized datatype for attribute "UserGroupRole.status"
    at C:\Users\Dell\WebstormProjects\web_clb\node_modules\sequelize\lib\model.js:1005:15
    at C:\Users\Dell\WebstormProjects\web_clb\node_modules\lodash\lodash.js:13401:38
    at C:\Users\Dell\WebstormProjects\web_clb\node_modules\lodash\lodash.js:4905:15
    at baseForOwn (C:\Users\Dell\WebstormProjects\web_clb\node_modules\lodash\lodash.js:2990:24)
    at Function.mapValues (C:\Users\Dell\WebstormProjects\web_clb\node_modules\lodash\lodash.js:13400:7)
    at Function.init (C:\Users\Dell\WebstormProjects\web_clb\node_modules\sequelize\lib\model.js:1001:28)
    at Sequelize.define (C:\Users\Dell\WebstormProjects\web_clb\node_modules\sequelize\lib\sequelize.js:428:11)
    at module.exports (C:\Users\Dell\WebstormProjects\web_clb\models\model.userGroupRole.js:4:35)
    at Object.<anonymous> (C:\Users\Dell\WebstormProjects\web_clb\db\index.js:7:66)
    at Module._compile (internal/modules/cjs/loader.js:777:30)
    at Object.Module._extensions..js (internal/modules/cjs/loader.js:788:10)
    at Module.load (internal/modules/cjs/loader.js:643:32)
    at Function.Module._load (internal/modules/cjs/loader.js:556:12)
    at Module.require (internal/modules/cjs/loader.js:683:19)
    at require (internal/modules/cjs/helpers.js:16:16)
    at Object.<anonymous> (C:\Users\Dell\WebstormProjects\web_clb\controllers\controller.index.js:3:12)
    at Module._compile (internal/modules/cjs/loader.js:777:30)
    at Object.Module._extensions..js (internal/modules/cjs/loader.js:788:10)
    at Module.load (internal/modules/cjs/loader.js:643:32)
    at Function.Module._load (internal/modules/cjs/loader.js:556:12)
    at Module.require (internal/modules/cjs/loader.js:683:19)
    at require (internal/modules/cjs/helpers.js:16:16)
March 19th 2020, 4:24:35 pm '[ERROR]': uncaughtException: Unrecognized datatype for attribute "UserGroupRole.status"
Error: Unrecognized datatype for attribute "UserGroupRole.status"
    at C:\Users\Dell\WebstormProjects\web_clb\node_modules\sequelize\lib\model.js:1005:15
    at C:\Users\Dell\WebstormProjects\web_clb\node_modules\lodash\lodash.js:13401:38
    at C:\Users\Dell\WebstormProjects\web_clb\node_modules\lodash\lodash.js:4905:15
    at baseForOwn (C:\Users\Dell\WebstormProjects\web_clb\node_modules\lodash\lodash.js:2990:24)
    at Function.mapValues (C:\Users\Dell\WebstormProjects\web_clb\node_modules\lodash\lodash.js:13400:7)
    at Function.init (C:\Users\Dell\WebstormProjects\web_clb\node_modules\sequelize\lib\model.js:1001:28)
    at Sequelize.define (C:\Users\Dell\WebstormProjects\web_clb\node_modules\sequelize\lib\sequelize.js:428:11)
    at module.exports (C:\Users\Dell\WebstormProjects\web_clb\models\model.userGroupRole.js:4:35)
    at Object.<anonymous> (C:\Users\Dell\WebstormProjects\web_clb\db\index.js:7:66)
    at Module._compile (internal/modules/cjs/loader.js:777:30)
    at Object.Module._extensions..js (internal/modules/cjs/loader.js:788:10)
    at Module.load (internal/modules/cjs/loader.js:643:32)
    at Function.Module._load (internal/modules/cjs/loader.js:556:12)
    at Module.require (internal/modules/cjs/loader.js:683:19)
    at require (internal/modules/cjs/helpers.js:16:16)
    at Object.<anonymous> (C:\Users\Dell\WebstormProjects\web_clb\controllers\controller.index.js:3:12)
    at Module._compile (internal/modules/cjs/loader.js:777:30)
    at Object.Module._extensions..js (internal/modules/cjs/loader.js:788:10)
    at Module.load (internal/modules/cjs/loader.js:643:32)
    at Function.Module._load (internal/modules/cjs/loader.js:556:12)
    at Module.require (internal/modules/cjs/loader.js:683:19)
    at require (internal/modules/cjs/helpers.js:16:16)
March 19th 2020, 4:24:45 pm '[ERROR]': uncaughtException: Unrecognized datatype for attribute "UserGroupRole.status"
Error: Unrecognized datatype for attribute "UserGroupRole.status"
    at C:\Users\Dell\WebstormProjects\web_clb\node_modules\sequelize\lib\model.js:1005:15
    at C:\Users\Dell\WebstormProjects\web_clb\node_modules\lodash\lodash.js:13401:38
    at C:\Users\Dell\WebstormProjects\web_clb\node_modules\lodash\lodash.js:4905:15
    at baseForOwn (C:\Users\Dell\WebstormProjects\web_clb\node_modules\lodash\lodash.js:2990:24)
    at Function.mapValues (C:\Users\Dell\WebstormProjects\web_clb\node_modules\lodash\lodash.js:13400:7)
    at Function.init (C:\Users\Dell\WebstormProjects\web_clb\node_modules\sequelize\lib\model.js:1001:28)
    at Sequelize.define (C:\Users\Dell\WebstormProjects\web_clb\node_modules\sequelize\lib\sequelize.js:428:11)
    at module.exports (C:\Users\Dell\WebstormProjects\web_clb\models\model.userGroupRole.js:4:35)
    at Object.<anonymous> (C:\Users\Dell\WebstormProjects\web_clb\db\index.js:7:66)
    at Module._compile (internal/modules/cjs/loader.js:777:30)
    at Object.Module._extensions..js (internal/modules/cjs/loader.js:788:10)
    at Module.load (internal/modules/cjs/loader.js:643:32)
    at Function.Module._load (internal/modules/cjs/loader.js:556:12)
    at Module.require (internal/modules/cjs/loader.js:683:19)
    at require (internal/modules/cjs/helpers.js:16:16)
    at Object.<anonymous> (C:\Users\Dell\WebstormProjects\web_clb\controllers\controller.index.js:3:12)
    at Module._compile (internal/modules/cjs/loader.js:777:30)
    at Object.Module._extensions..js (internal/modules/cjs/loader.js:788:10)
    at Module.load (internal/modules/cjs/loader.js:643:32)
    at Function.Module._load (internal/modules/cjs/loader.js:556:12)
    at Module.require (internal/modules/cjs/loader.js:683:19)
    at require (internal/modules/cjs/helpers.js:16:16)
March 19th 2020, 4:24:50 pm '[ERROR]': uncaughtException: Unrecognized datatype for attribute "UserGroupRole.status"
Error: Unrecognized datatype for attribute "UserGroupRole.status"
    at C:\Users\Dell\WebstormProjects\web_clb\node_modules\sequelize\lib\model.js:1005:15
    at C:\Users\Dell\WebstormProjects\web_clb\node_modules\lodash\lodash.js:13401:38
    at C:\Users\Dell\WebstormProjects\web_clb\node_modules\lodash\lodash.js:4905:15
    at baseForOwn (C:\Users\Dell\WebstormProjects\web_clb\node_modules\lodash\lodash.js:2990:24)
    at Function.mapValues (C:\Users\Dell\WebstormProjects\web_clb\node_modules\lodash\lodash.js:13400:7)
    at Function.init (C:\Users\Dell\WebstormProjects\web_clb\node_modules\sequelize\lib\model.js:1001:28)
    at Sequelize.define (C:\Users\Dell\WebstormProjects\web_clb\node_modules\sequelize\lib\sequelize.js:428:11)
    at module.exports (C:\Users\Dell\WebstormProjects\web_clb\models\model.userGroupRole.js:4:35)
    at Object.<anonymous> (C:\Users\Dell\WebstormProjects\web_clb\db\index.js:7:66)
    at Module._compile (internal/modules/cjs/loader.js:777:30)
    at Object.Module._extensions..js (internal/modules/cjs/loader.js:788:10)
    at Module.load (internal/modules/cjs/loader.js:643:32)
    at Function.Module._load (internal/modules/cjs/loader.js:556:12)
    at Module.require (internal/modules/cjs/loader.js:683:19)
    at require (internal/modules/cjs/helpers.js:16:16)
    at Object.<anonymous> (C:\Users\Dell\WebstormProjects\web_clb\controllers\controller.index.js:3:12)
    at Module._compile (internal/modules/cjs/loader.js:777:30)
    at Object.Module._extensions..js (internal/modules/cjs/loader.js:788:10)
    at Module.load (internal/modules/cjs/loader.js:643:32)
    at Function.Module._load (internal/modules/cjs/loader.js:556:12)
    at Module.require (internal/modules/cjs/loader.js:683:19)
    at require (internal/modules/cjs/helpers.js:16:16)
March 19th 2020, 4:24:59 pm '[ERROR]': uncaughtException: Unrecognized datatype for attribute "UserGroupRole.status"
Error: Unrecognized datatype for attribute "UserGroupRole.status"
    at C:\Users\Dell\WebstormProjects\web_clb\node_modules\sequelize\lib\model.js:1005:15
    at C:\Users\Dell\WebstormProjects\web_clb\node_modules\lodash\lodash.js:13401:38
    at C:\Users\Dell\WebstormProjects\web_clb\node_modules\lodash\lodash.js:4905:15
    at baseForOwn (C:\Users\Dell\WebstormProjects\web_clb\node_modules\lodash\lodash.js:2990:24)
    at Function.mapValues (C:\Users\Dell\WebstormProjects\web_clb\node_modules\lodash\lodash.js:13400:7)
    at Function.init (C:\Users\Dell\WebstormProjects\web_clb\node_modules\sequelize\lib\model.js:1001:28)
    at Sequelize.define (C:\Users\Dell\WebstormProjects\web_clb\node_modules\sequelize\lib\sequelize.js:428:11)
    at module.exports (C:\Users\Dell\WebstormProjects\web_clb\models\model.userGroupRole.js:4:35)
    at Object.<anonymous> (C:\Users\Dell\WebstormProjects\web_clb\db\index.js:7:66)
    at Module._compile (internal/modules/cjs/loader.js:777:30)
    at Object.Module._extensions..js (internal/modules/cjs/loader.js:788:10)
    at Module.load (internal/modules/cjs/loader.js:643:32)
    at Function.Module._load (internal/modules/cjs/loader.js:556:12)
    at Module.require (internal/modules/cjs/loader.js:683:19)
    at require (internal/modules/cjs/helpers.js:16:16)
    at Object.<anonymous> (C:\Users\Dell\WebstormProjects\web_clb\controllers\controller.index.js:3:12)
    at Module._compile (internal/modules/cjs/loader.js:777:30)
    at Object.Module._extensions..js (internal/modules/cjs/loader.js:788:10)
    at Module.load (internal/modules/cjs/loader.js:643:32)
    at Function.Module._load (internal/modules/cjs/loader.js:556:12)
    at Module.require (internal/modules/cjs/loader.js:683:19)
    at require (internal/modules/cjs/helpers.js:16:16)
March 19th 2020, 4:25:03 pm '[ERROR]': uncaughtException: Unrecognized datatype for attribute "UserGroupRole.status"
Error: Unrecognized datatype for attribute "UserGroupRole.status"
    at C:\Users\Dell\WebstormProjects\web_clb\node_modules\sequelize\lib\model.js:1005:15
    at C:\Users\Dell\WebstormProjects\web_clb\node_modules\lodash\lodash.js:13401:38
    at C:\Users\Dell\WebstormProjects\web_clb\node_modules\lodash\lodash.js:4905:15
    at baseForOwn (C:\Users\Dell\WebstormProjects\web_clb\node_modules\lodash\lodash.js:2990:24)
    at Function.mapValues (C:\Users\Dell\WebstormProjects\web_clb\node_modules\lodash\lodash.js:13400:7)
    at Function.init (C:\Users\Dell\WebstormProjects\web_clb\node_modules\sequelize\lib\model.js:1001:28)
    at Sequelize.define (C:\Users\Dell\WebstormProjects\web_clb\node_modules\sequelize\lib\sequelize.js:428:11)
    at module.exports (C:\Users\Dell\WebstormProjects\web_clb\models\model.userGroupRole.js:4:35)
    at Object.<anonymous> (C:\Users\Dell\WebstormProjects\web_clb\db\index.js:7:66)
    at Module._compile (internal/modules/cjs/loader.js:777:30)
    at Object.Module._extensions..js (internal/modules/cjs/loader.js:788:10)
    at Module.load (internal/modules/cjs/loader.js:643:32)
    at Function.Module._load (internal/modules/cjs/loader.js:556:12)
    at Module.require (internal/modules/cjs/loader.js:683:19)
    at require (internal/modules/cjs/helpers.js:16:16)
    at Object.<anonymous> (C:\Users\Dell\WebstormProjects\web_clb\controllers\controller.index.js:3:12)
    at Module._compile (internal/modules/cjs/loader.js:777:30)
    at Object.Module._extensions..js (internal/modules/cjs/loader.js:788:10)
    at Module.load (internal/modules/cjs/loader.js:643:32)
    at Function.Module._load (internal/modules/cjs/loader.js:556:12)
    at Module.require (internal/modules/cjs/loader.js:683:19)
    at require (internal/modules/cjs/helpers.js:16:16)
March 19th 2020, 4:25:07 pm '[ERROR]': uncaughtException: userModel is not defined
ReferenceError: userModel is not defined
    at Object.<anonymous> (C:\Users\Dell\WebstormProjects\web_clb\db\index.js:15:17)
    at Module._compile (internal/modules/cjs/loader.js:777:30)
    at Object.Module._extensions..js (internal/modules/cjs/loader.js:788:10)
    at Module.load (internal/modules/cjs/loader.js:643:32)
    at Function.Module._load (internal/modules/cjs/loader.js:556:12)
    at Module.require (internal/modules/cjs/loader.js:683:19)
    at require (internal/modules/cjs/helpers.js:16:16)
    at Object.<anonymous> (C:\Users\Dell\WebstormProjects\web_clb\controllers\controller.index.js:3:12)
    at Module._compile (internal/modules/cjs/loader.js:777:30)
    at Object.Module._extensions..js (internal/modules/cjs/loader.js:788:10)
    at Module.load (internal/modules/cjs/loader.js:643:32)
    at Function.Module._load (internal/modules/cjs/loader.js:556:12)
    at Module.require (internal/modules/cjs/loader.js:683:19)
    at require (internal/modules/cjs/helpers.js:16:16)
    at Object.<anonymous> (C:\Users\Dell\WebstormProjects\web_clb\routers\router.index.js:1:23)
    at Module._compile (internal/modules/cjs/loader.js:777:30)
    at Object.Module._extensions..js (internal/modules/cjs/loader.js:788:10)
    at Module.load (internal/modules/cjs/loader.js:643:32)
    at Function.Module._load (internal/modules/cjs/loader.js:556:12)
    at Module.require (internal/modules/cjs/loader.js:683:19)
    at require (internal/modules/cjs/helpers.js:16:16)
    at Object.<anonymous> (C:\Users\Dell\WebstormProjects\web_clb\app.js:9:1)
March 19th 2020, 4:25:13 pm '[ERROR]': uncaughtException: userModel is not defined
ReferenceError: userModel is not defined
    at Object.<anonymous> (C:\Users\Dell\WebstormProjects\web_clb\db\index.js:15:17)
    at Module._compile (internal/modules/cjs/loader.js:777:30)
    at Object.Module._extensions..js (internal/modules/cjs/loader.js:788:10)
    at Module.load (internal/modules/cjs/loader.js:643:32)
    at Function.Module._load (internal/modules/cjs/loader.js:556:12)
    at Module.require (internal/modules/cjs/loader.js:683:19)
    at require (internal/modules/cjs/helpers.js:16:16)
    at Object.<anonymous> (C:\Users\Dell\WebstormProjects\web_clb\controllers\controller.index.js:3:12)
    at Module._compile (internal/modules/cjs/loader.js:777:30)
    at Object.Module._extensions..js (internal/modules/cjs/loader.js:788:10)
    at Module.load (internal/modules/cjs/loader.js:643:32)
    at Function.Module._load (internal/modules/cjs/loader.js:556:12)
    at Module.require (internal/modules/cjs/loader.js:683:19)
    at require (internal/modules/cjs/helpers.js:16:16)
    at Object.<anonymous> (C:\Users\Dell\WebstormProjects\web_clb\routers\router.index.js:1:23)
    at Module._compile (internal/modules/cjs/loader.js:777:30)
    at Object.Module._extensions..js (internal/modules/cjs/loader.js:788:10)
    at Module.load (internal/modules/cjs/loader.js:643:32)
    at Function.Module._load (internal/modules/cjs/loader.js:556:12)
    at Module.require (internal/modules/cjs/loader.js:683:19)
    at require (internal/modules/cjs/helpers.js:16:16)
    at Object.<anonymous> (C:\Users\Dell\WebstormProjects\web_clb\app.js:9:1)
March 19th 2020, 4:25:18 pm '[ERROR]': uncaughtException: userModel is not defined
ReferenceError: userModel is not defined
    at Object.<anonymous> (C:\Users\Dell\WebstormProjects\web_clb\db\index.js:15:17)
    at Module._compile (internal/modules/cjs/loader.js:777:30)
    at Object.Module._extensions..js (internal/modules/cjs/loader.js:788:10)
    at Module.load (internal/modules/cjs/loader.js:643:32)
    at Function.Module._load (internal/modules/cjs/loader.js:556:12)
    at Module.require (internal/modules/cjs/loader.js:683:19)
    at require (internal/modules/cjs/helpers.js:16:16)
    at Object.<anonymous> (C:\Users\Dell\WebstormProjects\web_clb\controllers\controller.index.js:3:12)
    at Module._compile (internal/modules/cjs/loader.js:777:30)
    at Object.Module._extensions..js (internal/modules/cjs/loader.js:788:10)
    at Module.load (internal/modules/cjs/loader.js:643:32)
    at Function.Module._load (internal/modules/cjs/loader.js:556:12)
    at Module.require (internal/modules/cjs/loader.js:683:19)
    at require (internal/modules/cjs/helpers.js:16:16)
    at Object.<anonymous> (C:\Users\Dell\WebstormProjects\web_clb\routers\router.index.js:1:23)
    at Module._compile (internal/modules/cjs/loader.js:777:30)
    at Object.Module._extensions..js (internal/modules/cjs/loader.js:788:10)
    at Module.load (internal/modules/cjs/loader.js:643:32)
    at Function.Module._load (internal/modules/cjs/loader.js:556:12)
    at Module.require (internal/modules/cjs/loader.js:683:19)
    at require (internal/modules/cjs/helpers.js:16:16)
    at Object.<anonymous> (C:\Users\Dell\WebstormProjects\web_clb\app.js:9:1)
March 19th 2020, 4:25:23 pm '[ERROR]': uncaughtException: userModel is not defined
ReferenceError: userModel is not defined
    at Object.<anonymous> (C:\Users\Dell\WebstormProjects\web_clb\db\index.js:15:17)
    at Module._compile (internal/modules/cjs/loader.js:777:30)
    at Object.Module._extensions..js (internal/modules/cjs/loader.js:788:10)
    at Module.load (internal/modules/cjs/loader.js:643:32)
    at Function.Module._load (internal/modules/cjs/loader.js:556:12)
    at Module.require (internal/modules/cjs/loader.js:683:19)
    at require (internal/modules/cjs/helpers.js:16:16)
    at Object.<anonymous> (C:\Users\Dell\WebstormProjects\web_clb\controllers\controller.index.js:3:12)
    at Module._compile (internal/modules/cjs/loader.js:777:30)
    at Object.Module._extensions..js (internal/modules/cjs/loader.js:788:10)
    at Module.load (internal/modules/cjs/loader.js:643:32)
    at Function.Module._load (internal/modules/cjs/loader.js:556:12)
    at Module.require (internal/modules/cjs/loader.js:683:19)
    at require (internal/modules/cjs/helpers.js:16:16)
    at Object.<anonymous> (C:\Users\Dell\WebstormProjects\web_clb\routers\router.index.js:1:23)
    at Module._compile (internal/modules/cjs/loader.js:777:30)
    at Object.Module._extensions..js (internal/modules/cjs/loader.js:788:10)
    at Module.load (internal/modules/cjs/loader.js:643:32)
    at Function.Module._load (internal/modules/cjs/loader.js:556:12)
    at Module.require (internal/modules/cjs/loader.js:683:19)
    at require (internal/modules/cjs/helpers.js:16:16)
    at Object.<anonymous> (C:\Users\Dell\WebstormProjects\web_clb\app.js:9:1)
March 19th 2020, 4:25:27 pm '[ERROR]': uncaughtException: userModel is not defined
ReferenceError: userModel is not defined
    at Object.<anonymous> (C:\Users\Dell\WebstormProjects\web_clb\db\index.js:15:17)
    at Module._compile (internal/modules/cjs/loader.js:777:30)
    at Object.Module._extensions..js (internal/modules/cjs/loader.js:788:10)
    at Module.load (internal/modules/cjs/loader.js:643:32)
    at Function.Module._load (internal/modules/cjs/loader.js:556:12)
    at Module.require (internal/modules/cjs/loader.js:683:19)
    at require (internal/modules/cjs/helpers.js:16:16)
    at Object.<anonymous> (C:\Users\Dell\WebstormProjects\web_clb\controllers\controller.index.js:3:12)
    at Module._compile (internal/modules/cjs/loader.js:777:30)
    at Object.Module._extensions..js (internal/modules/cjs/loader.js:788:10)
    at Module.load (internal/modules/cjs/loader.js:643:32)
    at Function.Module._load (internal/modules/cjs/loader.js:556:12)
    at Module.require (internal/modules/cjs/loader.js:683:19)
    at require (internal/modules/cjs/helpers.js:16:16)
    at Object.<anonymous> (C:\Users\Dell\WebstormProjects\web_clb\routers\router.index.js:1:23)
    at Module._compile (internal/modules/cjs/loader.js:777:30)
    at Object.Module._extensions..js (internal/modules/cjs/loader.js:788:10)
    at Module.load (internal/modules/cjs/loader.js:643:32)
    at Function.Module._load (internal/modules/cjs/loader.js:556:12)
    at Module.require (internal/modules/cjs/loader.js:683:19)
    at require (internal/modules/cjs/helpers.js:16:16)
    at Object.<anonymous> (C:\Users\Dell\WebstormProjects\web_clb\app.js:9:1)
March 19th 2020, 4:25:30 pm '[ERROR]': uncaughtException: userModel is not defined
ReferenceError: userModel is not defined
    at Object.<anonymous> (C:\Users\Dell\WebstormProjects\web_clb\db\index.js:15:17)
    at Module._compile (internal/modules/cjs/loader.js:777:30)
    at Object.Module._extensions..js (internal/modules/cjs/loader.js:788:10)
    at Module.load (internal/modules/cjs/loader.js:643:32)
    at Function.Module._load (internal/modules/cjs/loader.js:556:12)
    at Module.require (internal/modules/cjs/loader.js:683:19)
    at require (internal/modules/cjs/helpers.js:16:16)
    at Object.<anonymous> (C:\Users\Dell\WebstormProjects\web_clb\controllers\controller.index.js:3:12)
    at Module._compile (internal/modules/cjs/loader.js:777:30)
    at Object.Module._extensions..js (internal/modules/cjs/loader.js:788:10)
    at Module.load (internal/modules/cjs/loader.js:643:32)
    at Function.Module._load (internal/modules/cjs/loader.js:556:12)
    at Module.require (internal/modules/cjs/loader.js:683:19)
    at require (internal/modules/cjs/helpers.js:16:16)
    at Object.<anonymous> (C:\Users\Dell\WebstormProjects\web_clb\routers\router.index.js:1:23)
    at Module._compile (internal/modules/cjs/loader.js:777:30)
    at Object.Module._extensions..js (internal/modules/cjs/loader.js:788:10)
    at Module.load (internal/modules/cjs/loader.js:643:32)
    at Function.Module._load (internal/modules/cjs/loader.js:556:12)
    at Module.require (internal/modules/cjs/loader.js:683:19)
    at require (internal/modules/cjs/helpers.js:16:16)
    at Object.<anonymous> (C:\Users\Dell\WebstormProjects\web_clb\app.js:9:1)
March 19th 2020, 4:25:57 pm '[INFO]': server is running in port 3000
March 19th 2020, 4:26:03 pm '[INFO]': server is running in port 3000
March 19th 2020, 4:26:08 pm '[ERROR]': uncaughtException: userModel is not defined
ReferenceError: userModel is not defined
    at Object.<anonymous> (C:\Users\Dell\WebstormProjects\web_clb\db\index.js:15:17)
    at Module._compile (internal/modules/cjs/loader.js:777:30)
    at Object.Module._extensions..js (internal/modules/cjs/loader.js:788:10)
    at Module.load (internal/modules/cjs/loader.js:643:32)
    at Function.Module._load (internal/modules/cjs/loader.js:556:12)
    at Module.require (internal/modules/cjs/loader.js:683:19)
    at require (internal/modules/cjs/helpers.js:16:16)
    at Object.<anonymous> (C:\Users\Dell\WebstormProjects\web_clb\controllers\controller.register.js:4:77)
    at Module._compile (internal/modules/cjs/loader.js:777:30)
    at Object.Module._extensions..js (internal/modules/cjs/loader.js:788:10)
    at Module.load (internal/modules/cjs/loader.js:643:32)
    at Function.Module._load (internal/modules/cjs/loader.js:556:12)
    at Module.require (internal/modules/cjs/loader.js:683:19)
    at require (internal/modules/cjs/helpers.js:16:16)
    at Object.<anonymous> (C:\Users\Dell\WebstormProjects\web_clb\routers\router.register.js:1:26)
    at Module._compile (internal/modules/cjs/loader.js:777:30)
    at Object.Module._extensions..js (internal/modules/cjs/loader.js:788:10)
    at Module.load (internal/modules/cjs/loader.js:643:32)
    at Function.Module._load (internal/modules/cjs/loader.js:556:12)
    at Module.require (internal/modules/cjs/loader.js:683:19)
    at require (internal/modules/cjs/helpers.js:16:16)
    at Object.<anonymous> (C:\Users\Dell\WebstormProjects\web_clb\app.js:11:1)
March 19th 2020, 4:26:18 pm '[ERROR]': uncaughtException: userModel is not defined
ReferenceError: userModel is not defined
    at Object.<anonymous> (C:\Users\Dell\WebstormProjects\web_clb\db\index.js:15:17)
    at Module._compile (internal/modules/cjs/loader.js:777:30)
    at Object.Module._extensions..js (internal/modules/cjs/loader.js:788:10)
    at Module.load (internal/modules/cjs/loader.js:643:32)
    at Function.Module._load (internal/modules/cjs/loader.js:556:12)
    at Module.require (internal/modules/cjs/loader.js:683:19)
    at require (internal/modules/cjs/helpers.js:16:16)
    at Object.<anonymous> (C:\Users\Dell\WebstormProjects\web_clb\controllers\controller.index.js:3:12)
    at Module._compile (internal/modules/cjs/loader.js:777:30)
    at Object.Module._extensions..js (internal/modules/cjs/loader.js:788:10)
    at Module.load (internal/modules/cjs/loader.js:643:32)
    at Function.Module._load (internal/modules/cjs/loader.js:556:12)
    at Module.require (internal/modules/cjs/loader.js:683:19)
    at require (internal/modules/cjs/helpers.js:16:16)
    at Object.<anonymous> (C:\Users\Dell\WebstormProjects\web_clb\routers\router.index.js:1:23)
    at Module._compile (internal/modules/cjs/loader.js:777:30)
    at Object.Module._extensions..js (internal/modules/cjs/loader.js:788:10)
    at Module.load (internal/modules/cjs/loader.js:643:32)
    at Function.Module._load (internal/modules/cjs/loader.js:556:12)
    at Module.require (internal/modules/cjs/loader.js:683:19)
    at require (internal/modules/cjs/helpers.js:16:16)
    at Object.<anonymous> (C:\Users\Dell\WebstormProjects\web_clb\app.js:9:1)
March 19th 2020, 4:26:22 pm '[INFO]': server is running in port 3000
March 19th 2020, 4:26:28 pm '[ERROR]': uncaughtException: userModel is not defined
ReferenceError: userModel is not defined
    at Object.<anonymous> (C:\Users\Dell\WebstormProjects\web_clb\db\index.js:15:17)
    at Module._compile (internal/modules/cjs/loader.js:777:30)
    at Object.Module._extensions..js (internal/modules/cjs/loader.js:788:10)
    at Module.load (internal/modules/cjs/loader.js:643:32)
    at Function.Module._load (internal/modules/cjs/loader.js:556:12)
    at Module.require (internal/modules/cjs/loader.js:683:19)
    at require (internal/modules/cjs/helpers.js:16:16)
    at Object.<anonymous> (C:\Users\Dell\WebstormProjects\web_clb\controllers\controller.register.js:4:77)
    at Module._compile (internal/modules/cjs/loader.js:777:30)
    at Object.Module._extensions..js (internal/modules/cjs/loader.js:788:10)
    at Module.load (internal/modules/cjs/loader.js:643:32)
    at Function.Module._load (internal/modules/cjs/loader.js:556:12)
    at Module.require (internal/modules/cjs/loader.js:683:19)
    at require (internal/modules/cjs/helpers.js:16:16)
    at Object.<anonymous> (C:\Users\Dell\WebstormProjects\web_clb\routers\router.register.js:1:26)
    at Module._compile (internal/modules/cjs/loader.js:777:30)
    at Object.Module._extensions..js (internal/modules/cjs/loader.js:788:10)
    at Module.load (internal/modules/cjs/loader.js:643:32)
    at Function.Module._load (internal/modules/cjs/loader.js:556:12)
    at Module.require (internal/modules/cjs/loader.js:683:19)
    at require (internal/modules/cjs/helpers.js:16:16)
    at Object.<anonymous> (C:\Users\Dell\WebstormProjects\web_clb\app.js:11:1)
March 19th 2020, 4:26:39 pm '[ERROR]': uncaughtException: Unrecognized datatype for attribute "UserGroupRole.status"
Error: Unrecognized datatype for attribute "UserGroupRole.status"
    at C:\Users\Dell\WebstormProjects\web_clb\node_modules\sequelize\lib\model.js:1005:15
    at C:\Users\Dell\WebstormProjects\web_clb\node_modules\lodash\lodash.js:13401:38
    at C:\Users\Dell\WebstormProjects\web_clb\node_modules\lodash\lodash.js:4905:15
    at baseForOwn (C:\Users\Dell\WebstormProjects\web_clb\node_modules\lodash\lodash.js:2990:24)
    at Function.mapValues (C:\Users\Dell\WebstormProjects\web_clb\node_modules\lodash\lodash.js:13400:7)
    at Function.init (C:\Users\Dell\WebstormProjects\web_clb\node_modules\sequelize\lib\model.js:1001:28)
    at Sequelize.define (C:\Users\Dell\WebstormProjects\web_clb\node_modules\sequelize\lib\sequelize.js:428:11)
    at module.exports (C:\Users\Dell\WebstormProjects\web_clb\models\model.userGroupRole.js:4:35)
    at Object.<anonymous> (C:\Users\Dell\WebstormProjects\web_clb\db\index.js:7:66)
    at Module._compile (internal/modules/cjs/loader.js:777:30)
    at Object.Module._extensions..js (internal/modules/cjs/loader.js:788:10)
    at Module.load (internal/modules/cjs/loader.js:643:32)
    at Function.Module._load (internal/modules/cjs/loader.js:556:12)
    at Module.require (internal/modules/cjs/loader.js:683:19)
    at require (internal/modules/cjs/helpers.js:16:16)
    at Object.<anonymous> (C:\Users\Dell\WebstormProjects\web_clb\controllers\controller.register.js:4:77)
    at Module._compile (internal/modules/cjs/loader.js:777:30)
    at Object.Module._extensions..js (internal/modules/cjs/loader.js:788:10)
    at Module.load (internal/modules/cjs/loader.js:643:32)
    at Function.Module._load (internal/modules/cjs/loader.js:556:12)
    at Module.require (internal/modules/cjs/loader.js:683:19)
    at require (internal/modules/cjs/helpers.js:16:16)
March 19th 2020, 4:32:44 pm '[ERROR]': uncaughtException: Unrecognized datatype for attribute "UserGroupRole.status"
Error: Unrecognized datatype for attribute "UserGroupRole.status"
    at C:\Users\Dell\WebstormProjects\web_clb\node_modules\sequelize\lib\model.js:1005:15
    at C:\Users\Dell\WebstormProjects\web_clb\node_modules\lodash\lodash.js:13401:38
    at C:\Users\Dell\WebstormProjects\web_clb\node_modules\lodash\lodash.js:4905:15
    at baseForOwn (C:\Users\Dell\WebstormProjects\web_clb\node_modules\lodash\lodash.js:2990:24)
    at Function.mapValues (C:\Users\Dell\WebstormProjects\web_clb\node_modules\lodash\lodash.js:13400:7)
    at Function.init (C:\Users\Dell\WebstormProjects\web_clb\node_modules\sequelize\lib\model.js:1001:28)
    at Sequelize.define (C:\Users\Dell\WebstormProjects\web_clb\node_modules\sequelize\lib\sequelize.js:428:11)
    at module.exports (C:\Users\Dell\WebstormProjects\web_clb\models\model.userGroupRole.js:4:35)
    at Object.<anonymous> (C:\Users\Dell\WebstormProjects\web_clb\db\index.js:7:66)
    at Module._compile (internal/modules/cjs/loader.js:777:30)
    at Object.Module._extensions..js (internal/modules/cjs/loader.js:788:10)
    at Module.load (internal/modules/cjs/loader.js:643:32)
    at Function.Module._load (internal/modules/cjs/loader.js:556:12)
    at Module.require (internal/modules/cjs/loader.js:683:19)
    at require (internal/modules/cjs/helpers.js:16:16)
    at Object.<anonymous> (C:\Users\Dell\WebstormProjects\web_clb\controllers\controller.register.js:4:77)
    at Module._compile (internal/modules/cjs/loader.js:777:30)
    at Object.Module._extensions..js (internal/modules/cjs/loader.js:788:10)
    at Module.load (internal/modules/cjs/loader.js:643:32)
    at Function.Module._load (internal/modules/cjs/loader.js:556:12)
    at Module.require (internal/modules/cjs/loader.js:683:19)
    at require (internal/modules/cjs/helpers.js:16:16)
March 19th 2020, 4:33:15 pm '[INFO]': server is running in port 3000
March 19th 2020, 4:34:45 pm '[ERROR]': uncaughtException: Unrecognized datatype for attribute "UserGroupRole.status"
Error: Unrecognized datatype for attribute "UserGroupRole.status"
    at C:\Users\Dell\WebstormProjects\web_clb\node_modules\sequelize\lib\model.js:1005:15
    at C:\Users\Dell\WebstormProjects\web_clb\node_modules\lodash\lodash.js:13401:38
    at C:\Users\Dell\WebstormProjects\web_clb\node_modules\lodash\lodash.js:4905:15
    at baseForOwn (C:\Users\Dell\WebstormProjects\web_clb\node_modules\lodash\lodash.js:2990:24)
    at Function.mapValues (C:\Users\Dell\WebstormProjects\web_clb\node_modules\lodash\lodash.js:13400:7)
    at Function.init (C:\Users\Dell\WebstormProjects\web_clb\node_modules\sequelize\lib\model.js:1001:28)
    at Sequelize.define (C:\Users\Dell\WebstormProjects\web_clb\node_modules\sequelize\lib\sequelize.js:428:11)
    at module.exports (C:\Users\Dell\WebstormProjects\web_clb\models\model.userGroupRole.js:4:35)
    at Object.<anonymous> (C:\Users\Dell\WebstormProjects\web_clb\db\index.js:7:66)
    at Module._compile (internal/modules/cjs/loader.js:777:30)
    at Object.Module._extensions..js (internal/modules/cjs/loader.js:788:10)
    at Module.load (internal/modules/cjs/loader.js:643:32)
    at Function.Module._load (internal/modules/cjs/loader.js:556:12)
    at Module.require (internal/modules/cjs/loader.js:683:19)
    at require (internal/modules/cjs/helpers.js:16:16)
    at Object.<anonymous> (C:\Users\Dell\WebstormProjects\web_clb\controllers\controller.index.js:3:12)
    at Module._compile (internal/modules/cjs/loader.js:777:30)
    at Object.Module._extensions..js (internal/modules/cjs/loader.js:788:10)
    at Module.load (internal/modules/cjs/loader.js:643:32)
    at Function.Module._load (internal/modules/cjs/loader.js:556:12)
    at Module.require (internal/modules/cjs/loader.js:683:19)
    at require (internal/modules/cjs/helpers.js:16:16)
March 19th 2020, 4:35:24 pm '[ERROR]': uncaughtException: Unrecognized datatype for attribute "UserGroupRole.status"
Error: Unrecognized datatype for attribute "UserGroupRole.status"
    at C:\Users\Dell\WebstormProjects\web_clb\node_modules\sequelize\lib\model.js:1005:15
    at C:\Users\Dell\WebstormProjects\web_clb\node_modules\lodash\lodash.js:13401:38
    at C:\Users\Dell\WebstormProjects\web_clb\node_modules\lodash\lodash.js:4905:15
    at baseForOwn (C:\Users\Dell\WebstormProjects\web_clb\node_modules\lodash\lodash.js:2990:24)
    at Function.mapValues (C:\Users\Dell\WebstormProjects\web_clb\node_modules\lodash\lodash.js:13400:7)
    at Function.init (C:\Users\Dell\WebstormProjects\web_clb\node_modules\sequelize\lib\model.js:1001:28)
    at Sequelize.define (C:\Users\Dell\WebstormProjects\web_clb\node_modules\sequelize\lib\sequelize.js:428:11)
    at module.exports (C:\Users\Dell\WebstormProjects\web_clb\models\model.userGroupRole.js:4:35)
    at Object.<anonymous> (C:\Users\Dell\WebstormProjects\web_clb\db\index.js:7:66)
    at Module._compile (internal/modules/cjs/loader.js:777:30)
    at Object.Module._extensions..js (internal/modules/cjs/loader.js:788:10)
    at Module.load (internal/modules/cjs/loader.js:643:32)
    at Function.Module._load (internal/modules/cjs/loader.js:556:12)
    at Module.require (internal/modules/cjs/loader.js:683:19)
    at require (internal/modules/cjs/helpers.js:16:16)
    at Object.<anonymous> (C:\Users\Dell\WebstormProjects\web_clb\controllers\controller.index.js:3:17)
    at Module._compile (internal/modules/cjs/loader.js:777:30)
    at Object.Module._extensions..js (internal/modules/cjs/loader.js:788:10)
    at Module.load (internal/modules/cjs/loader.js:643:32)
    at Function.Module._load (internal/modules/cjs/loader.js:556:12)
    at Module.require (internal/modules/cjs/loader.js:683:19)
    at require (internal/modules/cjs/helpers.js:16:16)
March 19th 2020, 4:35:35 pm '[ERROR]': uncaughtException: Unrecognized datatype for attribute "UserGroupRole.status"
Error: Unrecognized datatype for attribute "UserGroupRole.status"
    at C:\Users\Dell\WebstormProjects\web_clb\node_modules\sequelize\lib\model.js:1005:15
    at C:\Users\Dell\WebstormProjects\web_clb\node_modules\lodash\lodash.js:13401:38
    at C:\Users\Dell\WebstormProjects\web_clb\node_modules\lodash\lodash.js:4905:15
    at baseForOwn (C:\Users\Dell\WebstormProjects\web_clb\node_modules\lodash\lodash.js:2990:24)
    at Function.mapValues (C:\Users\Dell\WebstormProjects\web_clb\node_modules\lodash\lodash.js:13400:7)
    at Function.init (C:\Users\Dell\WebstormProjects\web_clb\node_modules\sequelize\lib\model.js:1001:28)
    at Sequelize.define (C:\Users\Dell\WebstormProjects\web_clb\node_modules\sequelize\lib\sequelize.js:428:11)
    at module.exports (C:\Users\Dell\WebstormProjects\web_clb\models\model.userGroupRole.js:4:35)
    at Object.<anonymous> (C:\Users\Dell\WebstormProjects\web_clb\db\index.js:7:66)
    at Module._compile (internal/modules/cjs/loader.js:777:30)
    at Object.Module._extensions..js (internal/modules/cjs/loader.js:788:10)
    at Module.load (internal/modules/cjs/loader.js:643:32)
    at Function.Module._load (internal/modules/cjs/loader.js:556:12)
    at Module.require (internal/modules/cjs/loader.js:683:19)
    at require (internal/modules/cjs/helpers.js:16:16)
    at Object.<anonymous> (C:\Users\Dell\WebstormProjects\web_clb\controllers\controller.index.js:3:17)
    at Module._compile (internal/modules/cjs/loader.js:777:30)
    at Object.Module._extensions..js (internal/modules/cjs/loader.js:788:10)
    at Module.load (internal/modules/cjs/loader.js:643:32)
    at Function.Module._load (internal/modules/cjs/loader.js:556:12)
    at Module.require (internal/modules/cjs/loader.js:683:19)
    at require (internal/modules/cjs/helpers.js:16:16)
March 19th 2020, 4:36:22 pm '[ERROR]': uncaughtException: Unrecognized datatype for attribute "UserGroupRole.status"
Error: Unrecognized datatype for attribute "UserGroupRole.status"
    at C:\Users\Dell\WebstormProjects\web_clb\node_modules\sequelize\lib\model.js:1005:15
    at C:\Users\Dell\WebstormProjects\web_clb\node_modules\lodash\lodash.js:13401:38
    at C:\Users\Dell\WebstormProjects\web_clb\node_modules\lodash\lodash.js:4905:15
    at baseForOwn (C:\Users\Dell\WebstormProjects\web_clb\node_modules\lodash\lodash.js:2990:24)
    at Function.mapValues (C:\Users\Dell\WebstormProjects\web_clb\node_modules\lodash\lodash.js:13400:7)
    at Function.init (C:\Users\Dell\WebstormProjects\web_clb\node_modules\sequelize\lib\model.js:1001:28)
    at Sequelize.define (C:\Users\Dell\WebstormProjects\web_clb\node_modules\sequelize\lib\sequelize.js:428:11)
    at module.exports (C:\Users\Dell\WebstormProjects\web_clb\models\model.userGroupRole.js:4:35)
    at Object.<anonymous> (C:\Users\Dell\WebstormProjects\web_clb\db\index.js:7:66)
    at Module._compile (internal/modules/cjs/loader.js:777:30)
    at Object.Module._extensions..js (internal/modules/cjs/loader.js:788:10)
    at Module.load (internal/modules/cjs/loader.js:643:32)
    at Function.Module._load (internal/modules/cjs/loader.js:556:12)
    at Module.require (internal/modules/cjs/loader.js:683:19)
    at require (internal/modules/cjs/helpers.js:16:16)
    at Object.<anonymous> (C:\Users\Dell\WebstormProjects\web_clb\controllers\controller.index.js:3:19)
    at Module._compile (internal/modules/cjs/loader.js:777:30)
    at Object.Module._extensions..js (internal/modules/cjs/loader.js:788:10)
    at Module.load (internal/modules/cjs/loader.js:643:32)
    at Function.Module._load (internal/modules/cjs/loader.js:556:12)
    at Module.require (internal/modules/cjs/loader.js:683:19)
    at require (internal/modules/cjs/helpers.js:16:16)
March 19th 2020, 4:36:28 pm '[ERROR]': uncaughtException: Unrecognized datatype for attribute "UserGroupRole.status"
Error: Unrecognized datatype for attribute "UserGroupRole.status"
    at C:\Users\Dell\WebstormProjects\web_clb\node_modules\sequelize\lib\model.js:1005:15
    at C:\Users\Dell\WebstormProjects\web_clb\node_modules\lodash\lodash.js:13401:38
    at C:\Users\Dell\WebstormProjects\web_clb\node_modules\lodash\lodash.js:4905:15
    at baseForOwn (C:\Users\Dell\WebstormProjects\web_clb\node_modules\lodash\lodash.js:2990:24)
    at Function.mapValues (C:\Users\Dell\WebstormProjects\web_clb\node_modules\lodash\lodash.js:13400:7)
    at Function.init (C:\Users\Dell\WebstormProjects\web_clb\node_modules\sequelize\lib\model.js:1001:28)
    at Sequelize.define (C:\Users\Dell\WebstormProjects\web_clb\node_modules\sequelize\lib\sequelize.js:428:11)
    at module.exports (C:\Users\Dell\WebstormProjects\web_clb\models\model.userGroupRole.js:4:35)
    at Object.<anonymous> (C:\Users\Dell\WebstormProjects\web_clb\db\index.js:7:66)
    at Module._compile (internal/modules/cjs/loader.js:777:30)
    at Object.Module._extensions..js (internal/modules/cjs/loader.js:788:10)
    at Module.load (internal/modules/cjs/loader.js:643:32)
    at Function.Module._load (internal/modules/cjs/loader.js:556:12)
    at Module.require (internal/modules/cjs/loader.js:683:19)
    at require (internal/modules/cjs/helpers.js:16:16)
    at Object.<anonymous> (C:\Users\Dell\WebstormProjects\web_clb\controllers\controller.register.js:4:82)
    at Module._compile (internal/modules/cjs/loader.js:777:30)
    at Object.Module._extensions..js (internal/modules/cjs/loader.js:788:10)
    at Module.load (internal/modules/cjs/loader.js:643:32)
    at Function.Module._load (internal/modules/cjs/loader.js:556:12)
    at Module.require (internal/modules/cjs/loader.js:683:19)
    at require (internal/modules/cjs/helpers.js:16:16)
March 19th 2020, 4:36:36 pm '[ERROR]': uncaughtException: Unrecognized datatype for attribute "UserGroupRole.status"
Error: Unrecognized datatype for attribute "UserGroupRole.status"
    at C:\Users\Dell\WebstormProjects\web_clb\node_modules\sequelize\lib\model.js:1005:15
    at C:\Users\Dell\WebstormProjects\web_clb\node_modules\lodash\lodash.js:13401:38
    at C:\Users\Dell\WebstormProjects\web_clb\node_modules\lodash\lodash.js:4905:15
    at baseForOwn (C:\Users\Dell\WebstormProjects\web_clb\node_modules\lodash\lodash.js:2990:24)
    at Function.mapValues (C:\Users\Dell\WebstormProjects\web_clb\node_modules\lodash\lodash.js:13400:7)
    at Function.init (C:\Users\Dell\WebstormProjects\web_clb\node_modules\sequelize\lib\model.js:1001:28)
    at Sequelize.define (C:\Users\Dell\WebstormProjects\web_clb\node_modules\sequelize\lib\sequelize.js:428:11)
    at module.exports (C:\Users\Dell\WebstormProjects\web_clb\models\model.userGroupRole.js:4:35)
    at Object.<anonymous> (C:\Users\Dell\WebstormProjects\web_clb\db\index.js:7:66)
    at Module._compile (internal/modules/cjs/loader.js:777:30)
    at Object.Module._extensions..js (internal/modules/cjs/loader.js:788:10)
    at Module.load (internal/modules/cjs/loader.js:643:32)
    at Function.Module._load (internal/modules/cjs/loader.js:556:12)
    at Module.require (internal/modules/cjs/loader.js:683:19)
    at require (internal/modules/cjs/helpers.js:16:16)
    at Object.<anonymous> (C:\Users\Dell\WebstormProjects\web_clb\controllers\controller.index.js:3:19)
    at Module._compile (internal/modules/cjs/loader.js:777:30)
    at Object.Module._extensions..js (internal/modules/cjs/loader.js:788:10)
    at Module.load (internal/modules/cjs/loader.js:643:32)
    at Function.Module._load (internal/modules/cjs/loader.js:556:12)
    at Module.require (internal/modules/cjs/loader.js:683:19)
    at require (internal/modules/cjs/helpers.js:16:16)
March 19th 2020, 4:36:41 pm '[ERROR]': uncaughtException: Unrecognized datatype for attribute "UserGroupRole.status"
Error: Unrecognized datatype for attribute "UserGroupRole.status"
    at C:\Users\Dell\WebstormProjects\web_clb\node_modules\sequelize\lib\model.js:1005:15
    at C:\Users\Dell\WebstormProjects\web_clb\node_modules\lodash\lodash.js:13401:38
    at C:\Users\Dell\WebstormProjects\web_clb\node_modules\lodash\lodash.js:4905:15
    at baseForOwn (C:\Users\Dell\WebstormProjects\web_clb\node_modules\lodash\lodash.js:2990:24)
    at Function.mapValues (C:\Users\Dell\WebstormProjects\web_clb\node_modules\lodash\lodash.js:13400:7)
    at Function.init (C:\Users\Dell\WebstormProjects\web_clb\node_modules\sequelize\lib\model.js:1001:28)
    at Sequelize.define (C:\Users\Dell\WebstormProjects\web_clb\node_modules\sequelize\lib\sequelize.js:428:11)
    at module.exports (C:\Users\Dell\WebstormProjects\web_clb\models\model.userGroupRole.js:4:35)
    at Object.<anonymous> (C:\Users\Dell\WebstormProjects\web_clb\db\index.js:7:66)
    at Module._compile (internal/modules/cjs/loader.js:777:30)
    at Object.Module._extensions..js (internal/modules/cjs/loader.js:788:10)
    at Module.load (internal/modules/cjs/loader.js:643:32)
    at Function.Module._load (internal/modules/cjs/loader.js:556:12)
    at Module.require (internal/modules/cjs/loader.js:683:19)
    at require (internal/modules/cjs/helpers.js:16:16)
    at Object.<anonymous> (C:\Users\Dell\WebstormProjects\web_clb\controllers\controller.index.js:3:19)
    at Module._compile (internal/modules/cjs/loader.js:777:30)
    at Object.Module._extensions..js (internal/modules/cjs/loader.js:788:10)
    at Module.load (internal/modules/cjs/loader.js:643:32)
    at Function.Module._load (internal/modules/cjs/loader.js:556:12)
    at Module.require (internal/modules/cjs/loader.js:683:19)
    at require (internal/modules/cjs/helpers.js:16:16)
March 19th 2020, 4:36:44 pm '[INFO]': server is running in port 3000
March 19th 2020, 4:36:52 pm '[ERROR]': uncaughtException: Unrecognized datatype for attribute "UserGroupRole.status"
Error: Unrecognized datatype for attribute "UserGroupRole.status"
    at C:\Users\Dell\WebstormProjects\web_clb\node_modules\sequelize\lib\model.js:1005:15
    at C:\Users\Dell\WebstormProjects\web_clb\node_modules\lodash\lodash.js:13401:38
    at C:\Users\Dell\WebstormProjects\web_clb\node_modules\lodash\lodash.js:4905:15
    at baseForOwn (C:\Users\Dell\WebstormProjects\web_clb\node_modules\lodash\lodash.js:2990:24)
    at Function.mapValues (C:\Users\Dell\WebstormProjects\web_clb\node_modules\lodash\lodash.js:13400:7)
    at Function.init (C:\Users\Dell\WebstormProjects\web_clb\node_modules\sequelize\lib\model.js:1001:28)
    at Sequelize.define (C:\Users\Dell\WebstormProjects\web_clb\node_modules\sequelize\lib\sequelize.js:428:11)
    at module.exports (C:\Users\Dell\WebstormProjects\web_clb\models\model.userGroupRole.js:4:35)
    at Object.<anonymous> (C:\Users\Dell\WebstormProjects\web_clb\db\index.js:7:66)
    at Module._compile (internal/modules/cjs/loader.js:777:30)
    at Object.Module._extensions..js (internal/modules/cjs/loader.js:788:10)
    at Module.load (internal/modules/cjs/loader.js:643:32)
    at Function.Module._load (internal/modules/cjs/loader.js:556:12)
    at Module.require (internal/modules/cjs/loader.js:683:19)
    at require (internal/modules/cjs/helpers.js:16:16)
    at Object.<anonymous> (C:\Users\Dell\WebstormProjects\web_clb\controllers\controller.index.js:3:19)
    at Module._compile (internal/modules/cjs/loader.js:777:30)
    at Object.Module._extensions..js (internal/modules/cjs/loader.js:788:10)
    at Module.load (internal/modules/cjs/loader.js:643:32)
    at Function.Module._load (internal/modules/cjs/loader.js:556:12)
    at Module.require (internal/modules/cjs/loader.js:683:19)
    at require (internal/modules/cjs/helpers.js:16:16)
March 19th 2020, 4:37:23 pm '[INFO]': server is running in port 3000
March 19th 2020, 4:37:56 pm '[ERROR]': uncaughtException: Unrecognized datatype for attribute "UserGroupRole.status"
Error: Unrecognized datatype for attribute "UserGroupRole.status"
    at C:\Users\Dell\WebstormProjects\web_clb\node_modules\sequelize\lib\model.js:1005:15
    at C:\Users\Dell\WebstormProjects\web_clb\node_modules\lodash\lodash.js:13401:38
    at C:\Users\Dell\WebstormProjects\web_clb\node_modules\lodash\lodash.js:4905:15
    at baseForOwn (C:\Users\Dell\WebstormProjects\web_clb\node_modules\lodash\lodash.js:2990:24)
    at Function.mapValues (C:\Users\Dell\WebstormProjects\web_clb\node_modules\lodash\lodash.js:13400:7)
    at Function.init (C:\Users\Dell\WebstormProjects\web_clb\node_modules\sequelize\lib\model.js:1001:28)
    at Sequelize.define (C:\Users\Dell\WebstormProjects\web_clb\node_modules\sequelize\lib\sequelize.js:428:11)
    at module.exports (C:\Users\Dell\WebstormProjects\web_clb\models\model.userGroupRole.js:4:35)
    at Object.<anonymous> (C:\Users\Dell\WebstormProjects\web_clb\db\index.js:7:66)
    at Module._compile (internal/modules/cjs/loader.js:777:30)
    at Object.Module._extensions..js (internal/modules/cjs/loader.js:788:10)
    at Module.load (internal/modules/cjs/loader.js:643:32)
    at Function.Module._load (internal/modules/cjs/loader.js:556:12)
    at Module.require (internal/modules/cjs/loader.js:683:19)
    at require (internal/modules/cjs/helpers.js:16:16)
    at Object.<anonymous> (C:\Users\Dell\WebstormProjects\web_clb\controllers\controller.index.js:3:19)
    at Module._compile (internal/modules/cjs/loader.js:777:30)
    at Object.Module._extensions..js (internal/modules/cjs/loader.js:788:10)
    at Module.load (internal/modules/cjs/loader.js:643:32)
    at Function.Module._load (internal/modules/cjs/loader.js:556:12)
    at Module.require (internal/modules/cjs/loader.js:683:19)
    at require (internal/modules/cjs/helpers.js:16:16)
March 19th 2020, 4:40:38 pm '[ERROR]': uncaughtException: Unrecognized datatype for attribute "UserGroupRole.status"
Error: Unrecognized datatype for attribute "UserGroupRole.status"
    at C:\Users\Dell\WebstormProjects\web_clb\node_modules\sequelize\lib\model.js:1005:15
    at C:\Users\Dell\WebstormProjects\web_clb\node_modules\lodash\lodash.js:13401:38
    at C:\Users\Dell\WebstormProjects\web_clb\node_modules\lodash\lodash.js:4905:15
    at baseForOwn (C:\Users\Dell\WebstormProjects\web_clb\node_modules\lodash\lodash.js:2990:24)
    at Function.mapValues (C:\Users\Dell\WebstormProjects\web_clb\node_modules\lodash\lodash.js:13400:7)
    at Function.init (C:\Users\Dell\WebstormProjects\web_clb\node_modules\sequelize\lib\model.js:1001:28)
    at Sequelize.define (C:\Users\Dell\WebstormProjects\web_clb\node_modules\sequelize\lib\sequelize.js:428:11)
    at module.exports (C:\Users\Dell\WebstormProjects\web_clb\models\model.userGroupRole.js:4:35)
    at Object.<anonymous> (C:\Users\Dell\WebstormProjects\web_clb\db\index.js:7:66)
    at Module._compile (internal/modules/cjs/loader.js:777:30)
    at Object.Module._extensions..js (internal/modules/cjs/loader.js:788:10)
    at Module.load (internal/modules/cjs/loader.js:643:32)
    at Function.Module._load (internal/modules/cjs/loader.js:556:12)
    at Module.require (internal/modules/cjs/loader.js:683:19)
    at require (internal/modules/cjs/helpers.js:16:16)
    at Object.<anonymous> (C:\Users\Dell\WebstormProjects\web_clb\controllers\controller.index.js:3:19)
    at Module._compile (internal/modules/cjs/loader.js:777:30)
    at Object.Module._extensions..js (internal/modules/cjs/loader.js:788:10)
    at Module.load (internal/modules/cjs/loader.js:643:32)
    at Function.Module._load (internal/modules/cjs/loader.js:556:12)
    at Module.require (internal/modules/cjs/loader.js:683:19)
    at require (internal/modules/cjs/helpers.js:16:16)
March 19th 2020, 4:43:03 pm '[ERROR]': uncaughtException: Unrecognized datatype for attribute "UserGroupRole.status"
Error: Unrecognized datatype for attribute "UserGroupRole.status"
    at C:\Users\Dell\WebstormProjects\web_clb\node_modules\sequelize\lib\model.js:1005:15
    at C:\Users\Dell\WebstormProjects\web_clb\node_modules\lodash\lodash.js:13401:38
    at C:\Users\Dell\WebstormProjects\web_clb\node_modules\lodash\lodash.js:4905:15
    at baseForOwn (C:\Users\Dell\WebstormProjects\web_clb\node_modules\lodash\lodash.js:2990:24)
    at Function.mapValues (C:\Users\Dell\WebstormProjects\web_clb\node_modules\lodash\lodash.js:13400:7)
    at Function.init (C:\Users\Dell\WebstormProjects\web_clb\node_modules\sequelize\lib\model.js:1001:28)
    at Sequelize.define (C:\Users\Dell\WebstormProjects\web_clb\node_modules\sequelize\lib\sequelize.js:428:11)
    at module.exports (C:\Users\Dell\WebstormProjects\web_clb\models\model.userGroupRole.js:4:35)
    at Object.<anonymous> (C:\Users\Dell\WebstormProjects\web_clb\db\index.js:7:66)
    at Module._compile (internal/modules/cjs/loader.js:777:30)
    at Object.Module._extensions..js (internal/modules/cjs/loader.js:788:10)
    at Module.load (internal/modules/cjs/loader.js:643:32)
    at Function.Module._load (internal/modules/cjs/loader.js:556:12)
    at Module.require (internal/modules/cjs/loader.js:683:19)
    at require (internal/modules/cjs/helpers.js:16:16)
    at Object.<anonymous> (C:\Users\Dell\WebstormProjects\web_clb\controllers\controller.index.js:3:19)
    at Module._compile (internal/modules/cjs/loader.js:777:30)
    at Object.Module._extensions..js (internal/modules/cjs/loader.js:788:10)
    at Module.load (internal/modules/cjs/loader.js:643:32)
    at Function.Module._load (internal/modules/cjs/loader.js:556:12)
    at Module.require (internal/modules/cjs/loader.js:683:19)
    at require (internal/modules/cjs/helpers.js:16:16)
March 19th 2020, 4:43:13 pm '[INFO]': server is running in port 3000
March 19th 2020, 4:44:47 pm '[ERROR]': uncaughtException: Dialect needs to be explicitly supplied as of v4.0.0
Error: Dialect needs to be explicitly supplied as of v4.0.0
    at new Sequelize (C:\Users\Dell\WebstormProjects\web_clb\node_modules\sequelize\lib\sequelize.js:265:13)
    at Object.<anonymous> (C:\Users\Dell\WebstormProjects\web_clb\db\connectDatabase.js:4:17)
    at Module._compile (internal/modules/cjs/loader.js:777:30)
    at Object.Module._extensions..js (internal/modules/cjs/loader.js:788:10)
    at Module.load (internal/modules/cjs/loader.js:643:32)
    at Function.Module._load (internal/modules/cjs/loader.js:556:12)
    at Module.require (internal/modules/cjs/loader.js:683:19)
    at require (internal/modules/cjs/helpers.js:16:16)
    at Object.<anonymous> (C:\Users\Dell\WebstormProjects\web_clb\db\index.js:1:31)
    at Module._compile (internal/modules/cjs/loader.js:777:30)
    at Object.Module._extensions..js (internal/modules/cjs/loader.js:788:10)
    at Module.load (internal/modules/cjs/loader.js:643:32)
    at Function.Module._load (internal/modules/cjs/loader.js:556:12)
    at Function.Module.runMain (internal/modules/cjs/loader.js:840:10)
    at internal/main/run_main_module.js:17:11
March 19th 2020, 4:45:10 pm '[ERROR]': uncaughtException: Dialect needs to be explicitly supplied as of v4.0.0
Error: Dialect needs to be explicitly supplied as of v4.0.0
    at new Sequelize (C:\Users\Dell\WebstormProjects\web_clb\node_modules\sequelize\lib\sequelize.js:265:13)
    at Object.<anonymous> (C:\Users\Dell\WebstormProjects\web_clb\db\connectDatabase.js:4:17)
    at Module._compile (internal/modules/cjs/loader.js:777:30)
    at Object.Module._extensions..js (internal/modules/cjs/loader.js:788:10)
    at Module.load (internal/modules/cjs/loader.js:643:32)
    at Function.Module._load (internal/modules/cjs/loader.js:556:12)
    at Function.Module.runMain (internal/modules/cjs/loader.js:840:10)
    at internal/main/run_main_module.js:17:11
March 19th 2020, 5:26:20 pm '[ERROR]': uncaughtException: Dialect needs to be explicitly supplied as of v4.0.0
Error: Dialect needs to be explicitly supplied as of v4.0.0
    at new Sequelize (C:\Users\Dell\WebstormProjects\web_clb\node_modules\sequelize\lib\sequelize.js:265:13)
    at Object.<anonymous> (C:\Users\Dell\WebstormProjects\web_clb\db\connectDatabase.js:4:17)
    at Module._compile (internal/modules/cjs/loader.js:777:30)
    at Object.Module._extensions..js (internal/modules/cjs/loader.js:788:10)
    at Module.load (internal/modules/cjs/loader.js:643:32)
    at Function.Module._load (internal/modules/cjs/loader.js:556:12)
    at Function.Module.runMain (internal/modules/cjs/loader.js:840:10)
    at internal/main/run_main_module.js:17:11
March 19th 2020, 5:26:25 pm '[ERROR]': uncaughtException: Dialect needs to be explicitly supplied as of v4.0.0
Error: Dialect needs to be explicitly supplied as of v4.0.0
    at new Sequelize (C:\Users\Dell\WebstormProjects\web_clb\node_modules\sequelize\lib\sequelize.js:265:13)
    at Object.<anonymous> (C:\Users\Dell\WebstormProjects\web_clb\db\connectDatabase.js:4:17)
    at Module._compile (internal/modules/cjs/loader.js:777:30)
    at Object.Module._extensions..js (internal/modules/cjs/loader.js:788:10)
    at Module.load (internal/modules/cjs/loader.js:643:32)
    at Function.Module._load (internal/modules/cjs/loader.js:556:12)
    at Function.Module.runMain (internal/modules/cjs/loader.js:840:10)
    at internal/main/run_main_module.js:17:11
March 19th 2020, 6:35:14 pm '[ERROR]': uncaughtException: Dialect needs to be explicitly supplied as of v4.0.0
Error: Dialect needs to be explicitly supplied as of v4.0.0
    at new Sequelize (C:\Users\Dell\WebstormProjects\web_clb\node_modules\sequelize\lib\sequelize.js:265:13)
    at Object.<anonymous> (C:\Users\Dell\WebstormProjects\web_clb\db\connectDatabase.js:4:17)
    at Module._compile (internal/modules/cjs/loader.js:777:30)
    at Object.Module._extensions..js (internal/modules/cjs/loader.js:788:10)
    at Module.load (internal/modules/cjs/loader.js:643:32)
    at Function.Module._load (internal/modules/cjs/loader.js:556:12)
    at Function.Module.runMain (internal/modules/cjs/loader.js:840:10)
    at internal/main/run_main_module.js:17:11
March 19th 2020, 6:35:37 pm '[ERROR]': uncaughtException: Dialect needs to be explicitly supplied as of v4.0.0
Error: Dialect needs to be explicitly supplied as of v4.0.0
    at new Sequelize (C:\Users\Dell\WebstormProjects\web_clb\node_modules\sequelize\lib\sequelize.js:265:13)
    at Object.<anonymous> (C:\Users\Dell\WebstormProjects\web_clb\db\connectDatabase.js:4:17)
    at Module._compile (internal/modules/cjs/loader.js:777:30)
    at Object.Module._extensions..js (internal/modules/cjs/loader.js:788:10)
    at Module.load (internal/modules/cjs/loader.js:643:32)
    at Function.Module._load (internal/modules/cjs/loader.js:556:12)
    at Function.Module.runMain (internal/modules/cjs/loader.js:840:10)
    at internal/main/run_main_module.js:17:11
March 19th 2020, 6:35:48 pm '[ERROR]': uncaughtException: Dialect needs to be explicitly supplied as of v4.0.0
Error: Dialect needs to be explicitly supplied as of v4.0.0
    at new Sequelize (C:\Users\Dell\WebstormProjects\web_clb\node_modules\sequelize\lib\sequelize.js:265:13)
    at Object.<anonymous> (C:\Users\Dell\WebstormProjects\web_clb\db\connectDatabase.js:4:17)
    at Module._compile (internal/modules/cjs/loader.js:777:30)
    at Object.Module._extensions..js (internal/modules/cjs/loader.js:788:10)
    at Module.load (internal/modules/cjs/loader.js:643:32)
    at Function.Module._load (internal/modules/cjs/loader.js:556:12)
    at Function.Module.runMain (internal/modules/cjs/loader.js:840:10)
    at internal/main/run_main_module.js:17:11
March 19th 2020, 6:35:58 pm '[ERROR]': uncaughtException: Dialect needs to be explicitly supplied as of v4.0.0
Error: Dialect needs to be explicitly supplied as of v4.0.0
    at new Sequelize (C:\Users\Dell\WebstormProjects\web_clb\node_modules\sequelize\lib\sequelize.js:265:13)
    at Object.<anonymous> (C:\Users\Dell\WebstormProjects\web_clb\db\connectDatabase.js:6:17)
    at Module._compile (internal/modules/cjs/loader.js:777:30)
    at Object.Module._extensions..js (internal/modules/cjs/loader.js:788:10)
    at Module.load (internal/modules/cjs/loader.js:643:32)
    at Function.Module._load (internal/modules/cjs/loader.js:556:12)
    at Function.Module.runMain (internal/modules/cjs/loader.js:840:10)
    at internal/main/run_main_module.js:17:11
March 19th 2020, 6:36:10 pm '[ERROR]': uncaughtException: Dialect needs to be explicitly supplied as of v4.0.0
Error: Dialect needs to be explicitly supplied as of v4.0.0
    at new Sequelize (C:\Users\Dell\WebstormProjects\web_clb\node_modules\sequelize\lib\sequelize.js:265:13)
    at Object.<anonymous> (C:\Users\Dell\WebstormProjects\web_clb\db\connectDatabase.js:6:17)
    at Module._compile (internal/modules/cjs/loader.js:777:30)
    at Object.Module._extensions..js (internal/modules/cjs/loader.js:788:10)
    at Module.load (internal/modules/cjs/loader.js:643:32)
    at Function.Module._load (internal/modules/cjs/loader.js:556:12)
    at Function.Module.runMain (internal/modules/cjs/loader.js:840:10)
    at internal/main/run_main_module.js:17:11
March 19th 2020, 6:37:08 pm '[ERROR]': uncaughtException: Dialect needs to be explicitly supplied as of v4.0.0
Error: Dialect needs to be explicitly supplied as of v4.0.0
    at new Sequelize (C:\Users\Dell\WebstormProjects\web_clb\node_modules\sequelize\lib\sequelize.js:265:13)
    at Object.<anonymous> (C:\Users\Dell\WebstormProjects\web_clb\db\connectDatabase.js:6:17)
    at Module._compile (internal/modules/cjs/loader.js:777:30)
    at Object.Module._extensions..js (internal/modules/cjs/loader.js:788:10)
    at Module.load (internal/modules/cjs/loader.js:643:32)
    at Function.Module._load (internal/modules/cjs/loader.js:556:12)
    at Function.Module.runMain (internal/modules/cjs/loader.js:840:10)
    at internal/main/run_main_module.js:17:11
March 19th 2020, 6:41:26 pm '[ERROR]': uncaughtException: Dialect needs to be explicitly supplied as of v4.0.0
Error: Dialect needs to be explicitly supplied as of v4.0.0
    at new Sequelize (C:\Users\Dell\WebstormProjects\web_clb\node_modules\sequelize\lib\sequelize.js:265:13)
    at Object.<anonymous> (C:\Users\Dell\WebstormProjects\web_clb\db\connectDatabase.js:6:17)
    at Module._compile (internal/modules/cjs/loader.js:777:30)
    at Object.Module._extensions..js (internal/modules/cjs/loader.js:788:10)
    at Module.load (internal/modules/cjs/loader.js:643:32)
    at Function.Module._load (internal/modules/cjs/loader.js:556:12)
    at Function.Module.runMain (internal/modules/cjs/loader.js:840:10)
    at internal/main/run_main_module.js:17:11
March 19th 2020, 9:47:20 pm '[ERROR]': uncaughtException: Unrecognized datatype for attribute "UserGroupRole.status"
Error: Unrecognized datatype for attribute "UserGroupRole.status"
    at C:\Users\Dell\WebstormProjects\web_clb\node_modules\sequelize\lib\model.js:1005:15
    at C:\Users\Dell\WebstormProjects\web_clb\node_modules\lodash\lodash.js:13401:38
    at C:\Users\Dell\WebstormProjects\web_clb\node_modules\lodash\lodash.js:4905:15
    at baseForOwn (C:\Users\Dell\WebstormProjects\web_clb\node_modules\lodash\lodash.js:2990:24)
    at Function.mapValues (C:\Users\Dell\WebstormProjects\web_clb\node_modules\lodash\lodash.js:13400:7)
    at Function.init (C:\Users\Dell\WebstormProjects\web_clb\node_modules\sequelize\lib\model.js:1001:28)
    at Sequelize.define (C:\Users\Dell\WebstormProjects\web_clb\node_modules\sequelize\lib\sequelize.js:428:11)
    at module.exports (C:\Users\Dell\WebstormProjects\web_clb\models\model.userGroupRole.js:4:35)
    at Object.<anonymous> (C:\Users\Dell\WebstormProjects\web_clb\db\index.js:7:66)
    at Module._compile (internal/modules/cjs/loader.js:777:30)
    at Object.Module._extensions..js (internal/modules/cjs/loader.js:788:10)
    at Module.load (internal/modules/cjs/loader.js:643:32)
    at Function.Module._load (internal/modules/cjs/loader.js:556:12)
    at Module.require (internal/modules/cjs/loader.js:683:19)
    at require (internal/modules/cjs/helpers.js:16:16)
    at Object.<anonymous> (C:\Users\Dell\WebstormProjects\web_clb\controllers\controller.index.js:3:19)
    at Module._compile (internal/modules/cjs/loader.js:777:30)
    at Object.Module._extensions..js (internal/modules/cjs/loader.js:788:10)
    at Module.load (internal/modules/cjs/loader.js:643:32)
    at Function.Module._load (internal/modules/cjs/loader.js:556:12)
    at Module.require (internal/modules/cjs/loader.js:683:19)
    at require (internal/modules/cjs/helpers.js:16:16)
March 19th 2020, 9:48:07 pm '[ERROR]': uncaughtException: Unrecognized datatype for attribute "UserGroupRole.status"
Error: Unrecognized datatype for attribute "UserGroupRole.status"
    at C:\Users\Dell\WebstormProjects\web_clb\node_modules\sequelize\lib\model.js:1005:15
    at C:\Users\Dell\WebstormProjects\web_clb\node_modules\lodash\lodash.js:13401:38
    at C:\Users\Dell\WebstormProjects\web_clb\node_modules\lodash\lodash.js:4905:15
    at baseForOwn (C:\Users\Dell\WebstormProjects\web_clb\node_modules\lodash\lodash.js:2990:24)
    at Function.mapValues (C:\Users\Dell\WebstormProjects\web_clb\node_modules\lodash\lodash.js:13400:7)
    at Function.init (C:\Users\Dell\WebstormProjects\web_clb\node_modules\sequelize\lib\model.js:1001:28)
    at Sequelize.define (C:\Users\Dell\WebstormProjects\web_clb\node_modules\sequelize\lib\sequelize.js:428:11)
    at module.exports (C:\Users\Dell\WebstormProjects\web_clb\models\model.userGroupRole.js:4:35)
    at Object.<anonymous> (C:\Users\Dell\WebstormProjects\web_clb\db\index.js:7:66)
    at Module._compile (internal/modules/cjs/loader.js:777:30)
    at Object.Module._extensions..js (internal/modules/cjs/loader.js:788:10)
    at Module.load (internal/modules/cjs/loader.js:643:32)
    at Function.Module._load (internal/modules/cjs/loader.js:556:12)
    at Module.require (internal/modules/cjs/loader.js:683:19)
    at require (internal/modules/cjs/helpers.js:16:16)
    at Object.<anonymous> (C:\Users\Dell\WebstormProjects\web_clb\controllers\controller.index.js:3:19)
    at Module._compile (internal/modules/cjs/loader.js:777:30)
    at Object.Module._extensions..js (internal/modules/cjs/loader.js:788:10)
    at Module.load (internal/modules/cjs/loader.js:643:32)
    at Function.Module._load (internal/modules/cjs/loader.js:556:12)
    at Module.require (internal/modules/cjs/loader.js:683:19)
    at require (internal/modules/cjs/helpers.js:16:16)
March 19th 2020, 9:48:15 pm '[ERROR]': uncaughtException: Unrecognized datatype for attribute "UserGroupRole.status"
Error: Unrecognized datatype for attribute "UserGroupRole.status"
    at C:\Users\Dell\WebstormProjects\web_clb\node_modules\sequelize\lib\model.js:1005:15
    at C:\Users\Dell\WebstormProjects\web_clb\node_modules\lodash\lodash.js:13401:38
    at C:\Users\Dell\WebstormProjects\web_clb\node_modules\lodash\lodash.js:4905:15
    at baseForOwn (C:\Users\Dell\WebstormProjects\web_clb\node_modules\lodash\lodash.js:2990:24)
    at Function.mapValues (C:\Users\Dell\WebstormProjects\web_clb\node_modules\lodash\lodash.js:13400:7)
    at Function.init (C:\Users\Dell\WebstormProjects\web_clb\node_modules\sequelize\lib\model.js:1001:28)
    at Sequelize.define (C:\Users\Dell\WebstormProjects\web_clb\node_modules\sequelize\lib\sequelize.js:428:11)
    at module.exports (C:\Users\Dell\WebstormProjects\web_clb\models\model.userGroupRole.js:4:35)
    at Object.<anonymous> (C:\Users\Dell\WebstormProjects\web_clb\db\index.js:7:66)
    at Module._compile (internal/modules/cjs/loader.js:777:30)
    at Object.Module._extensions..js (internal/modules/cjs/loader.js:788:10)
    at Module.load (internal/modules/cjs/loader.js:643:32)
    at Function.Module._load (internal/modules/cjs/loader.js:556:12)
    at Module.require (internal/modules/cjs/loader.js:683:19)
    at require (internal/modules/cjs/helpers.js:16:16)
    at Object.<anonymous> (C:\Users\Dell\WebstormProjects\web_clb\controllers\controller.index.js:3:19)
    at Module._compile (internal/modules/cjs/loader.js:777:30)
    at Object.Module._extensions..js (internal/modules/cjs/loader.js:788:10)
    at Module.load (internal/modules/cjs/loader.js:643:32)
    at Function.Module._load (internal/modules/cjs/loader.js:556:12)
    at Module.require (internal/modules/cjs/loader.js:683:19)
    at require (internal/modules/cjs/helpers.js:16:16)
March 19th 2020, 9:48:19 pm '[INFO]': server is running in port 3000
March 19th 2020, 9:48:55 pm '[ERROR]': uncaughtException: Dialect needs to be explicitly supplied as of v4.0.0
Error: Dialect needs to be explicitly supplied as of v4.0.0
    at new Sequelize (C:\Users\Dell\WebstormProjects\web_clb\node_modules\sequelize\lib\sequelize.js:265:13)
    at Object.<anonymous> (C:\Users\Dell\WebstormProjects\web_clb\db\connectDatabase.js:5:17)
    at Module._compile (internal/modules/cjs/loader.js:777:30)
    at Object.Module._extensions..js (internal/modules/cjs/loader.js:788:10)
    at Module.load (internal/modules/cjs/loader.js:643:32)
    at Function.Module._load (internal/modules/cjs/loader.js:556:12)
    at Function.Module.runMain (internal/modules/cjs/loader.js:840:10)
    at internal/main/run_main_module.js:17:11
March 19th 2020, 9:49:12 pm '[ERROR]': uncaughtException: Dialect needs to be explicitly supplied as of v4.0.0
Error: Dialect needs to be explicitly supplied as of v4.0.0
    at new Sequelize (C:\Users\Dell\WebstormProjects\web_clb\node_modules\sequelize\lib\sequelize.js:265:13)
    at Object.<anonymous> (C:\Users\Dell\WebstormProjects\web_clb\db\connectDatabase.js:7:17)
    at Module._compile (internal/modules/cjs/loader.js:777:30)
    at Object.Module._extensions..js (internal/modules/cjs/loader.js:788:10)
    at Module.load (internal/modules/cjs/loader.js:643:32)
    at Function.Module._load (internal/modules/cjs/loader.js:556:12)
    at Function.Module.runMain (internal/modules/cjs/loader.js:840:10)
    at internal/main/run_main_module.js:17:11
March 19th 2020, 9:50:13 pm '[ERROR]': uncaughtException: Dialect needs to be explicitly supplied as of v4.0.0
Error: Dialect needs to be explicitly supplied as of v4.0.0
    at new Sequelize (C:\Users\Dell\WebstormProjects\web_clb\node_modules\sequelize\lib\sequelize.js:265:13)
    at Object.<anonymous> (C:\Users\Dell\WebstormProjects\web_clb\db\connectDatabase.js:7:17)
    at Module._compile (internal/modules/cjs/loader.js:777:30)
    at Object.Module._extensions..js (internal/modules/cjs/loader.js:788:10)
    at Module.load (internal/modules/cjs/loader.js:643:32)
    at Function.Module._load (internal/modules/cjs/loader.js:556:12)
    at Function.Module.runMain (internal/modules/cjs/loader.js:840:10)
    at internal/main/run_main_module.js:17:11
March 19th 2020, 9:50:43 pm '[ERROR]': uncaughtException: Dialect needs to be explicitly supplied as of v4.0.0
Error: Dialect needs to be explicitly supplied as of v4.0.0
    at new Sequelize (C:\Users\Dell\WebstormProjects\web_clb\node_modules\sequelize\lib\sequelize.js:265:13)
    at Object.<anonymous> (C:\Users\Dell\WebstormProjects\web_clb\db\connectDatabase.js:7:17)
    at Module._compile (internal/modules/cjs/loader.js:777:30)
    at Object.Module._extensions..js (internal/modules/cjs/loader.js:788:10)
    at Module.load (internal/modules/cjs/loader.js:643:32)
    at Function.Module._load (internal/modules/cjs/loader.js:556:12)
    at Function.Module.runMain (internal/modules/cjs/loader.js:840:10)
    at internal/main/run_main_module.js:17:11
March 19th 2020, 9:54:41 pm '[ERROR]': uncaughtException: listen EADDRINUSE: address already in use :::3000
Error: listen EADDRINUSE: address already in use :::3000
    at Server.setupListenHandle [as _listen2] (net.js:1228:14)
    at listenInCluster (net.js:1276:12)
    at Server.listen (net.js:1364:7)
    at Function.listen (C:\Users\Dell\WebstormProjects\web_clb\node_modules\express\lib\application.js:618:24)
    at Object.<anonymous> (C:\Users\Dell\WebstormProjects\web_clb\app.js:13:5)
    at Module._compile (internal/modules/cjs/loader.js:777:30)
    at Object.Module._extensions..js (internal/modules/cjs/loader.js:788:10)
    at Module.load (internal/modules/cjs/loader.js:643:32)
    at Function.Module._load (internal/modules/cjs/loader.js:556:12)
    at Function.Module.runMain (internal/modules/cjs/loader.js:840:10)
March 19th 2020, 9:55:00 pm '[ERROR]': uncaughtException: Unrecognized datatype for attribute "UserGroupRole.status"
Error: Unrecognized datatype for attribute "UserGroupRole.status"
    at C:\Users\Dell\WebstormProjects\web_clb\node_modules\sequelize\lib\model.js:1005:15
    at C:\Users\Dell\WebstormProjects\web_clb\node_modules\lodash\lodash.js:13401:38
    at C:\Users\Dell\WebstormProjects\web_clb\node_modules\lodash\lodash.js:4905:15
    at baseForOwn (C:\Users\Dell\WebstormProjects\web_clb\node_modules\lodash\lodash.js:2990:24)
    at Function.mapValues (C:\Users\Dell\WebstormProjects\web_clb\node_modules\lodash\lodash.js:13400:7)
    at Function.init (C:\Users\Dell\WebstormProjects\web_clb\node_modules\sequelize\lib\model.js:1001:28)
    at Sequelize.define (C:\Users\Dell\WebstormProjects\web_clb\node_modules\sequelize\lib\sequelize.js:428:11)
    at module.exports (C:\Users\Dell\WebstormProjects\web_clb\models\model.userGroupRole.js:4:35)
    at Object.<anonymous> (C:\Users\Dell\WebstormProjects\web_clb\db\index.js:7:66)
    at Module._compile (internal/modules/cjs/loader.js:777:30)
    at Object.Module._extensions..js (internal/modules/cjs/loader.js:788:10)
    at Module.load (internal/modules/cjs/loader.js:643:32)
    at Function.Module._load (internal/modules/cjs/loader.js:556:12)
    at Module.require (internal/modules/cjs/loader.js:683:19)
    at require (internal/modules/cjs/helpers.js:16:16)
    at Object.<anonymous> (C:\Users\Dell\WebstormProjects\web_clb\controllers\controller.index.js:3:19)
    at Module._compile (internal/modules/cjs/loader.js:777:30)
    at Object.Module._extensions..js (internal/modules/cjs/loader.js:788:10)
    at Module.load (internal/modules/cjs/loader.js:643:32)
    at Function.Module._load (internal/modules/cjs/loader.js:556:12)
    at Module.require (internal/modules/cjs/loader.js:683:19)
    at require (internal/modules/cjs/helpers.js:16:16)
March 19th 2020, 9:56:14 pm '[ERROR]': uncaughtException: Unrecognized datatype for attribute "UserGroupRole.status"
Error: Unrecognized datatype for attribute "UserGroupRole.status"
    at C:\Users\Dell\WebstormProjects\web_clb\node_modules\sequelize\lib\model.js:1005:15
    at C:\Users\Dell\WebstormProjects\web_clb\node_modules\lodash\lodash.js:13401:38
    at C:\Users\Dell\WebstormProjects\web_clb\node_modules\lodash\lodash.js:4905:15
    at baseForOwn (C:\Users\Dell\WebstormProjects\web_clb\node_modules\lodash\lodash.js:2990:24)
    at Function.mapValues (C:\Users\Dell\WebstormProjects\web_clb\node_modules\lodash\lodash.js:13400:7)
    at Function.init (C:\Users\Dell\WebstormProjects\web_clb\node_modules\sequelize\lib\model.js:1001:28)
    at Sequelize.define (C:\Users\Dell\WebstormProjects\web_clb\node_modules\sequelize\lib\sequelize.js:428:11)
    at module.exports (C:\Users\Dell\WebstormProjects\web_clb\models\model.userGroupRole.js:4:35)
    at Object.<anonymous> (C:\Users\Dell\WebstormProjects\web_clb\db\index.js:7:66)
    at Module._compile (internal/modules/cjs/loader.js:777:30)
    at Object.Module._extensions..js (internal/modules/cjs/loader.js:788:10)
    at Module.load (internal/modules/cjs/loader.js:643:32)
    at Function.Module._load (internal/modules/cjs/loader.js:556:12)
    at Module.require (internal/modules/cjs/loader.js:683:19)
    at require (internal/modules/cjs/helpers.js:16:16)
    at Object.<anonymous> (C:\Users\Dell\WebstormProjects\web_clb\controllers\controller.index.js:3:19)
    at Module._compile (internal/modules/cjs/loader.js:777:30)
    at Object.Module._extensions..js (internal/modules/cjs/loader.js:788:10)
    at Module.load (internal/modules/cjs/loader.js:643:32)
    at Function.Module._load (internal/modules/cjs/loader.js:556:12)
    at Module.require (internal/modules/cjs/loader.js:683:19)
    at require (internal/modules/cjs/helpers.js:16:16)
March 19th 2020, 9:56:29 pm '[ERROR]': uncaughtException: listen EADDRINUSE: address already in use :::3000
Error: listen EADDRINUSE: address already in use :::3000
    at Server.setupListenHandle [as _listen2] (net.js:1228:14)
    at listenInCluster (net.js:1276:12)
    at Server.listen (net.js:1364:7)
    at Function.listen (C:\Users\Dell\WebstormProjects\web_clb\node_modules\express\lib\application.js:618:24)
    at Object.<anonymous> (C:\Users\Dell\WebstormProjects\web_clb\app.js:13:5)
    at Module._compile (internal/modules/cjs/loader.js:777:30)
    at Object.Module._extensions..js (internal/modules/cjs/loader.js:788:10)
    at Module.load (internal/modules/cjs/loader.js:643:32)
    at Function.Module._load (internal/modules/cjs/loader.js:556:12)
    at Function.Module.runMain (internal/modules/cjs/loader.js:840:10)
March 19th 2020, 9:58:02 pm '[ERROR]': uncaughtException: Unrecognized datatype for attribute "UserGroupRole.status"
Error: Unrecognized datatype for attribute "UserGroupRole.status"
    at C:\Users\Dell\WebstormProjects\web_clb\node_modules\sequelize\lib\model.js:1005:15
    at C:\Users\Dell\WebstormProjects\web_clb\node_modules\lodash\lodash.js:13401:38
    at C:\Users\Dell\WebstormProjects\web_clb\node_modules\lodash\lodash.js:4905:15
    at baseForOwn (C:\Users\Dell\WebstormProjects\web_clb\node_modules\lodash\lodash.js:2990:24)
    at Function.mapValues (C:\Users\Dell\WebstormProjects\web_clb\node_modules\lodash\lodash.js:13400:7)
    at Function.init (C:\Users\Dell\WebstormProjects\web_clb\node_modules\sequelize\lib\model.js:1001:28)
    at Sequelize.define (C:\Users\Dell\WebstormProjects\web_clb\node_modules\sequelize\lib\sequelize.js:428:11)
    at module.exports (C:\Users\Dell\WebstormProjects\web_clb\models\model.userGroupRole.js:4:35)
    at Object.<anonymous> (C:\Users\Dell\WebstormProjects\web_clb\db\index.js:7:66)
    at Module._compile (internal/modules/cjs/loader.js:777:30)
    at Object.Module._extensions..js (internal/modules/cjs/loader.js:788:10)
    at Module.load (internal/modules/cjs/loader.js:643:32)
    at Function.Module._load (internal/modules/cjs/loader.js:556:12)
    at Module.require (internal/modules/cjs/loader.js:683:19)
    at require (internal/modules/cjs/helpers.js:16:16)
    at Object.<anonymous> (C:\Users\Dell\WebstormProjects\web_clb\controllers\controller.index.js:3:19)
    at Module._compile (internal/modules/cjs/loader.js:777:30)
    at Object.Module._extensions..js (internal/modules/cjs/loader.js:788:10)
    at Module.load (internal/modules/cjs/loader.js:643:32)
    at Function.Module._load (internal/modules/cjs/loader.js:556:12)
    at Module.require (internal/modules/cjs/loader.js:683:19)
    at require (internal/modules/cjs/helpers.js:16:16)
March 19th 2020, 9:58:39 pm '[INFO]': server is running in port 3000
March 19th 2020, 9:58:46 pm '[ERROR]': uncaughtException: listen EADDRINUSE: address already in use :::3000
Error: listen EADDRINUSE: address already in use :::3000
    at Server.setupListenHandle [as _listen2] (net.js:1228:14)
    at listenInCluster (net.js:1276:12)
    at Server.listen (net.js:1364:7)
    at Function.listen (C:\Users\Dell\WebstormProjects\web_clb\node_modules\express\lib\application.js:618:24)
    at Object.<anonymous> (C:\Users\Dell\WebstormProjects\web_clb\app.js:13:5)
    at Module._compile (internal/modules/cjs/loader.js:777:30)
    at Object.Module._extensions..js (internal/modules/cjs/loader.js:788:10)
    at Module.load (internal/modules/cjs/loader.js:643:32)
    at Function.Module._load (internal/modules/cjs/loader.js:556:12)
    at Function.Module.runMain (internal/modules/cjs/loader.js:840:10)
March 19th 2020, 9:58:56 pm '[INFO]': server is running in port 3000
March 19th 2020, 9:59:06 pm '[ERROR]': uncaughtException: Unrecognized datatype for attribute "UserGroupRole.status"
Error: Unrecognized datatype for attribute "UserGroupRole.status"
    at C:\Users\Dell\WebstormProjects\web_clb\node_modules\sequelize\lib\model.js:1005:15
    at C:\Users\Dell\WebstormProjects\web_clb\node_modules\lodash\lodash.js:13401:38
    at C:\Users\Dell\WebstormProjects\web_clb\node_modules\lodash\lodash.js:4905:15
    at baseForOwn (C:\Users\Dell\WebstormProjects\web_clb\node_modules\lodash\lodash.js:2990:24)
    at Function.mapValues (C:\Users\Dell\WebstormProjects\web_clb\node_modules\lodash\lodash.js:13400:7)
    at Function.init (C:\Users\Dell\WebstormProjects\web_clb\node_modules\sequelize\lib\model.js:1001:28)
    at Sequelize.define (C:\Users\Dell\WebstormProjects\web_clb\node_modules\sequelize\lib\sequelize.js:428:11)
    at module.exports (C:\Users\Dell\WebstormProjects\web_clb\models\model.userGroupRole.js:4:35)
    at Object.<anonymous> (C:\Users\Dell\WebstormProjects\web_clb\db\index.js:7:66)
    at Module._compile (internal/modules/cjs/loader.js:777:30)
    at Object.Module._extensions..js (internal/modules/cjs/loader.js:788:10)
    at Module.load (internal/modules/cjs/loader.js:643:32)
    at Function.Module._load (internal/modules/cjs/loader.js:556:12)
    at Module.require (internal/modules/cjs/loader.js:683:19)
    at require (internal/modules/cjs/helpers.js:16:16)
    at Object.<anonymous> (C:\Users\Dell\WebstormProjects\web_clb\controllers\controller.index.js:3:19)
    at Module._compile (internal/modules/cjs/loader.js:777:30)
    at Object.Module._extensions..js (internal/modules/cjs/loader.js:788:10)
    at Module.load (internal/modules/cjs/loader.js:643:32)
    at Function.Module._load (internal/modules/cjs/loader.js:556:12)
    at Module.require (internal/modules/cjs/loader.js:683:19)
    at require (internal/modules/cjs/helpers.js:16:16)
March 19th 2020, 9:59:18 pm '[INFO]': server is running in port 3000
March 19th 2020, 9:59:28 pm '[ERROR]': uncaughtException: Unrecognized datatype for attribute "UserGroupRole.status"
Error: Unrecognized datatype for attribute "UserGroupRole.status"
    at C:\Users\Dell\WebstormProjects\web_clb\node_modules\sequelize\lib\model.js:1005:15
    at C:\Users\Dell\WebstormProjects\web_clb\node_modules\lodash\lodash.js:13401:38
    at C:\Users\Dell\WebstormProjects\web_clb\node_modules\lodash\lodash.js:4905:15
    at baseForOwn (C:\Users\Dell\WebstormProjects\web_clb\node_modules\lodash\lodash.js:2990:24)
    at Function.mapValues (C:\Users\Dell\WebstormProjects\web_clb\node_modules\lodash\lodash.js:13400:7)
    at Function.init (C:\Users\Dell\WebstormProjects\web_clb\node_modules\sequelize\lib\model.js:1001:28)
    at Sequelize.define (C:\Users\Dell\WebstormProjects\web_clb\node_modules\sequelize\lib\sequelize.js:428:11)
    at module.exports (C:\Users\Dell\WebstormProjects\web_clb\models\model.userGroupRole.js:4:35)
    at Object.<anonymous> (C:\Users\Dell\WebstormProjects\web_clb\db\index.js:7:66)
    at Module._compile (internal/modules/cjs/loader.js:777:30)
    at Object.Module._extensions..js (internal/modules/cjs/loader.js:788:10)
    at Module.load (internal/modules/cjs/loader.js:643:32)
    at Function.Module._load (internal/modules/cjs/loader.js:556:12)
    at Module.require (internal/modules/cjs/loader.js:683:19)
    at require (internal/modules/cjs/helpers.js:16:16)
    at Object.<anonymous> (C:\Users\Dell\WebstormProjects\web_clb\controllers\controller.index.js:3:19)
    at Module._compile (internal/modules/cjs/loader.js:777:30)
    at Object.Module._extensions..js (internal/modules/cjs/loader.js:788:10)
    at Module.load (internal/modules/cjs/loader.js:643:32)
    at Function.Module._load (internal/modules/cjs/loader.js:556:12)
    at Module.require (internal/modules/cjs/loader.js:683:19)
    at require (internal/modules/cjs/helpers.js:16:16)
March 19th 2020, 9:59:58 pm '[ERROR]': uncaughtException: Unrecognized datatype for attribute "UserGroupRole.status"
Error: Unrecognized datatype for attribute "UserGroupRole.status"
    at C:\Users\Dell\WebstormProjects\web_clb\node_modules\sequelize\lib\model.js:1005:15
    at C:\Users\Dell\WebstormProjects\web_clb\node_modules\lodash\lodash.js:13401:38
    at C:\Users\Dell\WebstormProjects\web_clb\node_modules\lodash\lodash.js:4905:15
    at baseForOwn (C:\Users\Dell\WebstormProjects\web_clb\node_modules\lodash\lodash.js:2990:24)
    at Function.mapValues (C:\Users\Dell\WebstormProjects\web_clb\node_modules\lodash\lodash.js:13400:7)
    at Function.init (C:\Users\Dell\WebstormProjects\web_clb\node_modules\sequelize\lib\model.js:1001:28)
    at Sequelize.define (C:\Users\Dell\WebstormProjects\web_clb\node_modules\sequelize\lib\sequelize.js:428:11)
    at module.exports (C:\Users\Dell\WebstormProjects\web_clb\models\model.userGroupRole.js:4:35)
    at Object.<anonymous> (C:\Users\Dell\WebstormProjects\web_clb\db\index.js:7:66)
    at Module._compile (internal/modules/cjs/loader.js:777:30)
    at Object.Module._extensions..js (internal/modules/cjs/loader.js:788:10)
    at Module.load (internal/modules/cjs/loader.js:643:32)
    at Function.Module._load (internal/modules/cjs/loader.js:556:12)
    at Module.require (internal/modules/cjs/loader.js:683:19)
    at require (internal/modules/cjs/helpers.js:16:16)
    at Object.<anonymous> (C:\Users\Dell\WebstormProjects\web_clb\controllers\controller.index.js:3:19)
    at Module._compile (internal/modules/cjs/loader.js:777:30)
    at Object.Module._extensions..js (internal/modules/cjs/loader.js:788:10)
    at Module.load (internal/modules/cjs/loader.js:643:32)
    at Function.Module._load (internal/modules/cjs/loader.js:556:12)
    at Module.require (internal/modules/cjs/loader.js:683:19)
    at require (internal/modules/cjs/helpers.js:16:16)
March 19th 2020, 10:00:23 pm '[ERROR]': uncaughtException: Unrecognized datatype for attribute "UserGroupRole.status"
Error: Unrecognized datatype for attribute "UserGroupRole.status"
    at C:\Users\Dell\WebstormProjects\web_clb\node_modules\sequelize\lib\model.js:1005:15
    at C:\Users\Dell\WebstormProjects\web_clb\node_modules\lodash\lodash.js:13401:38
    at C:\Users\Dell\WebstormProjects\web_clb\node_modules\lodash\lodash.js:4905:15
    at baseForOwn (C:\Users\Dell\WebstormProjects\web_clb\node_modules\lodash\lodash.js:2990:24)
    at Function.mapValues (C:\Users\Dell\WebstormProjects\web_clb\node_modules\lodash\lodash.js:13400:7)
    at Function.init (C:\Users\Dell\WebstormProjects\web_clb\node_modules\sequelize\lib\model.js:1001:28)
    at Sequelize.define (C:\Users\Dell\WebstormProjects\web_clb\node_modules\sequelize\lib\sequelize.js:428:11)
    at module.exports (C:\Users\Dell\WebstormProjects\web_clb\models\model.userGroupRole.js:4:35)
    at Object.<anonymous> (C:\Users\Dell\WebstormProjects\web_clb\db\index.js:7:66)
    at Module._compile (internal/modules/cjs/loader.js:777:30)
    at Object.Module._extensions..js (internal/modules/cjs/loader.js:788:10)
    at Module.load (internal/modules/cjs/loader.js:643:32)
    at Function.Module._load (internal/modules/cjs/loader.js:556:12)
    at Function.Module.runMain (internal/modules/cjs/loader.js:840:10)
    at internal/main/run_main_module.js:17:11
March 19th 2020, 10:00:37 pm '[ERROR]': uncaughtException: Unrecognized datatype for attribute "UserGroupRole.status"
Error: Unrecognized datatype for attribute "UserGroupRole.status"
    at C:\Users\Dell\WebstormProjects\web_clb\node_modules\sequelize\lib\model.js:1005:15
    at C:\Users\Dell\WebstormProjects\web_clb\node_modules\lodash\lodash.js:13401:38
    at C:\Users\Dell\WebstormProjects\web_clb\node_modules\lodash\lodash.js:4905:15
    at baseForOwn (C:\Users\Dell\WebstormProjects\web_clb\node_modules\lodash\lodash.js:2990:24)
    at Function.mapValues (C:\Users\Dell\WebstormProjects\web_clb\node_modules\lodash\lodash.js:13400:7)
    at Function.init (C:\Users\Dell\WebstormProjects\web_clb\node_modules\sequelize\lib\model.js:1001:28)
    at Sequelize.define (C:\Users\Dell\WebstormProjects\web_clb\node_modules\sequelize\lib\sequelize.js:428:11)
    at module.exports (C:\Users\Dell\WebstormProjects\web_clb\models\model.userGroupRole.js:4:35)
    at Object.<anonymous> (C:\Users\Dell\WebstormProjects\web_clb\db\index.js:7:66)
    at Module._compile (internal/modules/cjs/loader.js:777:30)
    at Object.Module._extensions..js (internal/modules/cjs/loader.js:788:10)
    at Module.load (internal/modules/cjs/loader.js:643:32)
    at Function.Module._load (internal/modules/cjs/loader.js:556:12)
    at Function.Module.runMain (internal/modules/cjs/loader.js:840:10)
    at internal/main/run_main_module.js:17:11
March 19th 2020, 10:01:06 pm '[ERROR]': uncaughtException: Unrecognized datatype for attribute "UserGroupRole.status"
Error: Unrecognized datatype for attribute "UserGroupRole.status"
    at C:\Users\Dell\WebstormProjects\web_clb\node_modules\sequelize\lib\model.js:1005:15
    at C:\Users\Dell\WebstormProjects\web_clb\node_modules\lodash\lodash.js:13401:38
    at C:\Users\Dell\WebstormProjects\web_clb\node_modules\lodash\lodash.js:4905:15
    at baseForOwn (C:\Users\Dell\WebstormProjects\web_clb\node_modules\lodash\lodash.js:2990:24)
    at Function.mapValues (C:\Users\Dell\WebstormProjects\web_clb\node_modules\lodash\lodash.js:13400:7)
    at Function.init (C:\Users\Dell\WebstormProjects\web_clb\node_modules\sequelize\lib\model.js:1001:28)
    at Sequelize.define (C:\Users\Dell\WebstormProjects\web_clb\node_modules\sequelize\lib\sequelize.js:428:11)
    at module.exports (C:\Users\Dell\WebstormProjects\web_clb\models\model.userGroupRole.js:4:35)
    at Object.<anonymous> (C:\Users\Dell\WebstormProjects\web_clb\db\index.js:7:66)
    at Module._compile (internal/modules/cjs/loader.js:777:30)
    at Object.Module._extensions..js (internal/modules/cjs/loader.js:788:10)
    at Module.load (internal/modules/cjs/loader.js:643:32)
    at Function.Module._load (internal/modules/cjs/loader.js:556:12)
    at Function.Module.runMain (internal/modules/cjs/loader.js:840:10)
    at internal/main/run_main_module.js:17:11
March 19th 2020, 10:01:14 pm '[ERROR]': uncaughtException: Unrecognized datatype for attribute "UserGroupRole.status"
Error: Unrecognized datatype for attribute "UserGroupRole.status"
    at C:\Users\Dell\WebstormProjects\web_clb\node_modules\sequelize\lib\model.js:1005:15
    at C:\Users\Dell\WebstormProjects\web_clb\node_modules\lodash\lodash.js:13401:38
    at C:\Users\Dell\WebstormProjects\web_clb\node_modules\lodash\lodash.js:4905:15
    at baseForOwn (C:\Users\Dell\WebstormProjects\web_clb\node_modules\lodash\lodash.js:2990:24)
    at Function.mapValues (C:\Users\Dell\WebstormProjects\web_clb\node_modules\lodash\lodash.js:13400:7)
    at Function.init (C:\Users\Dell\WebstormProjects\web_clb\node_modules\sequelize\lib\model.js:1001:28)
    at Sequelize.define (C:\Users\Dell\WebstormProjects\web_clb\node_modules\sequelize\lib\sequelize.js:428:11)
    at module.exports (C:\Users\Dell\WebstormProjects\web_clb\models\model.userGroupRole.js:4:35)
    at Object.<anonymous> (C:\Users\Dell\WebstormProjects\web_clb\db\index.js:8:66)
    at Module._compile (internal/modules/cjs/loader.js:777:30)
    at Object.Module._extensions..js (internal/modules/cjs/loader.js:788:10)
    at Module.load (internal/modules/cjs/loader.js:643:32)
    at Function.Module._load (internal/modules/cjs/loader.js:556:12)
    at Function.Module.runMain (internal/modules/cjs/loader.js:840:10)
    at internal/main/run_main_module.js:17:11
March 19th 2020, 10:01:22 pm '[ERROR]': uncaughtException: Unrecognized datatype for attribute "UserGroupRole.status"
Error: Unrecognized datatype for attribute "UserGroupRole.status"
    at C:\Users\Dell\WebstormProjects\web_clb\node_modules\sequelize\lib\model.js:1005:15
    at C:\Users\Dell\WebstormProjects\web_clb\node_modules\lodash\lodash.js:13401:38
    at C:\Users\Dell\WebstormProjects\web_clb\node_modules\lodash\lodash.js:4905:15
    at baseForOwn (C:\Users\Dell\WebstormProjects\web_clb\node_modules\lodash\lodash.js:2990:24)
    at Function.mapValues (C:\Users\Dell\WebstormProjects\web_clb\node_modules\lodash\lodash.js:13400:7)
    at Function.init (C:\Users\Dell\WebstormProjects\web_clb\node_modules\sequelize\lib\model.js:1001:28)
    at Sequelize.define (C:\Users\Dell\WebstormProjects\web_clb\node_modules\sequelize\lib\sequelize.js:428:11)
    at module.exports (C:\Users\Dell\WebstormProjects\web_clb\models\model.userGroupRole.js:4:35)
    at Object.<anonymous> (C:\Users\Dell\WebstormProjects\web_clb\db\index.js:8:66)
    at Module._compile (internal/modules/cjs/loader.js:777:30)
    at Object.Module._extensions..js (internal/modules/cjs/loader.js:788:10)
    at Module.load (internal/modules/cjs/loader.js:643:32)
    at Function.Module._load (internal/modules/cjs/loader.js:556:12)
    at Function.Module.runMain (internal/modules/cjs/loader.js:840:10)
    at internal/main/run_main_module.js:17:11
March 19th 2020, 10:01:26 pm '[ERROR]': uncaughtException: Unrecognized datatype for attribute "UserGroupRole.status"
Error: Unrecognized datatype for attribute "UserGroupRole.status"
    at C:\Users\Dell\WebstormProjects\web_clb\node_modules\sequelize\lib\model.js:1005:15
    at C:\Users\Dell\WebstormProjects\web_clb\node_modules\lodash\lodash.js:13401:38
    at C:\Users\Dell\WebstormProjects\web_clb\node_modules\lodash\lodash.js:4905:15
    at baseForOwn (C:\Users\Dell\WebstormProjects\web_clb\node_modules\lodash\lodash.js:2990:24)
    at Function.mapValues (C:\Users\Dell\WebstormProjects\web_clb\node_modules\lodash\lodash.js:13400:7)
    at Function.init (C:\Users\Dell\WebstormProjects\web_clb\node_modules\sequelize\lib\model.js:1001:28)
    at Sequelize.define (C:\Users\Dell\WebstormProjects\web_clb\node_modules\sequelize\lib\sequelize.js:428:11)
    at module.exports (C:\Users\Dell\WebstormProjects\web_clb\models\model.userGroupRole.js:4:35)
    at Object.<anonymous> (C:\Users\Dell\WebstormProjects\web_clb\db\index.js:8:66)
    at Module._compile (internal/modules/cjs/loader.js:777:30)
    at Object.Module._extensions..js (internal/modules/cjs/loader.js:788:10)
    at Module.load (internal/modules/cjs/loader.js:643:32)
    at Function.Module._load (internal/modules/cjs/loader.js:556:12)
    at Function.Module.runMain (internal/modules/cjs/loader.js:840:10)
    at internal/main/run_main_module.js:17:11
March 19th 2020, 10:01:31 pm '[ERROR]': uncaughtException: Unrecognized datatype for attribute "UserGroupRole.status"
Error: Unrecognized datatype for attribute "UserGroupRole.status"
    at C:\Users\Dell\WebstormProjects\web_clb\node_modules\sequelize\lib\model.js:1005:15
    at C:\Users\Dell\WebstormProjects\web_clb\node_modules\lodash\lodash.js:13401:38
    at C:\Users\Dell\WebstormProjects\web_clb\node_modules\lodash\lodash.js:4905:15
    at baseForOwn (C:\Users\Dell\WebstormProjects\web_clb\node_modules\lodash\lodash.js:2990:24)
    at Function.mapValues (C:\Users\Dell\WebstormProjects\web_clb\node_modules\lodash\lodash.js:13400:7)
    at Function.init (C:\Users\Dell\WebstormProjects\web_clb\node_modules\sequelize\lib\model.js:1001:28)
    at Sequelize.define (C:\Users\Dell\WebstormProjects\web_clb\node_modules\sequelize\lib\sequelize.js:428:11)
    at module.exports (C:\Users\Dell\WebstormProjects\web_clb\models\model.userGroupRole.js:4:35)
    at Object.<anonymous> (C:\Users\Dell\WebstormProjects\web_clb\db\index.js:8:66)
    at Module._compile (internal/modules/cjs/loader.js:777:30)
    at Object.Module._extensions..js (internal/modules/cjs/loader.js:788:10)
    at Module.load (internal/modules/cjs/loader.js:643:32)
    at Function.Module._load (internal/modules/cjs/loader.js:556:12)
    at Function.Module.runMain (internal/modules/cjs/loader.js:840:10)
    at internal/main/run_main_module.js:17:11
March 19th 2020, 10:01:35 pm '[ERROR]': uncaughtException: Unrecognized datatype for attribute "UserGroupRole.status"
Error: Unrecognized datatype for attribute "UserGroupRole.status"
    at C:\Users\Dell\WebstormProjects\web_clb\node_modules\sequelize\lib\model.js:1005:15
    at C:\Users\Dell\WebstormProjects\web_clb\node_modules\lodash\lodash.js:13401:38
    at C:\Users\Dell\WebstormProjects\web_clb\node_modules\lodash\lodash.js:4905:15
    at baseForOwn (C:\Users\Dell\WebstormProjects\web_clb\node_modules\lodash\lodash.js:2990:24)
    at Function.mapValues (C:\Users\Dell\WebstormProjects\web_clb\node_modules\lodash\lodash.js:13400:7)
    at Function.init (C:\Users\Dell\WebstormProjects\web_clb\node_modules\sequelize\lib\model.js:1001:28)
    at Sequelize.define (C:\Users\Dell\WebstormProjects\web_clb\node_modules\sequelize\lib\sequelize.js:428:11)
    at module.exports (C:\Users\Dell\WebstormProjects\web_clb\models\model.userGroupRole.js:4:35)
    at Object.<anonymous> (C:\Users\Dell\WebstormProjects\web_clb\db\index.js:8:66)
    at Module._compile (internal/modules/cjs/loader.js:777:30)
    at Object.Module._extensions..js (internal/modules/cjs/loader.js:788:10)
    at Module.load (internal/modules/cjs/loader.js:643:32)
    at Function.Module._load (internal/modules/cjs/loader.js:556:12)
    at Function.Module.runMain (internal/modules/cjs/loader.js:840:10)
    at internal/main/run_main_module.js:17:11
March 19th 2020, 10:01:38 pm '[ERROR]': uncaughtException: userModel is not defined
ReferenceError: userModel is not defined
    at Object.<anonymous> (C:\Users\Dell\WebstormProjects\web_clb\db\index.js:18:17)
    at Module._compile (internal/modules/cjs/loader.js:777:30)
    at Object.Module._extensions..js (internal/modules/cjs/loader.js:788:10)
    at Module.load (internal/modules/cjs/loader.js:643:32)
    at Function.Module._load (internal/modules/cjs/loader.js:556:12)
    at Function.Module.runMain (internal/modules/cjs/loader.js:840:10)
    at internal/main/run_main_module.js:17:11
March 19th 2020, 10:01:41 pm '[ERROR]': uncaughtException: userModel is not defined
ReferenceError: userModel is not defined
    at Object.<anonymous> (C:\Users\Dell\WebstormProjects\web_clb\db\index.js:18:17)
    at Module._compile (internal/modules/cjs/loader.js:777:30)
    at Object.Module._extensions..js (internal/modules/cjs/loader.js:788:10)
    at Module.load (internal/modules/cjs/loader.js:643:32)
    at Function.Module._load (internal/modules/cjs/loader.js:556:12)
    at Function.Module.runMain (internal/modules/cjs/loader.js:840:10)
    at internal/main/run_main_module.js:17:11
March 19th 2020, 10:01:53 pm '[ERROR]': uncaughtException: userModel is not defined
ReferenceError: userModel is not defined
    at Object.<anonymous> (C:\Users\Dell\WebstormProjects\web_clb\db\index.js:18:17)
    at Module._compile (internal/modules/cjs/loader.js:777:30)
    at Object.Module._extensions..js (internal/modules/cjs/loader.js:788:10)
    at Module.load (internal/modules/cjs/loader.js:643:32)
    at Function.Module._load (internal/modules/cjs/loader.js:556:12)
    at Function.Module.runMain (internal/modules/cjs/loader.js:840:10)
    at internal/main/run_main_module.js:17:11
March 19th 2020, 10:02:02 pm '[ERROR]': uncaughtException: Unrecognized datatype for attribute "UserGroupRole.status"
Error: Unrecognized datatype for attribute "UserGroupRole.status"
    at C:\Users\Dell\WebstormProjects\web_clb\node_modules\sequelize\lib\model.js:1005:15
    at C:\Users\Dell\WebstormProjects\web_clb\node_modules\lodash\lodash.js:13401:38
    at C:\Users\Dell\WebstormProjects\web_clb\node_modules\lodash\lodash.js:4905:15
    at baseForOwn (C:\Users\Dell\WebstormProjects\web_clb\node_modules\lodash\lodash.js:2990:24)
    at Function.mapValues (C:\Users\Dell\WebstormProjects\web_clb\node_modules\lodash\lodash.js:13400:7)
    at Function.init (C:\Users\Dell\WebstormProjects\web_clb\node_modules\sequelize\lib\model.js:1001:28)
    at Sequelize.define (C:\Users\Dell\WebstormProjects\web_clb\node_modules\sequelize\lib\sequelize.js:428:11)
    at module.exports (C:\Users\Dell\WebstormProjects\web_clb\models\model.userGroupRole.js:4:35)
    at Object.<anonymous> (C:\Users\Dell\WebstormProjects\web_clb\db\index.js:8:66)
    at Module._compile (internal/modules/cjs/loader.js:777:30)
    at Object.Module._extensions..js (internal/modules/cjs/loader.js:788:10)
    at Module.load (internal/modules/cjs/loader.js:643:32)
    at Function.Module._load (internal/modules/cjs/loader.js:556:12)
    at Function.Module.runMain (internal/modules/cjs/loader.js:840:10)
    at internal/main/run_main_module.js:17:11
March 19th 2020, 10:03:12 pm '[ERROR]': uncaughtException: Unrecognized datatype for attribute "UserGroupRole.status"
Error: Unrecognized datatype for attribute "UserGroupRole.status"
    at C:\Users\Dell\WebstormProjects\web_clb\node_modules\sequelize\lib\model.js:1005:15
    at C:\Users\Dell\WebstormProjects\web_clb\node_modules\lodash\lodash.js:13401:38
    at C:\Users\Dell\WebstormProjects\web_clb\node_modules\lodash\lodash.js:4905:15
    at baseForOwn (C:\Users\Dell\WebstormProjects\web_clb\node_modules\lodash\lodash.js:2990:24)
    at Function.mapValues (C:\Users\Dell\WebstormProjects\web_clb\node_modules\lodash\lodash.js:13400:7)
    at Function.init (C:\Users\Dell\WebstormProjects\web_clb\node_modules\sequelize\lib\model.js:1001:28)
    at Sequelize.define (C:\Users\Dell\WebstormProjects\web_clb\node_modules\sequelize\lib\sequelize.js:428:11)
    at module.exports (C:\Users\Dell\WebstormProjects\web_clb\models\model.userGroupRole.js:4:35)
    at Object.<anonymous> (C:\Users\Dell\WebstormProjects\web_clb\db\index.js:8:66)
    at Module._compile (internal/modules/cjs/loader.js:777:30)
    at Object.Module._extensions..js (internal/modules/cjs/loader.js:788:10)
    at Module.load (internal/modules/cjs/loader.js:643:32)
    at Function.Module._load (internal/modules/cjs/loader.js:556:12)
    at Function.Module.runMain (internal/modules/cjs/loader.js:840:10)
    at internal/main/run_main_module.js:17:11
March 19th 2020, 10:03:15 pm '[ERROR]': uncaughtException: userModel is not defined
ReferenceError: userModel is not defined
    at Object.<anonymous> (C:\Users\Dell\WebstormProjects\web_clb\db\index.js:18:17)
    at Module._compile (internal/modules/cjs/loader.js:777:30)
    at Object.Module._extensions..js (internal/modules/cjs/loader.js:788:10)
    at Module.load (internal/modules/cjs/loader.js:643:32)
    at Function.Module._load (internal/modules/cjs/loader.js:556:12)
    at Function.Module.runMain (internal/modules/cjs/loader.js:840:10)
    at internal/main/run_main_module.js:17:11
March 19th 2020, 10:03:28 pm '[ERROR]': uncaughtException: userGroupRoleModel is not defined
ReferenceError: userGroupRoleModel is not defined
    at Object.<anonymous> (C:\Users\Dell\WebstormProjects\web_clb\db\index.js:22:26)
    at Module._compile (internal/modules/cjs/loader.js:777:30)
    at Object.Module._extensions..js (internal/modules/cjs/loader.js:788:10)
    at Module.load (internal/modules/cjs/loader.js:643:32)
    at Function.Module._load (internal/modules/cjs/loader.js:556:12)
    at Function.Module.runMain (internal/modules/cjs/loader.js:840:10)
    at internal/main/run_main_module.js:17:11
March 19th 2020, 10:04:25 pm '[ERROR]': uncaughtException: userGroupRoleModel is not defined
ReferenceError: userGroupRoleModel is not defined
    at Object.<anonymous> (C:\Users\Dell\WebstormProjects\web_clb\db\index.js:22:26)
    at Module._compile (internal/modules/cjs/loader.js:777:30)
    at Object.Module._extensions..js (internal/modules/cjs/loader.js:788:10)
    at Module.load (internal/modules/cjs/loader.js:643:32)
    at Function.Module._load (internal/modules/cjs/loader.js:556:12)
    at Function.Module.runMain (internal/modules/cjs/loader.js:840:10)
    at internal/main/run_main_module.js:17:11
March 19th 2020, 10:04:31 pm '[ERROR]': uncaughtException: Unrecognized datatype for attribute "UserGroupRole.status"
Error: Unrecognized datatype for attribute "UserGroupRole.status"
    at C:\Users\Dell\WebstormProjects\web_clb\node_modules\sequelize\lib\model.js:1005:15
    at C:\Users\Dell\WebstormProjects\web_clb\node_modules\lodash\lodash.js:13401:38
    at C:\Users\Dell\WebstormProjects\web_clb\node_modules\lodash\lodash.js:4905:15
    at baseForOwn (C:\Users\Dell\WebstormProjects\web_clb\node_modules\lodash\lodash.js:2990:24)
    at Function.mapValues (C:\Users\Dell\WebstormProjects\web_clb\node_modules\lodash\lodash.js:13400:7)
    at Function.init (C:\Users\Dell\WebstormProjects\web_clb\node_modules\sequelize\lib\model.js:1001:28)
    at Sequelize.define (C:\Users\Dell\WebstormProjects\web_clb\node_modules\sequelize\lib\sequelize.js:428:11)
    at module.exports (C:\Users\Dell\WebstormProjects\web_clb\models\model.userGroupRole.js:4:35)
    at Object.<anonymous> (C:\Users\Dell\WebstormProjects\web_clb\db\index.js:8:66)
    at Module._compile (internal/modules/cjs/loader.js:777:30)
    at Object.Module._extensions..js (internal/modules/cjs/loader.js:788:10)
    at Module.load (internal/modules/cjs/loader.js:643:32)
    at Function.Module._load (internal/modules/cjs/loader.js:556:12)
    at Function.Module.runMain (internal/modules/cjs/loader.js:840:10)
    at internal/main/run_main_module.js:17:11
March 19th 2020, 10:07:19 pm '[INFO]': server is running in port 3000
